
Select node 147, Score 1.2928589582443237
Select node 803, Score 1.2928589582443237
node selection finished
len of idx_train after node selection 13: 116
xxxxxxxxxxxxxxxxxxxxxxxxxxxxxxxxxxx  Evaluation begin  xxxxxxxxxxxxxxxxxxxxxxxxxxxxxxxxxxxxxxxxxxxx
Validation loss decreased (inf --> 2.768).  Saving model ...
Validation loss decreased (2.768 --> 2.498).  Saving model ...
Validation loss decreased (2.498 --> 1.391).  Saving model ...
Validation loss decreased (1.391 --> 1.180).  Saving model ...
Validation loss decreased (1.180 --> 1.030).  Saving model ...
Validation loss decreased (1.030 --> 0.886).  Saving model ...
Validation loss decreased (0.886 --> 0.838).  Saving model ...
Validation loss decreased (0.838 --> 0.810).  Saving model ...
############################################################################
GCN Epoch 010
train_loss: 1.1661, val_loss: 0.8685, val_test: 0.8681
current val_acc: 0.6120 
current test_acc: 0.6382 
############################################################################
Validation loss decreased (0.810 --> 0.723).  Saving model ...
Validation loss decreased (0.723 --> 0.609).  Saving model ...
Validation loss decreased (0.609 --> 0.589).  Saving model ...
Validation loss decreased (0.589 --> 0.544).  Saving model ...
############################################################################
GCN Epoch 020
train_loss: 0.9982, val_loss: 0.6382, val_test: 0.6630
current val_acc: 0.8600 
current test_acc: 0.8423 
############################################################################
############################################################################
GCN Epoch 030
train_loss: 0.9068, val_loss: 0.5288, val_test: 0.5630
current val_acc: 0.8320 
current test_acc: 0.8349 
############################################################################
Validation loss decreased (0.544 --> 0.529).  Saving model ...
Validation loss decreased (0.529 --> 0.515).  Saving model ...
Validation loss decreased (0.515 --> 0.502).  Saving model ...
Validation loss decreased (0.502 --> 0.488).  Saving model ...
############################################################################
GCN Epoch 040
train_loss: 0.8494, val_loss: 0.4253, val_test: 0.4465
current val_acc: 0.9040 
current test_acc: 0.9017 
############################################################################
Validation loss decreased (0.488 --> 0.425).  Saving model ...
############################################################################
GCN Epoch 050
train_loss: 1.0580, val_loss: 0.5752, val_test: 0.5767
current val_acc: 0.8420 
current test_acc: 0.8460 
############################################################################
############################################################################
GCN Epoch 060
train_loss: 0.8824, val_loss: 0.5359, val_test: 0.5746
current val_acc: 0.8200 
current test_acc: 0.8126 
############################################################################
############################################################################
GCN Epoch 070
train_loss: 0.9969, val_loss: 0.6716, val_test: 0.7125
current val_acc: 0.7460 
current test_acc: 0.7514 
############################################################################
############################################################################
GCN Epoch 080
train_loss: 1.0378, val_loss: 0.5252, val_test: 0.5319
current val_acc: 0.8340 
current test_acc: 0.8404 
############################################################################
############################################################################
GCN Epoch 090
train_loss: 0.8887, val_loss: 0.5733, val_test: 0.5873
current val_acc: 0.8420 
current test_acc: 0.8312 
############################################################################
############################################################################
GCN Epoch 100
train_loss: 0.9479, val_loss: 0.5564, val_test: 0.5861
current val_acc: 0.7940 
current test_acc: 0.7829 
############################################################################
############################################################################
GCN Epoch 110
train_loss: 0.9273, val_loss: 0.5972, val_test: 0.6148
current val_acc: 0.8500 
current test_acc: 0.8479 
############################################################################
############################################################################
GCN Epoch 120
train_loss: 0.9799, val_loss: 0.5207, val_test: 0.5305
current val_acc: 0.8520 
current test_acc: 0.8423 
############################################################################
############################################################################
GCN Epoch 130
train_loss: 1.0052, val_loss: 0.5303, val_test: 0.5432
current val_acc: 0.8180 
current test_acc: 0.8256 
############################################################################
############################################################################
GCN Epoch 140
train_loss: 0.8192, val_loss: 0.5804, val_test: 0.6152
current val_acc: 0.7860 
current test_acc: 0.7792 
############################################################################
Early stopped at epoch:  139
Optimization Finished!
Test accuracy 0.9017
Total time elapsed: 1.4842s
Best 10 checkpoints: 
0.914 0.9128014842300557
0.912 0.9035250463821892
0.904 0.901669758812616
0.902 0.914656771799629
0.888 0.888682745825603
0.886 0.8664192949907236
0.884 0.8794063079777366
0.882 0.87569573283859
0.88 0.8719851576994434
0.878 0.8775510204081632
Test accuracy of model with best validation metric: 
[0.78107607 0.81447124 0.87012987 0.87569573 0.85343228 0.89239332
 0.91651206 0.90909091 0.89424861 0.89424861 0.91280148 0.90538033
 0.90909091 0.91280148]
xxxxxxxxxxxxxxxxxxxxxxxxxxxxxxxxxxxxxx  Evaluation end  xxxxxxxxxxxxxxxxxxxxxxxxxxxxxxxxxxxxxxxxxxx
iteration: 14
Early stopped at epoch:  0
Iteration: 0014 acc_val: 0.9040 acc_test: 0.9017
len of idx_train before node selection 14: 116
Start to select nodes
Select node 1377, Score 1.2270146608352661
Select node 144, Score 1.2214025259017944
Select node 1180, Score 1.1971336603164673
Select node 772, Score 1.1919511556625366
Select node 721, Score 1.1710562705993652
Select node 897, Score 1.1543697118759155
Select node 1443, Score 1.1527230739593506
node selection finished
len of idx_train after node selection 14: 123
xxxxxxxxxxxxxxxxxxxxxxxxxxxxxxxxxxx  Evaluation begin  xxxxxxxxxxxxxxxxxxxxxxxxxxxxxxxxxxxxxxxxxxxx
Validation loss decreased (inf --> 2.639).  Saving model ...
Validation loss decreased (2.639 --> 1.917).  Saving model ...
Validation loss decreased (1.917 --> 1.486).  Saving model ...
Validation loss decreased (1.486 --> 1.210).  Saving model ...
Validation loss decreased (1.210 --> 1.177).  Saving model ...
Validation loss decreased (1.177 --> 1.156).  Saving model ...
Validation loss decreased (1.156 --> 1.080).  Saving model ...
Validation loss decreased (1.080 --> 1.029).  Saving model ...
############################################################################
GCN Epoch 010
train_loss: 1.4428, val_loss: 0.9938, val_test: 1.0020
current val_acc: 0.7940 
current test_acc: 0.7811 
############################################################################
Validation loss decreased (1.029 --> 0.994).  Saving model ...
Validation loss decreased (0.994 --> 0.972).  Saving model ...
Validation loss decreased (0.972 --> 0.895).  Saving model ...
Validation loss decreased (0.895 --> 0.836).  Saving model ...
Validation loss decreased (0.836 --> 0.780).  Saving model ...
Validation loss decreased (0.780 --> 0.727).  Saving model ...
Validation loss decreased (0.727 --> 0.705).  Saving model ...
############################################################################
GCN Epoch 020
train_loss: 1.1757, val_loss: 0.8168, val_test: 0.8181
current val_acc: 0.7460 
current test_acc: 0.7347 
############################################################################
Validation loss decreased (0.705 --> 0.686).  Saving model ...
Validation loss decreased (0.686 --> 0.679).  Saving model ...
Validation loss decreased (0.679 --> 0.655).  Saving model ...
############################################################################
GCN Epoch 030
train_loss: 1.1028, val_loss: 0.6402, val_test: 0.6261
current val_acc: 0.8640 
current test_acc: 0.8738 
############################################################################
Validation loss decreased (0.655 --> 0.640).  Saving model ...
Validation loss decreased (0.640 --> 0.635).  Saving model ...
Validation loss decreased (0.635 --> 0.573).  Saving model ...
Validation loss decreased (0.573 --> 0.557).  Saving model ...
############################################################################
GCN Epoch 040
train_loss: 0.9792, val_loss: 0.5890, val_test: 0.5809
current val_acc: 0.8280 
current test_acc: 0.8423 
############################################################################
############################################################################
GCN Epoch 050
train_loss: 1.0723, val_loss: 0.6027, val_test: 0.6015
current val_acc: 0.7960 
current test_acc: 0.7829 
############################################################################
############################################################################
GCN Epoch 060
train_loss: 1.1199, val_loss: 0.6219, val_test: 0.6187
current val_acc: 0.7920 
current test_acc: 0.7922 
############################################################################
Validation loss decreased (0.557 --> 0.540).  Saving model ...
Validation loss decreased (0.540 --> 0.535).  Saving model ...
############################################################################
GCN Epoch 070
train_loss: 0.8670, val_loss: 0.4949, val_test: 0.5001
current val_acc: 0.8720 
current test_acc: 0.8924 
############################################################################
Validation loss decreased (0.535 --> 0.495).  Saving model ...
Validation loss decreased (0.495 --> 0.479).  Saving model ...
############################################################################
GCN Epoch 080
train_loss: 0.9176, val_loss: 0.4797, val_test: 0.5031
current val_acc: 0.8600 
current test_acc: 0.8330 
############################################################################
############################################################################
GCN Epoch 090
train_loss: 0.9670, val_loss: 0.5118, val_test: 0.5284
current val_acc: 0.8500 
current test_acc: 0.8571 
############################################################################
############################################################################
GCN Epoch 100
train_loss: 1.0381, val_loss: 0.5040, val_test: 0.5107
current val_acc: 0.8700 
current test_acc: 0.8850 
############################################################################
############################################################################
GCN Epoch 110
train_loss: 0.8878, val_loss: 0.5462, val_test: 0.5342
current val_acc: 0.8940 
current test_acc: 0.8961 
############################################################################
############################################################################
GCN Epoch 120
train_loss: 0.9109, val_loss: 0.4840, val_test: 0.4868
current val_acc: 0.8940 
current test_acc: 0.9147 
############################################################################
Validation loss decreased (0.479 --> 0.468).  Saving model ...
Validation loss decreased (0.468 --> 0.459).  Saving model ...
############################################################################
GCN Epoch 130
train_loss: 0.8939, val_loss: 0.4981, val_test: 0.5211
current val_acc: 0.8440 
current test_acc: 0.8312 
############################################################################
Validation loss decreased (0.459 --> 0.451).  Saving model ...
Validation loss decreased (0.451 --> 0.427).  Saving model ...
############################################################################
GCN Epoch 140
train_loss: 0.8858, val_loss: 0.4779, val_test: 0.4724
current val_acc: 0.8420 
current test_acc: 0.8646 
############################################################################
############################################################################
GCN Epoch 150
train_loss: 0.9031, val_loss: 0.5275, val_test: 0.5140
current val_acc: 0.8560 
current test_acc: 0.8553 
############################################################################
############################################################################
GCN Epoch 160
train_loss: 0.9228, val_loss: 0.5392, val_test: 0.5310
current val_acc: 0.8520 
current test_acc: 0.8479 
############################################################################
############################################################################
GCN Epoch 170
train_loss: 0.7728, val_loss: 0.4359, val_test: 0.4385
current val_acc: 0.8800 
current test_acc: 0.8887 
############################################################################
############################################################################
GCN Epoch 180
train_loss: 0.8613, val_loss: 0.5321, val_test: 0.5272
current val_acc: 0.8480 
current test_acc: 0.8609 
############################################################################
############################################################################
GCN Epoch 190
train_loss: 0.8615, val_loss: 0.4786, val_test: 0.4763
current val_acc: 0.8860 
current test_acc: 0.8924 
############################################################################
############################################################################
GCN Epoch 200
train_loss: 0.9742, val_loss: 0.5586, val_test: 0.5691
current val_acc: 0.8240 
current test_acc: 0.8108 
############################################################################
############################################################################
GCN Epoch 210
train_loss: 0.9106, val_loss: 0.5625, val_test: 0.5631
current val_acc: 0.8340 
current test_acc: 0.8237 
############################################################################
############################################################################
GCN Epoch 220
train_loss: 0.8155, val_loss: 0.5005, val_test: 0.4927
current val_acc: 0.8540 
current test_acc: 0.8776 
############################################################################
############################################################################
GCN Epoch 230
train_loss: 0.8873, val_loss: 0.4663, val_test: 0.4723
current val_acc: 0.8840 
current test_acc: 0.8924 
############################################################################
Early stopped at epoch:  231
Optimization Finished!
Test accuracy 0.8924
Total time elapsed: 2.4589s
Best 10 checkpoints: 
0.918 0.9183673469387755
0.916 0.914656771799629
0.914 0.9109461966604824
0.908 0.8923933209647495
0.906 0.9128014842300557
0.902 0.8961038961038961
0.9 0.9072356215213359
0.896 0.914656771799629
0.894 0.914656771799629
0.892 0.8998144712430427
Test accuracy of model with best validation metric: 
[0.78107607 0.81447124 0.87012987 0.87569573 0.85343228 0.89239332
 0.91651206 0.90909091 0.89424861 0.89424861 0.91280148 0.90538033
 0.90909091 0.91280148 0.91836735]
xxxxxxxxxxxxxxxxxxxxxxxxxxxxxxxxxxxxxx  Evaluation end  xxxxxxxxxxxxxxxxxxxxxxxxxxxxxxxxxxxxxxxxxxx
iteration: 15
Early stopped at epoch:  0
Iteration: 0015 acc_val: 0.9020 acc_test: 0.8924
len of idx_train before node selection 15: 123
Start to select nodes
Select node 1081, Score 1.3330819606781006
Select node 1407, Score 1.3281452655792236
Select node 703, Score 1.3162205219268799
Select node 1070, Score 1.3162205219268799
Select node 786, Score 1.3162205219268799
Select node 1404, Score 1.306321620941162
Select node 1498, Score 1.2397805452346802
node selection finished
len of idx_train after node selection 15: 130
xxxxxxxxxxxxxxxxxxxxxxxxxxxxxxxxxxx  Evaluation begin  xxxxxxxxxxxxxxxxxxxxxxxxxxxxxxxxxxxxxxxxxxxx
Validation loss decreased (inf --> 2.546).  Saving model ...
Validation loss decreased (2.546 --> 1.688).  Saving model ...
Validation loss decreased (1.688 --> 1.341).  Saving model ...
Validation loss decreased (1.341 --> 1.174).  Saving model ...
Validation loss decreased (1.174 --> 1.049).  Saving model ...
Validation loss decreased (1.049 --> 0.970).  Saving model ...
Validation loss decreased (0.970 --> 0.939).  Saving model ...
############################################################################
GCN Epoch 010
train_loss: 1.4030, val_loss: 0.9271, val_test: 0.9133
current val_acc: 0.6960 
current test_acc: 0.6976 
############################################################################
Validation loss decreased (0.939 --> 0.927).  Saving model ...
Validation loss decreased (0.927 --> 0.872).  Saving model ...
Validation loss decreased (0.872 --> 0.747).  Saving model ...
Validation loss decreased (0.747 --> 0.710).  Saving model ...
############################################################################
GCN Epoch 020
train_loss: 1.2600, val_loss: 0.7876, val_test: 0.7693
current val_acc: 0.8120 
current test_acc: 0.8312 
############################################################################
Validation loss decreased (0.710 --> 0.690).  Saving model ...
Validation loss decreased (0.690 --> 0.678).  Saving model ...
############################################################################
GCN Epoch 030
train_loss: 1.1336, val_loss: 0.7556, val_test: 0.7441
current val_acc: 0.8000 
current test_acc: 0.7904 
############################################################################
Validation loss decreased (0.678 --> 0.632).  Saving model ...
Validation loss decreased (0.632 --> 0.603).  Saving model ...
Validation loss decreased (0.603 --> 0.568).  Saving model ...
############################################################################
GCN Epoch 040
train_loss: 0.9781, val_loss: 0.5672, val_test: 0.5916
current val_acc: 0.8060 
current test_acc: 0.8089 
############################################################################
Validation loss decreased (0.568 --> 0.561).  Saving model ...
Validation loss decreased (0.561 --> 0.538).  Saving model ...
############################################################################
GCN Epoch 050
train_loss: 1.0050, val_loss: 0.6233, val_test: 0.6462
current val_acc: 0.7920 
current test_acc: 0.7866 
############################################################################
Validation loss decreased (0.538 --> 0.476).  Saving model ...
Validation loss decreased (0.476 --> 0.469).  Saving model ...
############################################################################
GCN Epoch 060
train_loss: 1.0186, val_loss: 0.7030, val_test: 0.6946
current val_acc: 0.7820 
current test_acc: 0.7848 
############################################################################
############################################################################
GCN Epoch 070
train_loss: 1.0063, val_loss: 0.5373, val_test: 0.5502
current val_acc: 0.8820 
current test_acc: 0.8776 
############################################################################
Validation loss decreased (0.469 --> 0.462).  Saving model ...
############################################################################
GCN Epoch 080
train_loss: 1.0119, val_loss: 0.6011, val_test: 0.6104
current val_acc: 0.8600 
current test_acc: 0.8553 
############################################################################
############################################################################
GCN Epoch 090
train_loss: 0.9854, val_loss: 0.5424, val_test: 0.5551
current val_acc: 0.7920 
current test_acc: 0.7904 
############################################################################
############################################################################
GCN Epoch 100
train_loss: 0.9634, val_loss: 0.6383, val_test: 0.6233
current val_acc: 0.7740 
current test_acc: 0.7848 
############################################################################
############################################################################
GCN Epoch 110
train_loss: 1.0682, val_loss: 0.4567, val_test: 0.4540
current val_acc: 0.8960 
current test_acc: 0.8980 
############################################################################
Validation loss decreased (0.462 --> 0.457).  Saving model ...
Validation loss decreased (0.457 --> 0.433).  Saving model ...
############################################################################
GCN Epoch 120
train_loss: 0.9844, val_loss: 0.4215, val_test: 0.4185
current val_acc: 0.9020 
current test_acc: 0.9072 
############################################################################
Validation loss decreased (0.433 --> 0.422).  Saving model ...
############################################################################
GCN Epoch 130
train_loss: 0.8378, val_loss: 0.4649, val_test: 0.4662
current val_acc: 0.8960 
current test_acc: 0.8905 
############################################################################
############################################################################
GCN Epoch 140
train_loss: 0.8664, val_loss: 0.5620, val_test: 0.5520
current val_acc: 0.8680 
current test_acc: 0.8701 
############################################################################
############################################################################
GCN Epoch 150
train_loss: 0.8684, val_loss: 0.5477, val_test: 0.5649
current val_acc: 0.8380 
current test_acc: 0.8312 
############################################################################
############################################################################
GCN Epoch 160
train_loss: 0.9360, val_loss: 0.5864, val_test: 0.5951
current val_acc: 0.8180 
current test_acc: 0.8052 
############################################################################
############################################################################
GCN Epoch 170
train_loss: 0.9701, val_loss: 0.5379, val_test: 0.5528
current val_acc: 0.8200 
current test_acc: 0.8219 
############################################################################
############################################################################
GCN Epoch 180
train_loss: 0.8767, val_loss: 0.5074, val_test: 0.5088
current val_acc: 0.8720 
current test_acc: 0.8701 
############################################################################
############################################################################
GCN Epoch 190
train_loss: 1.0068, val_loss: 0.5771, val_test: 0.5681
current val_acc: 0.8700 
current test_acc: 0.8738 
############################################################################
############################################################################
GCN Epoch 200
train_loss: 0.8950, val_loss: 0.4842, val_test: 0.4760
current val_acc: 0.8620 
current test_acc: 0.8794 
############################################################################
############################################################################
GCN Epoch 210
train_loss: 0.8305, val_loss: 0.4569, val_test: 0.4737
current val_acc: 0.8480 
current test_acc: 0.8479 
############################################################################
############################################################################
GCN Epoch 220
train_loss: 0.8281, val_loss: 0.5924, val_test: 0.5989
current val_acc: 0.8040 
current test_acc: 0.7922 
############################################################################
Early stopped at epoch:  219
Optimization Finished!
Test accuracy 0.9072
Total time elapsed: 2.3433s
Best 10 checkpoints: 
0.91 0.9109461966604824
0.902 0.9072356215213359
0.9 0.9053803339517625
0.898 0.888682745825603
0.896 0.8905380333951762
0.894 0.8961038961038961
0.89 0.888682745825603
0.888 0.8608534322820037
0.886 0.9035250463821892
0.884 0.8942486085343229
Test accuracy of model with best validation metric: 
[0.78107607 0.81447124 0.87012987 0.87569573 0.85343228 0.89239332
 0.91651206 0.90909091 0.89424861 0.89424861 0.91280148 0.90538033
 0.90909091 0.91280148 0.91836735 0.9109462 ]
xxxxxxxxxxxxxxxxxxxxxxxxxxxxxxxxxxxxxx  Evaluation end  xxxxxxxxxxxxxxxxxxxxxxxxxxxxxxxxxxxxxxxxxxx
iteration: 16
Early stopped at epoch:  0
Iteration: 0016 acc_val: 0.9020 acc_test: 0.9072
len of idx_train before node selection 16: 130
Start to select nodes
Select node 1176, Score 1.2853385210037231
Select node 1365, Score 1.2635669708251953
Select node 1146, Score 1.210748553276062
Select node 1139, Score 1.1909873485565186
Select node 1609, Score 1.1852308511734009
Select node 679, Score 1.171777606010437
Select node 114, Score 1.1710963249206543
node selection finished
len of idx_train after node selection 16: 137
xxxxxxxxxxxxxxxxxxxxxxxxxxxxxxxxxxx  Evaluation begin  xxxxxxxxxxxxxxxxxxxxxxxxxxxxxxxxxxxxxxxxxxxx
Validation loss decreased (inf --> 2.938).  Saving model ...
Validation loss decreased (2.938 --> 2.725).  Saving model ...
Validation loss decreased (2.725 --> 1.914).  Saving model ...
Validation loss decreased (1.914 --> 1.170).  Saving model ...
Validation loss decreased (1.170 --> 1.164).  Saving model ...
Validation loss decreased (1.164 --> 0.978).  Saving model ...
Validation loss decreased (0.978 --> 0.864).  Saving model ...
############################################################################
GCN Epoch 010
train_loss: 1.3252, val_loss: 0.8580, val_test: 0.8609
current val_acc: 0.6040 
current test_acc: 0.6289 
############################################################################
Validation loss decreased (0.864 --> 0.858).  Saving model ...
Validation loss decreased (0.858 --> 0.810).  Saving model ...
Validation loss decreased (0.810 --> 0.791).  Saving model ...
Validation loss decreased (0.791 --> 0.748).  Saving model ...
Validation loss decreased (0.748 --> 0.709).  Saving model ...
Validation loss decreased (0.709 --> 0.697).  Saving model ...
############################################################################
GCN Epoch 020
train_loss: 1.0393, val_loss: 0.6930, val_test: 0.6988
current val_acc: 0.8440 
current test_acc: 0.8442 
############################################################################
Validation loss decreased (0.697 --> 0.685).  Saving model ...
Validation loss decreased (0.685 --> 0.644).  Saving model ...
############################################################################
GCN Epoch 030
train_loss: 1.0089, val_loss: 0.6584, val_test: 0.6633
current val_acc: 0.7780 
current test_acc: 0.7866 
############################################################################
Validation loss decreased (0.644 --> 0.635).  Saving model ...
############################################################################
GCN Epoch 040
train_loss: 1.0233, val_loss: 0.6612, val_test: 0.6716
current val_acc: 0.7640 
current test_acc: 0.7681 
############################################################################
Validation loss decreased (0.635 --> 0.570).  Saving model ...
Validation loss decreased (0.570 --> 0.555).  Saving model ...
############################################################################
GCN Epoch 050
train_loss: 1.1090, val_loss: 0.5645, val_test: 0.5811
current val_acc: 0.8160 
current test_acc: 0.8182 
############################################################################
Validation loss decreased (0.555 --> 0.505).  Saving model ...
Validation loss decreased (0.505 --> 0.497).  Saving model ...
############################################################################
GCN Epoch 060
train_loss: 0.9153, val_loss: 0.4629, val_test: 0.4737
current val_acc: 0.8680 
current test_acc: 0.8738 
############################################################################
Validation loss decreased (0.497 --> 0.463).  Saving model ...
############################################################################
GCN Epoch 070
train_loss: 1.0953, val_loss: 0.4745, val_test: 0.4922
current val_acc: 0.8460 
current test_acc: 0.8497 
############################################################################
Validation loss decreased (0.463 --> 0.442).  Saving model ...
############################################################################
GCN Epoch 080
train_loss: 0.8828, val_loss: 0.6930, val_test: 0.6814
current val_acc: 0.8160 
current test_acc: 0.7699 
############################################################################
############################################################################
GCN Epoch 090
train_loss: 0.9084, val_loss: 0.5845, val_test: 0.5861
current val_acc: 0.8320 
current test_acc: 0.8200 
############################################################################
############################################################################
GCN Epoch 100
train_loss: 0.9156, val_loss: 0.5990, val_test: 0.6063
current val_acc: 0.8580 
current test_acc: 0.8590 
############################################################################
############################################################################
GCN Epoch 110
train_loss: 0.9327, val_loss: 0.6228, val_test: 0.6258
current val_acc: 0.8080 
current test_acc: 0.8145 
############################################################################
############################################################################
GCN Epoch 120
train_loss: 0.9136, val_loss: 0.6604, val_test: 0.6715
current val_acc: 0.7960 
current test_acc: 0.8015 
############################################################################
############################################################################
GCN Epoch 130
train_loss: 0.9463, val_loss: 0.5858, val_test: 0.6091
current val_acc: 0.8120 
current test_acc: 0.7978 
############################################################################
############################################################################
GCN Epoch 140
train_loss: 0.8861, val_loss: 0.5971, val_test: 0.5944
current val_acc: 0.8700 
current test_acc: 0.8757 
############################################################################
############################################################################
GCN Epoch 150
train_loss: 1.0043, val_loss: 0.5903, val_test: 0.5959
current val_acc: 0.8420 
current test_acc: 0.8571 
############################################################################
############################################################################
GCN Epoch 160
train_loss: 0.8150, val_loss: 0.5345, val_test: 0.5366
current val_acc: 0.8740 
current test_acc: 0.8664 
############################################################################
############################################################################
GCN Epoch 170
train_loss: 0.9731, val_loss: 0.5710, val_test: 0.5752
current val_acc: 0.8500 
current test_acc: 0.8590 
############################################################################
Early stopped at epoch:  176
Optimization Finished!
Test accuracy 0.8293
Total time elapsed: 1.8811s
Best 10 checkpoints: 
0.9 0.901669758812616
0.89 0.8923933209647495
0.88 0.8812615955473099
0.878 0.8812615955473099
0.876 0.8849721706864564
0.874 0.8738404452690167
0.872 0.8831168831168831
0.87 0.87569573283859
0.868 0.8738404452690167
0.866 0.8571428571428572
Test accuracy of model with best validation metric: 
[0.78107607 0.81447124 0.87012987 0.87569573 0.85343228 0.89239332
 0.91651206 0.90909091 0.89424861 0.89424861 0.91280148 0.90538033
 0.90909091 0.91280148 0.91836735 0.9109462  0.90166976]
xxxxxxxxxxxxxxxxxxxxxxxxxxxxxxxxxxxxxx  Evaluation end  xxxxxxxxxxxxxxxxxxxxxxxxxxxxxxxxxxxxxxxxxxx
iteration: 17
Early stopped at epoch:  0
Iteration: 0017 acc_val: 0.8180 acc_test: 0.8293
len of idx_train before node selection 17: 137
Start to select nodes
Select node 1447, Score 1.325072169303894
Select node 909, Score 1.2879377603530884
Select node 967, Score 1.2680811882019043
Select node 1189, Score 1.2269163131713867
Select node 1128, Score 1.1918814182281494
Select node 730, Score 1.1865886449813843
Select node 1060, Score 1.1750766038894653
node selection finished
len of idx_train after node selection 17: 144
xxxxxxxxxxxxxxxxxxxxxxxxxxxxxxxxxxx  Evaluation begin  xxxxxxxxxxxxxxxxxxxxxxxxxxxxxxxxxxxxxxxxxxxx
Validation loss decreased (inf --> 2.010).  Saving model ...
Validation loss decreased (2.010 --> 1.224).  Saving model ...
Validation loss decreased (1.224 --> 1.124).  Saving model ...
Validation loss decreased (1.124 --> 0.957).  Saving model ...
Validation loss decreased (0.957 --> 0.935).  Saving model ...
############################################################################
GCN Epoch 010
train_loss: 1.3284, val_loss: 0.9193, val_test: 0.9262
current val_acc: 0.5860 
current test_acc: 0.5881 
############################################################################
Validation loss decreased (0.935 --> 0.919).  Saving model ...
Validation loss decreased (0.919 --> 0.866).  Saving model ...
Validation loss decreased (0.866 --> 0.805).  Saving model ...
Validation loss decreased (0.805 --> 0.760).  Saving model ...
############################################################################
GCN Epoch 020
train_loss: 1.1724, val_loss: 0.7167, val_test: 0.7050
current val_acc: 0.8380 
current test_acc: 0.8330 
############################################################################
Validation loss decreased (0.760 --> 0.717).  Saving model ...
Validation loss decreased (0.717 --> 0.702).  Saving model ...
Validation loss decreased (0.702 --> 0.662).  Saving model ...
Validation loss decreased (0.662 --> 0.608).  Saving model ...
############################################################################
GCN Epoch 030
train_loss: 1.0886, val_loss: 0.6866, val_test: 0.6894
current val_acc: 0.7300 
current test_acc: 0.7421 
############################################################################
Validation loss decreased (0.608 --> 0.588).  Saving model ...
Validation loss decreased (0.588 --> 0.583).  Saving model ...
Validation loss decreased (0.583 --> 0.561).  Saving model ...
Validation loss decreased (0.561 --> 0.554).  Saving model ...
############################################################################
GCN Epoch 040
train_loss: 0.9865, val_loss: 0.5512, val_test: 0.5656
current val_acc: 0.8580 
current test_acc: 0.8646 
############################################################################
Validation loss decreased (0.554 --> 0.543).  Saving model ...
Validation loss decreased (0.543 --> 0.517).  Saving model ...
############################################################################
GCN Epoch 050
train_loss: 1.0773, val_loss: 0.5151, val_test: 0.5159
current val_acc: 0.8460 
current test_acc: 0.8664 
############################################################################
############################################################################
GCN Epoch 060
train_loss: 0.8720, val_loss: 0.5788, val_test: 0.5814
current val_acc: 0.7960 
current test_acc: 0.7922 
############################################################################
############################################################################
GCN Epoch 070
train_loss: 1.0170, val_loss: 0.5869, val_test: 0.5727
current val_acc: 0.8280 
current test_acc: 0.8553 
############################################################################
Validation loss decreased (0.517 --> 0.491).  Saving model ...
############################################################################
GCN Epoch 080
train_loss: 0.8493, val_loss: 0.6133, val_test: 0.6314
current val_acc: 0.8000 
current test_acc: 0.7829 
############################################################################
############################################################################
GCN Epoch 090
train_loss: 1.1275, val_loss: 0.5356, val_test: 0.5276
current val_acc: 0.8420 
current test_acc: 0.8516 
############################################################################
############################################################################
GCN Epoch 100
train_loss: 0.8079, val_loss: 0.5615, val_test: 0.5493
current val_acc: 0.8340 
current test_acc: 0.8386 
############################################################################
Validation loss decreased (0.491 --> 0.482).  Saving model ...
Validation loss decreased (0.482 --> 0.456).  Saving model ...
############################################################################
GCN Epoch 110
train_loss: 0.9993, val_loss: 0.5179, val_test: 0.5294
current val_acc: 0.8420 
current test_acc: 0.8367 
############################################################################
############################################################################
GCN Epoch 120
train_loss: 0.9702, val_loss: 0.5995, val_test: 0.6095
current val_acc: 0.8100 
current test_acc: 0.7996 
############################################################################
############################################################################
GCN Epoch 130
train_loss: 0.8864, val_loss: 0.5833, val_test: 0.5894
current val_acc: 0.8160 
current test_acc: 0.8237 
############################################################################
############################################################################
GCN Epoch 140
train_loss: 0.9365, val_loss: 0.5107, val_test: 0.5044
current val_acc: 0.8860 
current test_acc: 0.8905 
############################################################################
############################################################################
GCN Epoch 150
train_loss: 0.9516, val_loss: 0.5156, val_test: 0.5176
current val_acc: 0.8820 
current test_acc: 0.8776 
############################################################################
Validation loss decreased (0.456 --> 0.440).  Saving model ...
Validation loss decreased (0.440 --> 0.434).  Saving model ...
############################################################################
GCN Epoch 160
train_loss: 0.8712, val_loss: 0.6370, val_test: 0.6417
current val_acc: 0.7620 
current test_acc: 0.7273 
############################################################################
############################################################################
GCN Epoch 170
train_loss: 0.7929, val_loss: 0.5119, val_test: 0.5181
current val_acc: 0.8980 
current test_acc: 0.8868 
############################################################################
############################################################################
GCN Epoch 180
train_loss: 0.8427, val_loss: 0.4936, val_test: 0.4942
current val_acc: 0.8800 
current test_acc: 0.8868 
############################################################################
############################################################################
GCN Epoch 190
train_loss: 0.9386, val_loss: 0.5419, val_test: 0.5483
current val_acc: 0.8920 
current test_acc: 0.8868 
############################################################################
############################################################################
GCN Epoch 200
train_loss: 0.8436, val_loss: 0.5082, val_test: 0.5101
current val_acc: 0.8640 
current test_acc: 0.8813 
############################################################################
############################################################################
GCN Epoch 210
train_loss: 0.9097, val_loss: 0.5555, val_test: 0.5687
current val_acc: 0.8260 
current test_acc: 0.8256 
############################################################################
############################################################################
GCN Epoch 220
train_loss: 0.8641, val_loss: 0.5139, val_test: 0.5267
current val_acc: 0.8500 
current test_acc: 0.8404 
############################################################################
############################################################################
GCN Epoch 230
train_loss: 0.8092, val_loss: 0.4924, val_test: 0.5051
current val_acc: 0.8780 
current test_acc: 0.8664 
############################################################################
############################################################################
GCN Epoch 240
train_loss: 0.9562, val_loss: 0.5290, val_test: 0.5398
current val_acc: 0.8760 
current test_acc: 0.8757 
############################################################################
############################################################################
GCN Epoch 250
train_loss: 0.8118, val_loss: 0.5421, val_test: 0.5541
current val_acc: 0.8260 
current test_acc: 0.8256 
############################################################################
Early stopped at epoch:  253
Optimization Finished!
Test accuracy 0.9109
Total time elapsed: 2.5161s
Best 10 checkpoints: 
0.922 0.914656771799629
0.92 0.9202226345083488
0.918 0.922077922077922
0.914 0.9128014842300557
0.912 0.9183673469387755
0.91 0.9109461966604824
0.906 0.9053803339517625
0.904 0.9035250463821892
0.898 0.8868274582560297
0.896 0.8961038961038961
Test accuracy of model with best validation metric: 
[0.78107607 0.81447124 0.87012987 0.87569573 0.85343228 0.89239332
 0.91651206 0.90909091 0.89424861 0.89424861 0.91280148 0.90538033
 0.90909091 0.91280148 0.91836735 0.9109462  0.90166976 0.91465677]
xxxxxxxxxxxxxxxxxxxxxxxxxxxxxxxxxxxxxx  Evaluation end  xxxxxxxxxxxxxxxxxxxxxxxxxxxxxxxxxxxxxxxxxxx
iteration: 18
Early stopped at epoch:  0
Iteration: 0018 acc_val: 0.9120 acc_test: 0.9109
len of idx_train before node selection 18: 144
Start to select nodes
Select node 1041, Score 1.266917109489441
Select node 1053, Score 1.266917109489441
Select node 1488, Score 1.266917109489441
Select node 1520, Score 1.2555338144302368
Select node 1143, Score 1.2458666563034058
Select node 728, Score 1.2458666563034058
Select node 670, Score 1.2042473554611206
node selection finished
len of idx_train after node selection 18: 151
xxxxxxxxxxxxxxxxxxxxxxxxxxxxxxxxxxx  Evaluation begin  xxxxxxxxxxxxxxxxxxxxxxxxxxxxxxxxxxxxxxxxxxxx
Validation loss decreased (inf --> 2.571).  Saving model ...
Validation loss decreased (2.571 --> 2.138).  Saving model ...
Validation loss decreased (2.138 --> 1.584).  Saving model ...
Validation loss decreased (1.584 --> 1.415).  Saving model ...
Validation loss decreased (1.415 --> 1.275).  Saving model ...
Validation loss decreased (1.275 --> 1.123).  Saving model ...
Validation loss decreased (1.123 --> 1.001).  Saving model ...
############################################################################
GCN Epoch 010
train_loss: 1.4987, val_loss: 0.9364, val_test: 0.9487
current val_acc: 0.6420 
current test_acc: 0.6327 
############################################################################
Validation loss decreased (1.001 --> 0.936).  Saving model ...
Validation loss decreased (0.936 --> 0.926).  Saving model ...
Validation loss decreased (0.926 --> 0.919).  Saving model ...
Validation loss decreased (0.919 --> 0.777).  Saving model ...
Validation loss decreased (0.777 --> 0.729).  Saving model ...
############################################################################
GCN Epoch 020
train_loss: 1.2309, val_loss: 0.8429, val_test: 0.8323
current val_acc: 0.7620 
current test_acc: 0.7625 
############################################################################
############################################################################
GCN Epoch 030
train_loss: 1.1631, val_loss: 0.7763, val_test: 0.7590
current val_acc: 0.7320 
current test_acc: 0.7662 
############################################################################
Validation loss decreased (0.729 --> 0.719).  Saving model ...
Validation loss decreased (0.719 --> 0.685).  Saving model ...
############################################################################
GCN Epoch 040
train_loss: 1.1812, val_loss: 0.7334, val_test: 0.7097
current val_acc: 0.7100 
current test_acc: 0.7514 
############################################################################
Validation loss decreased (0.685 --> 0.670).  Saving model ...
Validation loss decreased (0.670 --> 0.625).  Saving model ...
############################################################################
GCN Epoch 050
train_loss: 1.0266, val_loss: 0.6468, val_test: 0.6383
current val_acc: 0.7760 
current test_acc: 0.7829 
############################################################################
############################################################################
GCN Epoch 060
train_loss: 1.0740, val_loss: 0.7289, val_test: 0.7411
current val_acc: 0.7100 
current test_acc: 0.6902 
############################################################################
############################################################################
GCN Epoch 070
train_loss: 1.0580, val_loss: 0.6087, val_test: 0.6072
current val_acc: 0.8440 
current test_acc: 0.8442 
############################################################################
Validation loss decreased (0.625 --> 0.609).  Saving model ...
Validation loss decreased (0.609 --> 0.603).  Saving model ...
############################################################################
GCN Epoch 080
train_loss: 1.0695, val_loss: 0.6403, val_test: 0.6221
current val_acc: 0.8740 
current test_acc: 0.8646 
############################################################################
############################################################################
GCN Epoch 090
train_loss: 1.0010, val_loss: 0.6152, val_test: 0.6038
current val_acc: 0.8240 
current test_acc: 0.8404 
############################################################################
############################################################################
GCN Epoch 100
train_loss: 1.0377, val_loss: 0.6293, val_test: 0.6220
current val_acc: 0.8400 
current test_acc: 0.8200 
############################################################################
############################################################################
GCN Epoch 110
train_loss: 1.0238, val_loss: 0.7335, val_test: 0.7315
current val_acc: 0.7060 
current test_acc: 0.7328 
############################################################################
Validation loss decreased (0.603 --> 0.578).  Saving model ...
Validation loss decreased (0.578 --> 0.540).  Saving model ...
############################################################################
GCN Epoch 120
train_loss: 1.0299, val_loss: 0.6496, val_test: 0.6247
current val_acc: 0.8480 
current test_acc: 0.8720 
############################################################################
############################################################################
GCN Epoch 130
train_loss: 1.0751, val_loss: 0.6236, val_test: 0.6040
current val_acc: 0.7920 
current test_acc: 0.8200 
############################################################################
############################################################################
GCN Epoch 140
train_loss: 0.9500, val_loss: 0.6148, val_test: 0.5989
current val_acc: 0.8620 
current test_acc: 0.8571 
############################################################################
############################################################################
GCN Epoch 150
train_loss: 1.0145, val_loss: 0.5752, val_test: 0.5611
current val_acc: 0.7700 
current test_acc: 0.7922 
############################################################################
############################################################################
GCN Epoch 160
train_loss: 0.9900, val_loss: 0.6227, val_test: 0.6130
current val_acc: 0.8000 
current test_acc: 0.8256 
############################################################################
############################################################################
GCN Epoch 170
train_loss: 0.9139, val_loss: 0.6512, val_test: 0.6455
current val_acc: 0.8500 
current test_acc: 0.8534 
############################################################################
############################################################################
GCN Epoch 180
train_loss: 0.8865, val_loss: 0.5936, val_test: 0.5728
current val_acc: 0.7600 
current test_acc: 0.7959 
############################################################################
############################################################################
GCN Epoch 190
train_loss: 0.9035, val_loss: 0.6136, val_test: 0.5763
current val_acc: 0.7860 
current test_acc: 0.8163 
############################################################################
############################################################################
GCN Epoch 200
train_loss: 0.9167, val_loss: 0.5789, val_test: 0.5731
current val_acc: 0.8160 
current test_acc: 0.8442 
############################################################################
############################################################################
GCN Epoch 210
train_loss: 0.9274, val_loss: 0.6231, val_test: 0.6199
current val_acc: 0.7720 
current test_acc: 0.7681 
############################################################################
Early stopped at epoch:  213
Optimization Finished!
Test accuracy 0.8794
Total time elapsed: 2.1214s
Best 10 checkpoints: 
0.894 0.8849721706864564
0.89 0.8923933209647495
0.884 0.8942486085343229
0.88 0.8682745825602969
0.876 0.8923933209647495
0.874 0.8849721706864564
0.872 0.8719851576994434
0.87 0.8738404452690167
0.866 0.8738404452690167
0.862 0.8682745825602969
Test accuracy of model with best validation metric: 
[0.78107607 0.81447124 0.87012987 0.87569573 0.85343228 0.89239332
 0.91651206 0.90909091 0.89424861 0.89424861 0.91280148 0.90538033
 0.90909091 0.91280148 0.91836735 0.9109462  0.90166976 0.91465677
 0.88497217]
xxxxxxxxxxxxxxxxxxxxxxxxxxxxxxxxxxxxxx  Evaluation end  xxxxxxxxxxxxxxxxxxxxxxxxxxxxxxxxxxxxxxxxxxx
******* Model Evaluation ******
Validation loss decreased (inf --> 3.139).  Saving model ...
Validation loss decreased (3.139 --> 1.952).  Saving model ...
Validation loss decreased (1.952 --> 1.556).  Saving model ...
Validation loss decreased (1.556 --> 1.486).  Saving model ...
Validation loss decreased (1.486 --> 1.450).  Saving model ...
Validation loss decreased (1.450 --> 1.406).  Saving model ...
Validation loss decreased (1.406 --> 1.330).  Saving model ...
############################################################################
GCN Epoch 010
train_loss: 1.4471, val_loss: 1.2332, val_test: 1.2007
current val_acc: 0.6540 
current test_acc: 0.6642 
############################################################################
Validation loss decreased (1.330 --> 1.233).  Saving model ...
Validation loss decreased (1.233 --> 1.172).  Saving model ...
Validation loss decreased (1.172 --> 1.100).  Saving model ...
Validation loss decreased (1.100 --> 1.063).  Saving model ...
Validation loss decreased (1.063 --> 1.035).  Saving model ...
Validation loss decreased (1.035 --> 1.003).  Saving model ...
Validation loss decreased (1.003 --> 0.981).  Saving model ...
Validation loss decreased (0.981 --> 0.966).  Saving model ...
############################################################################
GCN Epoch 020
train_loss: 1.2975, val_loss: 0.9518, val_test: 0.9241
current val_acc: 0.6420 
current test_acc: 0.7087 
############################################################################
Validation loss decreased (0.966 --> 0.952).  Saving model ...
Validation loss decreased (0.952 --> 0.928).  Saving model ...
Validation loss decreased (0.928 --> 0.879).  Saving model ...
Validation loss decreased (0.879 --> 0.840).  Saving model ...
Validation loss decreased (0.840 --> 0.817).  Saving model ...
############################################################################
GCN Epoch 030
train_loss: 1.2201, val_loss: 0.7858, val_test: 0.7661
current val_acc: 0.7980 
current test_acc: 0.8219 
############################################################################
Validation loss decreased (0.817 --> 0.786).  Saving model ...
Validation loss decreased (0.786 --> 0.693).  Saving model ...
Validation loss decreased (0.693 --> 0.649).  Saving model ...
Validation loss decreased (0.649 --> 0.629).  Saving model ...
############################################################################
GCN Epoch 040
train_loss: 1.1086, val_loss: 0.7624, val_test: 0.7369
current val_acc: 0.7820 
current test_acc: 0.7959 
############################################################################
Validation loss decreased (0.629 --> 0.585).  Saving model ...
############################################################################
GCN Epoch 050
train_loss: 1.0727, val_loss: 0.6362, val_test: 0.6236
current val_acc: 0.8580 
current test_acc: 0.8850 
############################################################################
############################################################################
GCN Epoch 060
train_loss: 1.0062, val_loss: 0.6559, val_test: 0.6533
current val_acc: 0.8340 
current test_acc: 0.8627 
############################################################################
############################################################################
GCN Epoch 070
train_loss: 1.0261, val_loss: 0.7111, val_test: 0.6815
current val_acc: 0.6700 
current test_acc: 0.7106 
############################################################################
############################################################################
GCN Epoch 080
train_loss: 0.9981, val_loss: 0.7138, val_test: 0.6790
current val_acc: 0.7740 
current test_acc: 0.8089 
############################################################################
############################################################################
GCN Epoch 090
train_loss: 1.1406, val_loss: 0.6017, val_test: 0.5830
current val_acc: 0.8600 
current test_acc: 0.8571 
############################################################################
Validation loss decreased (0.585 --> 0.564).  Saving model ...
############################################################################
GCN Epoch 100
train_loss: 1.0027, val_loss: 0.7329, val_test: 0.7204
current val_acc: 0.7400 
current test_acc: 0.7570 
############################################################################
Validation loss decreased (0.564 --> 0.534).  Saving model ...
Validation loss decreased (0.534 --> 0.522).  Saving model ...
############################################################################
GCN Epoch 110
train_loss: 0.8428, val_loss: 0.6209, val_test: 0.5994
current val_acc: 0.8060 
current test_acc: 0.8256 
############################################################################
############################################################################
GCN Epoch 120
train_loss: 1.1241, val_loss: 0.5985, val_test: 0.5843
current val_acc: 0.7780 
current test_acc: 0.8033 
############################################################################
############################################################################
GCN Epoch 130
train_loss: 0.9877, val_loss: 0.6660, val_test: 0.6560
current val_acc: 0.7600 
current test_acc: 0.7885 
############################################################################
############################################################################
GCN Epoch 140
train_loss: 1.0223, val_loss: 0.5898, val_test: 0.5861
current val_acc: 0.8100 
current test_acc: 0.8386 
############################################################################
############################################################################
GCN Epoch 150
train_loss: 1.0360, val_loss: 0.7154, val_test: 0.7212
current val_acc: 0.7360 
current test_acc: 0.7718 
############################################################################
############################################################################
GCN Epoch 160
train_loss: 1.0134, val_loss: 0.6023, val_test: 0.5948
current val_acc: 0.8260 
current test_acc: 0.8404 
############################################################################
############################################################################
GCN Epoch 170
train_loss: 0.9068, val_loss: 0.6691, val_test: 0.6403
current val_acc: 0.7360 
current test_acc: 0.7440 
############################################################################
############################################################################
GCN Epoch 180
train_loss: 0.7791, val_loss: 0.6459, val_test: 0.6115
current val_acc: 0.8320 
current test_acc: 0.8646 
############################################################################
############################################################################
GCN Epoch 190
train_loss: 1.0015, val_loss: 0.6471, val_test: 0.6155
current val_acc: 0.8200 
current test_acc: 0.8553 
############################################################################
############################################################################
GCN Epoch 200
train_loss: 0.9264, val_loss: 0.5594, val_test: 0.5459
current val_acc: 0.8880 
current test_acc: 0.9072 
############################################################################
Early stopped at epoch:  203
Optimization Finished!
Test accuracy 0.8534
Total time elapsed: 1.9376s
Best 10 checkpoints: 
0.902 0.9035250463821892
0.888 0.9072356215213359
0.87 0.8794063079777366
0.868 0.8868274582560297
0.864 0.8645640074211502
0.862 0.862708719851577
0.86 0.8571428571428572
0.858 0.8849721706864564
0.856 0.8775510204081632
0.854 0.8552875695732839
