Running with seed:  13
Running ALG model
T: 19
Number of classes: 11
Total number of nodes: 2163
The number of nodes for label: 220
batch_sizes_per_class: [2 1 1 1 1 1 1 1 1 1 1 1 1 1 1 1 1 1 1]
batch_sizes: [22 11 11 11 11 11 11 11 11 11 11 11 11 11 11 11 11 11 11]
alphas: [1.0, 0.9965844930066698, 0.9863613034027223, 0.9694002659393304, 0.9458172417006346, 0.9157733266550574, 0.8794737512064891, 0.8371664782625287, 0.7891405093963936, 0.7357239106731317, 0.6772815716257411, 0.6142127126896679, 0.5469481581224269, 0.47594739303707345, 0.40169542465296953, 0.32469946920468357, 0.24548548714079924, 0.16459459028073375, 0.0825793454723324, 6.123233995736766e-17]
batch_epochs: [121 116 112 107 102  97  93  88  83  78  74  69  64  60  55  50  45  41
  36]

[STEP 1]: Upload hostg.class dataset.
| # of nodes : 2286
| # of edges : 38161.0
| # of features : (2286, 512)
| # of classes   : 11
number of nan: 0
Label distribution of the dataset:
0     778
1     506
2     433
3     127
4      92
5      64
6      50
7      50
8      29
9      21
10     13
dtype: int64
| # of maximum train set : 238
| # of all train set (including the val set): 1627
| # of val set   : 500
| # of test set  : 536
| # of labels : torch.Size([2163])
tested on a dropout graph with rate:  0.0
Number of edges after deletion:  38161.0
Size of training set:  1127
Size of validation set:  500
Size of test set:  536
xxxxxxxxxxxxxxxxxxxxxxxxxxxxxxxxxxx  Evaluation begin  xxxxxxxxxxxxxxxxxxxxxxxxxxxxxxxxxxxxxxxxxxxx
Validation loss decreased (inf --> 1.803).  Saving model ...
Validation loss decreased (1.803 --> 1.275).  Saving model ...
Validation loss decreased (1.275 --> 1.007).  Saving model ...
Validation loss decreased (1.007 --> 0.928).  Saving model ...
Validation loss decreased (0.928 --> 0.856).  Saving model ...
############################################################################
GCN Epoch 010
train_loss: 0.9603, val_loss: 0.7515, val_test: 0.8298
current val_acc: 0.8020 
current test_acc: 0.7705 
############################################################################
Validation loss decreased (0.856 --> 0.752).  Saving model ...
Validation loss decreased (0.752 --> 0.712).  Saving model ...
Validation loss decreased (0.712 --> 0.702).  Saving model ...
Validation loss decreased (0.702 --> 0.678).  Saving model ...
Validation loss decreased (0.678 --> 0.642).  Saving model ...
Validation loss decreased (0.642 --> 0.621).  Saving model ...
Validation loss decreased (0.621 --> 0.611).  Saving model ...
############################################################################
GCN Epoch 020
train_loss: 0.7704, val_loss: 0.6190, val_test: 0.6734
current val_acc: 0.8100 
current test_acc: 0.7780 
############################################################################
Validation loss decreased (0.611 --> 0.603).  Saving model ...
Validation loss decreased (0.603 --> 0.589).  Saving model ...
Validation loss decreased (0.589 --> 0.584).  Saving model ...
Validation loss decreased (0.584 --> 0.564).  Saving model ...
############################################################################
GCN Epoch 030
train_loss: 0.7295, val_loss: 0.5681, val_test: 0.6346
current val_acc: 0.8400 
current test_acc: 0.8060 
############################################################################
Validation loss decreased (0.564 --> 0.555).  Saving model ...
Validation loss decreased (0.555 --> 0.542).  Saving model ...
Validation loss decreased (0.542 --> 0.535).  Saving model ...
############################################################################
GCN Epoch 040
train_loss: 0.6734, val_loss: 0.5318, val_test: 0.6112
current val_acc: 0.8340 
current test_acc: 0.8022 
############################################################################
Validation loss decreased (0.535 --> 0.529).  Saving model ...
############################################################################
GCN Epoch 050
train_loss: 0.6648, val_loss: 0.5345, val_test: 0.6211
current val_acc: 0.8340 
current test_acc: 0.7966 
############################################################################
Validation loss decreased (0.529 --> 0.514).  Saving model ...
Validation loss decreased (0.514 --> 0.503).  Saving model ...
############################################################################
GCN Epoch 060
train_loss: 0.6324, val_loss: 0.5128, val_test: 0.5935
current val_acc: 0.8520 
current test_acc: 0.8302 
############################################################################
############################################################################
GCN Epoch 070
train_loss: 0.6229, val_loss: 0.4982, val_test: 0.5779
current val_acc: 0.8540 
current test_acc: 0.8265 
############################################################################
Validation loss decreased (0.503 --> 0.498).  Saving model ...
############################################################################
GCN Epoch 080
train_loss: 0.6228, val_loss: 0.4940, val_test: 0.5840
current val_acc: 0.8580 
current test_acc: 0.8265 
############################################################################
Validation loss decreased (0.498 --> 0.487).  Saving model ...
############################################################################
GCN Epoch 090
train_loss: 0.6089, val_loss: 0.5020, val_test: 0.5688
current val_acc: 0.8560 
current test_acc: 0.8302 
############################################################################
Validation loss decreased (0.487 --> 0.478).  Saving model ...
############################################################################
GCN Epoch 100
train_loss: 0.6083, val_loss: 0.5065, val_test: 0.5877
current val_acc: 0.8780 
current test_acc: 0.8414 
############################################################################
############################################################################
GCN Epoch 110
train_loss: 0.6231, val_loss: 0.4998, val_test: 0.5733
current val_acc: 0.8580 
current test_acc: 0.8302 
############################################################################
############################################################################
GCN Epoch 120
train_loss: 0.6409, val_loss: 0.4868, val_test: 0.5621
current val_acc: 0.8660 
current test_acc: 0.8507 
############################################################################
############################################################################
GCN Epoch 130
train_loss: 0.6359, val_loss: 0.4787, val_test: 0.5535
current val_acc: 0.8600 
current test_acc: 0.8340 
############################################################################
############################################################################
GCN Epoch 140
train_loss: 0.6310, val_loss: 0.4926, val_test: 0.5710
current val_acc: 0.8500 
current test_acc: 0.8302 
############################################################################
############################################################################
GCN Epoch 150
train_loss: 0.5898, val_loss: 0.4887, val_test: 0.5696
current val_acc: 0.8700 
current test_acc: 0.8377 
############################################################################
############################################################################
GCN Epoch 160
train_loss: 0.6350, val_loss: 0.4892, val_test: 0.5623
current val_acc: 0.8700 
current test_acc: 0.8377 
############################################################################
############################################################################
GCN Epoch 170
train_loss: 0.6032, val_loss: 0.4890, val_test: 0.5582
current val_acc: 0.8560 
current test_acc: 0.8302 
############################################################################
############################################################################
GCN Epoch 180
train_loss: 0.6329, val_loss: 0.4804, val_test: 0.5567
current val_acc: 0.8620 
current test_acc: 0.8358 
############################################################################
############################################################################
GCN Epoch 190
train_loss: 0.6239, val_loss: 0.4869, val_test: 0.5589
current val_acc: 0.8720 
current test_acc: 0.8377 
############################################################################
Early stopped at epoch:  198
Optimization Finished!
Test accuracy 0.8340
Total time elapsed: 1.8687s
Best 10 checkpoints
0.878 0.8414179104477612
0.876 0.8432835820895522
0.874 0.8376865671641791
0.872 0.8376865671641791
0.87 0.8414179104477612
0.868 0.8395522388059702
0.866 0.8246268656716418
0.864 0.8376865671641791
0.862 0.8227611940298507
0.86 0.833955223880597
Confusion matrix for test set
Test accuracy of model with best validation metric: 
0.8414179104477612
xxxxxxxxxxxxxxxxxxxxxxxxxxxxxxxxxxxxxx  Evaluation end  xxxxxxxxxxxxxxxxxxxxxxxxxxxxxxxxxxxxxxxxxxx
