000 (30692.000.000) 03/17 05:52:05 Job submitted from host: <10.37.0.18:9618?addrs=10.37.0.18-9618+[--1]-9618&noUDP&sock=929_cb92_3>
...
001 (30692.000.000) 03/17 05:53:11 Job executing on host: <10.37.0.196:9618?addrs=10.37.0.196-9618+[--1]-9618&noUDP&sock=1062_05ab_3>
...
006 (30692.000.000) 03/17 05:53:19 Image size of job updated: 1722248
	1667  -  MemoryUsage of job (MB)
	1706936  -  ResidentSetSize of job (KB)
...
006 (30692.000.000) 03/17 05:53:23 Image size of job updated: 10463212
	1667  -  MemoryUsage of job (MB)
	1706936  -  ResidentSetSize of job (KB)
...
005 (30692.000.000) 03/17 05:53:23 Job terminated.
	(1) Normal termination (return value 0)
		Usr 0 00:00:09, Sys 0 00:00:01  -  Run Remote Usage
		Usr 0 00:00:00, Sys 0 00:00:00  -  Run Local Usage
		Usr 0 00:00:09, Sys 0 00:00:01  -  Total Remote Usage
		Usr 0 00:00:00, Sys 0 00:00:00  -  Total Local Usage
	0  -  Run Bytes Sent By Job
	0  -  Run Bytes Received By Job
	0  -  Total Bytes Sent By Job
	0  -  Total Bytes Received By Job
	Partitionable Resources :    Usage  Request Allocated
	   Cpus                 :                 1         3
	   Disk (KB)            :        1        1 171428884
	   Gpus                 :                           1
	   Memory (MB)          :     1667        1     64319
...
000 (30699.000.000) 03/17 05:59:00 Job submitted from host: <10.37.0.18:9618?addrs=10.37.0.18-9618+[--1]-9618&noUDP&sock=929_cb92_3>
...
001 (30699.000.000) 03/17 06:00:11 Job executing on host: <10.37.0.197:9618?addrs=10.37.0.197-9618+[--1]-9618&noUDP&sock=1059_f6e2_3>
...
006 (30699.000.000) 03/17 06:00:20 Image size of job updated: 1726580
	1672  -  MemoryUsage of job (MB)
	1711268  -  ResidentSetSize of job (KB)
...
005 (30699.000.000) 03/17 06:00:22 Job terminated.
	(1) Normal termination (return value 0)
		Usr 0 00:00:07, Sys 0 00:00:01  -  Run Remote Usage
		Usr 0 00:00:00, Sys 0 00:00:00  -  Run Local Usage
		Usr 0 00:00:07, Sys 0 00:00:01  -  Total Remote Usage
		Usr 0 00:00:00, Sys 0 00:00:00  -  Total Local Usage
	0  -  Run Bytes Sent By Job
	0  -  Run Bytes Received By Job
	0  -  Total Bytes Sent By Job
	0  -  Total Bytes Received By Job
	Partitionable Resources :    Usage  Request Allocated
	   Cpus                 :                 1         3
	   Disk (KB)            :        1        1 171433596
	   Gpus                 :                           1
	   Memory (MB)          :     1672        1     64319
...
000 (30706.000.000) 03/17 06:06:05 Job submitted from host: <10.37.0.18:9618?addrs=10.37.0.18-9618+[--1]-9618&noUDP&sock=929_cb92_3>
...
001 (30706.000.000) 03/17 06:07:25 Job executing on host: <10.37.0.197:9618?addrs=10.37.0.197-9618+[--1]-9618&noUDP&sock=1059_f6e2_3>
...
006 (30706.000.000) 03/17 06:07:33 Image size of job updated: 1725516
	1671  -  MemoryUsage of job (MB)
	1710204  -  ResidentSetSize of job (KB)
...
006 (30706.000.000) 03/17 06:07:36 Image size of job updated: 10470040
	1671  -  MemoryUsage of job (MB)
	1710204  -  ResidentSetSize of job (KB)
...
005 (30706.000.000) 03/17 06:07:36 Job terminated.
	(1) Normal termination (return value 0)
		Usr 0 00:00:08, Sys 0 00:00:01  -  Run Remote Usage
		Usr 0 00:00:00, Sys 0 00:00:00  -  Run Local Usage
		Usr 0 00:00:08, Sys 0 00:00:01  -  Total Remote Usage
		Usr 0 00:00:00, Sys 0 00:00:00  -  Total Local Usage
	0  -  Run Bytes Sent By Job
	0  -  Run Bytes Received By Job
	0  -  Total Bytes Sent By Job
	0  -  Total Bytes Received By Job
	Partitionable Resources :    Usage  Request Allocated
	   Cpus                 :                 1         3
	   Disk (KB)            :        1        1 171433596
	   Gpus                 :                           1
	   Memory (MB)          :     1671        1     64319
...
000 (30713.000.000) 03/17 06:10:26 Job submitted from host: <10.37.0.18:9618?addrs=10.37.0.18-9618+[--1]-9618&noUDP&sock=929_cb92_3>
...
001 (30713.000.000) 03/17 06:12:09 Job executing on host: <10.37.0.194:9618?addrs=10.37.0.194-9618+[--1]-9618&noUDP&sock=1059_f6e2_3>
...
006 (30713.000.000) 03/17 06:12:17 Image size of job updated: 1726900
	1662  -  MemoryUsage of job (MB)
	1701820  -  ResidentSetSize of job (KB)
...
006 (30713.000.000) 03/17 06:12:21 Image size of job updated: 1742604
	1662  -  MemoryUsage of job (MB)
	1701820  -  ResidentSetSize of job (KB)
...
005 (30713.000.000) 03/17 06:12:21 Job terminated.
	(1) Normal termination (return value 0)
		Usr 0 00:00:09, Sys 0 00:00:01  -  Run Remote Usage
		Usr 0 00:00:00, Sys 0 00:00:00  -  Run Local Usage
		Usr 0 00:00:09, Sys 0 00:00:01  -  Total Remote Usage
		Usr 0 00:00:00, Sys 0 00:00:00  -  Total Local Usage
	0  -  Run Bytes Sent By Job
	0  -  Run Bytes Received By Job
	0  -  Total Bytes Sent By Job
	0  -  Total Bytes Received By Job
	Partitionable Resources :    Usage  Request Allocated
	   Cpus                 :                 1         3
	   Disk (KB)            :        1        1 171437392
	   Gpus                 :                           1
	   Memory (MB)          :     1662        1     64319
...
000 (30720.000.000) 03/17 06:17:04 Job submitted from host: <10.37.0.18:9618?addrs=10.37.0.18-9618+[--1]-9618&noUDP&sock=929_cb92_3>
...
001 (30720.000.000) 03/17 06:18:44 Job executing on host: <10.37.0.196:9618?addrs=10.37.0.196-9618+[--1]-9618&noUDP&sock=1062_05ab_3>
...
006 (30720.000.000) 03/17 06:18:53 Image size of job updated: 1724848
	1670  -  MemoryUsage of job (MB)
	1709536  -  ResidentSetSize of job (KB)
...
006 (30720.000.000) 03/17 06:18:58 Image size of job updated: 1733560
	1670  -  MemoryUsage of job (MB)
	1709536  -  ResidentSetSize of job (KB)
...
005 (30720.000.000) 03/17 06:18:58 Job terminated.
	(1) Normal termination (return value 0)
		Usr 0 00:00:11, Sys 0 00:00:01  -  Run Remote Usage
		Usr 0 00:00:00, Sys 0 00:00:00  -  Run Local Usage
		Usr 0 00:00:11, Sys 0 00:00:01  -  Total Remote Usage
		Usr 0 00:00:00, Sys 0 00:00:00  -  Total Local Usage
	0  -  Run Bytes Sent By Job
	0  -  Run Bytes Received By Job
	0  -  Total Bytes Sent By Job
	0  -  Total Bytes Received By Job
	Partitionable Resources :    Usage  Request Allocated
	   Cpus                 :                 1         3
	   Disk (KB)            :        1        1 171428884
	   Gpus                 :                           1
	   Memory (MB)          :     1670        1     64319
...
000 (30727.000.000) 03/17 06:22:19 Job submitted from host: <10.37.0.18:9618?addrs=10.37.0.18-9618+[--1]-9618&noUDP&sock=929_cb92_3>
...
001 (30727.000.000) 03/17 06:24:15 Job executing on host: <10.37.0.196:9618?addrs=10.37.0.196-9618+[--1]-9618&noUDP&sock=1062_05ab_3>
...
006 (30727.000.000) 03/17 06:24:23 Image size of job updated: 1717400
	1663  -  MemoryUsage of job (MB)
	1702088  -  ResidentSetSize of job (KB)
...
006 (30727.000.000) 03/17 06:24:28 Image size of job updated: 10459476
	1663  -  MemoryUsage of job (MB)
	1702088  -  ResidentSetSize of job (KB)
...
005 (30727.000.000) 03/17 06:24:28 Job terminated.
	(1) Normal termination (return value 0)
		Usr 0 00:00:11, Sys 0 00:00:01  -  Run Remote Usage
		Usr 0 00:00:00, Sys 0 00:00:00  -  Run Local Usage
		Usr 0 00:00:11, Sys 0 00:00:01  -  Total Remote Usage
		Usr 0 00:00:00, Sys 0 00:00:00  -  Total Local Usage
	0  -  Run Bytes Sent By Job
	0  -  Run Bytes Received By Job
	0  -  Total Bytes Sent By Job
	0  -  Total Bytes Received By Job
	Partitionable Resources :    Usage  Request Allocated
	   Cpus                 :                 1         3
	   Disk (KB)            :        1        1 171428884
	   Gpus                 :                           1
	   Memory (MB)          :     1663        1     64319
...
000 (30880.000.000) 03/23 11:43:01 Job submitted from host: <10.37.0.18:9618?addrs=10.37.0.18-9618+[--1]-9618&noUDP&sock=929_cb92_3>
...
001 (30880.000.000) 03/23 11:46:09 Job executing on host: <10.37.0.193:9618?addrs=10.37.0.193-9618+[--1]-9618&noUDP&sock=1057_97b1_3>
...
006 (30880.000.000) 03/23 11:46:17 Image size of job updated: 1729064
	1665  -  MemoryUsage of job (MB)
	1704512  -  ResidentSetSize of job (KB)
...
005 (30880.000.000) 03/23 11:46:20 Job terminated.
	(1) Normal termination (return value 0)
		Usr 0 00:00:08, Sys 0 00:00:01  -  Run Remote Usage
		Usr 0 00:00:00, Sys 0 00:00:00  -  Run Local Usage
		Usr 0 00:00:08, Sys 0 00:00:01  -  Total Remote Usage
		Usr 0 00:00:00, Sys 0 00:00:00  -  Total Local Usage
	0  -  Run Bytes Sent By Job
	0  -  Run Bytes Received By Job
	0  -  Total Bytes Sent By Job
	0  -  Total Bytes Received By Job
	Partitionable Resources :    Usage  Request Allocated
	   Cpus                 :                 1         3
	   Disk (KB)            :        1        1 171424240
	   Gpus                 :                           1
	   Memory (MB)          :     1665        1     64319
...
000 (30887.000.000) 03/23 11:50:05 Job submitted from host: <10.37.0.18:9618?addrs=10.37.0.18-9618+[--1]-9618&noUDP&sock=929_cb92_3>
...
001 (30887.000.000) 03/23 11:53:12 Job executing on host: <10.37.0.193:9618?addrs=10.37.0.193-9618+[--1]-9618&noUDP&sock=1057_97b1_3>
...
006 (30887.000.000) 03/23 11:53:20 Image size of job updated: 1721084
	1666  -  MemoryUsage of job (MB)
	1705772  -  ResidentSetSize of job (KB)
...
005 (30887.000.000) 03/23 11:53:23 Job terminated.
	(1) Normal termination (return value 0)
		Usr 0 00:00:08, Sys 0 00:00:01  -  Run Remote Usage
		Usr 0 00:00:00, Sys 0 00:00:00  -  Run Local Usage
		Usr 0 00:00:08, Sys 0 00:00:01  -  Total Remote Usage
		Usr 0 00:00:00, Sys 0 00:00:00  -  Total Local Usage
	0  -  Run Bytes Sent By Job
	0  -  Run Bytes Received By Job
	0  -  Total Bytes Sent By Job
	0  -  Total Bytes Received By Job
	Partitionable Resources :    Usage  Request Allocated
	   Cpus                 :                 1         3
	   Disk (KB)            :        1        1 171424240
	   Gpus                 :                           1
	   Memory (MB)          :     1666        1     64319
...
000 (30897.000.000) 03/23 12:12:51 Job submitted from host: <10.37.0.18:9618?addrs=10.37.0.18-9618+[--1]-9618&noUDP&sock=929_cb92_3>
...
001 (30897.000.000) 03/23 12:13:21 Job executing on host: <10.37.0.198:9618?addrs=10.37.0.198-9618+[--1]-9618&noUDP&sock=1061_5612_3>
...
006 (30897.000.000) 03/23 12:13:25 Image size of job updated: 2820052
	0  -  MemoryUsage of job (MB)
	0  -  ResidentSetSize of job (KB)
...
005 (30897.000.000) 03/23 12:13:25 Job terminated.
	(1) Normal termination (return value 2)
		Usr 0 00:00:02, Sys 0 00:00:00  -  Run Remote Usage
		Usr 0 00:00:00, Sys 0 00:00:00  -  Run Local Usage
		Usr 0 00:00:02, Sys 0 00:00:00  -  Total Remote Usage
		Usr 0 00:00:00, Sys 0 00:00:00  -  Total Local Usage
	0  -  Run Bytes Sent By Job
	0  -  Run Bytes Received By Job
	0  -  Total Bytes Sent By Job
	0  -  Total Bytes Received By Job
	Partitionable Resources :    Usage  Request Allocated
	   Cpus                 :                 1         3
	   Disk (KB)            :        1        1 171544804
	   Gpus                 :                           1
	   Memory (MB)          :        0        1    128831
...
000 (30913.000.000) 03/23 12:53:18 Job submitted from host: <10.37.0.18:9618?addrs=10.37.0.18-9618+[--1]-9618&noUDP&sock=929_cb92_3>
...
001 (30913.000.000) 03/23 14:36:44 Job executing on host: <10.37.0.195:9618?addrs=10.37.0.195-9618+[--1]-9618&noUDP&sock=1059_f6e2_3>
...
006 (30913.000.000) 03/23 14:36:48 Image size of job updated: 119816
	0  -  MemoryUsage of job (MB)
	0  -  ResidentSetSize of job (KB)
...
005 (30913.000.000) 03/23 14:36:48 Job terminated.
	(1) Normal termination (return value 1)
		Usr 0 00:00:02, Sys 0 00:00:00  -  Run Remote Usage
		Usr 0 00:00:00, Sys 0 00:00:00  -  Run Local Usage
		Usr 0 00:00:02, Sys 0 00:00:00  -  Total Remote Usage
		Usr 0 00:00:00, Sys 0 00:00:00  -  Total Local Usage
	0  -  Run Bytes Sent By Job
	0  -  Run Bytes Received By Job
	0  -  Total Bytes Sent By Job
	0  -  Total Bytes Received By Job
	Partitionable Resources :    Usage  Request Allocated
	   Cpus                 :                 1         3
	   Disk (KB)            :        1        1 171434812
	   Gpus                 :                           1
	   Memory (MB)          :        0        1     64319
...
000 (30915.000.000) 03/23 15:50:57 Job submitted from host: <10.37.0.18:9618?addrs=10.37.0.18-9618+[--1]-9618&noUDP&sock=929_cb92_3>
...
001 (30915.000.000) 03/23 15:50:59 Job executing on host: <10.37.0.195:9618?addrs=10.37.0.195-9618+[--1]-9618&noUDP&sock=1059_f6e2_3>
...
006 (30915.000.000) 03/23 15:51:08 Image size of job updated: 341792
	189  -  MemoryUsage of job (MB)
	192632  -  ResidentSetSize of job (KB)
...
006 (30915.000.000) 03/23 15:51:20 Image size of job updated: 2233512
	189  -  MemoryUsage of job (MB)
	192632  -  ResidentSetSize of job (KB)
...
005 (30915.000.000) 03/23 15:51:20 Job terminated.
	(1) Normal termination (return value 0)
		Usr 0 00:00:08, Sys 0 00:00:02  -  Run Remote Usage
		Usr 0 00:00:00, Sys 0 00:00:00  -  Run Local Usage
		Usr 0 00:00:08, Sys 0 00:00:02  -  Total Remote Usage
		Usr 0 00:00:00, Sys 0 00:00:00  -  Total Local Usage
	0  -  Run Bytes Sent By Job
	0  -  Run Bytes Received By Job
	0  -  Total Bytes Sent By Job
	0  -  Total Bytes Received By Job
	Partitionable Resources :    Usage  Request Allocated
	   Cpus                 :                 1         3
	   Disk (KB)            :        1        1 171434812
	   Gpus                 :                           1
	   Memory (MB)          :      189        1     64319
...
000 (30938.000.000) 03/23 16:44:03 Job submitted from host: <10.37.0.18:9618?addrs=10.37.0.18-9618+[--1]-9618&noUDP&sock=929_cb92_3>
...
001 (30938.000.000) 03/23 16:49:24 Job executing on host: <10.37.0.198:9618?addrs=10.37.0.198-9618+[--1]-9618&noUDP&sock=1061_5612_3>
...
006 (30938.000.000) 03/23 16:49:28 Image size of job updated: 184
	1  -  MemoryUsage of job (MB)
	184  -  ResidentSetSize of job (KB)
...
005 (30938.000.000) 03/23 16:49:28 Job terminated.
	(1) Normal termination (return value 2)
		Usr 0 00:00:02, Sys 0 00:00:00  -  Run Remote Usage
		Usr 0 00:00:00, Sys 0 00:00:00  -  Run Local Usage
		Usr 0 00:00:02, Sys 0 00:00:00  -  Total Remote Usage
		Usr 0 00:00:00, Sys 0 00:00:00  -  Total Local Usage
	0  -  Run Bytes Sent By Job
	0  -  Run Bytes Received By Job
	0  -  Total Bytes Sent By Job
	0  -  Total Bytes Received By Job
	Partitionable Resources :    Usage  Request Allocated
	   Cpus                 :                 1         3
	   Disk (KB)            :        1        1 171544804
	   Gpus                 :                           1
	   Memory (MB)          :        1        1    128831
...
000 (30979.000.000) 03/23 21:39:58 Job submitted from host: <10.37.0.18:9618?addrs=10.37.0.18-9618+[--1]-9618&noUDP&sock=929_cb92_3>
...
009 (30979.000.000) 03/23 22:13:56 Job was aborted by the user.
	via condor_rm (by user xuezhwang2)
...
000 (30986.000.000) 03/23 22:14:21 Job submitted from host: <10.37.0.18:9618?addrs=10.37.0.18-9618+[--1]-9618&noUDP&sock=929_cb92_3>
...
001 (30986.000.000) 03/23 22:54:44 Job executing on host: <10.37.0.195:9618?addrs=10.37.0.195-9618+[--1]-9618&noUDP&sock=1059_f6e2_3>
...
006 (30986.000.000) 03/23 22:54:52 Image size of job updated: 987488
	0  -  MemoryUsage of job (MB)
	0  -  ResidentSetSize of job (KB)
...
005 (30986.000.000) 03/23 22:54:52 Job terminated.
	(1) Normal termination (return value 1)
		Usr 0 00:00:06, Sys 0 00:00:01  -  Run Remote Usage
		Usr 0 00:00:00, Sys 0 00:00:00  -  Run Local Usage
		Usr 0 00:00:06, Sys 0 00:00:01  -  Total Remote Usage
		Usr 0 00:00:00, Sys 0 00:00:00  -  Total Local Usage
	0  -  Run Bytes Sent By Job
	0  -  Run Bytes Received By Job
	0  -  Total Bytes Sent By Job
	0  -  Total Bytes Received By Job
	Partitionable Resources :    Usage  Request Allocated
	   Cpus                 :                 1         3
	   Disk (KB)            :        1        1 171434812
	   Gpus                 :                           1
	   Memory (MB)          :        0        1     64319
...
000 (31001.000.000) 03/24 02:01:15 Job submitted from host: <10.37.0.18:9618?addrs=10.37.0.18-9618+[--1]-9618&noUDP&sock=929_cb92_3>
...
009 (31001.000.000) 03/24 03:05:09 Job was aborted by the user.
	via condor_rm (by user xuezhwang2)
...
000 (23984.000.000) 03/24 03:05:38 Job submitted from host: <10.37.0.3:9618?addrs=10.37.0.3-9618+[--1]-9618&noUDP&sock=1289_b9aa_3>
...
001 (23984.000.000) 03/24 03:11:21 Job executing on host: <10.37.0.233:9618?addrs=10.37.0.233-9618+[--1]-9618&noUDP&sock=866_951b_3>
...
006 (23984.000.000) 03/24 03:11:29 Image size of job updated: 1732316
	1675  -  MemoryUsage of job (MB)
	1714552  -  ResidentSetSize of job (KB)
...
005 (23984.000.000) 03/24 03:11:30 Job terminated.
	(1) Normal termination (return value 0)
		Usr 0 00:00:08, Sys 0 00:00:01  -  Run Remote Usage
		Usr 0 00:00:00, Sys 0 00:00:00  -  Run Local Usage
		Usr 0 00:00:08, Sys 0 00:00:01  -  Total Remote Usage
		Usr 0 00:00:00, Sys 0 00:00:00  -  Total Local Usage
	0  -  Run Bytes Sent By Job
	0  -  Run Bytes Received By Job
	0  -  Total Bytes Sent By Job
	0  -  Total Bytes Received By Job
	Partitionable Resources :    Usage  Request Allocated
	   Cpus                 :                 1         6
	   Disk (KB)            :        1        1 324796460
	   Gpus                 :                           1
	   Memory (MB)          :     1675        1    128913
...
000 (23998.000.000) 03/24 04:29:52 Job submitted from host: <10.37.0.3:9618?addrs=10.37.0.3-9618+[--1]-9618&noUDP&sock=1289_b9aa_3>
...
001 (23998.000.000) 03/24 04:36:20 Job executing on host: <10.37.0.233:9618?addrs=10.37.0.233-9618+[--1]-9618&noUDP&sock=866_951b_3>
...
006 (23998.000.000) 03/24 04:36:29 Image size of job updated: 645844
	616  -  MemoryUsage of job (MB)
	630480  -  ResidentSetSize of job (KB)
...
005 (23998.000.000) 03/24 04:36:30 Job terminated.
	(1) Normal termination (return value 0)
		Usr 0 00:00:08, Sys 0 00:00:01  -  Run Remote Usage
		Usr 0 00:00:00, Sys 0 00:00:00  -  Run Local Usage
		Usr 0 00:00:08, Sys 0 00:00:01  -  Total Remote Usage
		Usr 0 00:00:00, Sys 0 00:00:00  -  Total Local Usage
	0  -  Run Bytes Sent By Job
	0  -  Run Bytes Received By Job
	0  -  Total Bytes Sent By Job
	0  -  Total Bytes Received By Job
	Partitionable Resources :    Usage  Request Allocated
	   Cpus                 :                 1         6
	   Disk (KB)            :        1        1 324796460
	   Gpus                 :                           1
	   Memory (MB)          :      616        1    128913
...
000 (24005.000.000) 03/24 04:38:19 Job submitted from host: <10.37.0.3:9618?addrs=10.37.0.3-9618+[--1]-9618&noUDP&sock=1289_b9aa_3>
...
001 (24005.000.000) 03/24 04:40:41 Job executing on host: <10.37.0.233:9618?addrs=10.37.0.233-9618+[--1]-9618&noUDP&sock=866_951b_3>
...
006 (24005.000.000) 03/24 04:40:50 Image size of job updated: 1725384
	0  -  MemoryUsage of job (MB)
	0  -  ResidentSetSize of job (KB)
...
005 (24005.000.000) 03/24 04:40:50 Job terminated.
	(1) Normal termination (return value 0)
		Usr 0 00:00:07, Sys 0 00:00:01  -  Run Remote Usage
		Usr 0 00:00:00, Sys 0 00:00:00  -  Run Local Usage
		Usr 0 00:00:07, Sys 0 00:00:01  -  Total Remote Usage
		Usr 0 00:00:00, Sys 0 00:00:00  -  Total Local Usage
	0  -  Run Bytes Sent By Job
	0  -  Run Bytes Received By Job
	0  -  Total Bytes Sent By Job
	0  -  Total Bytes Received By Job
	Partitionable Resources :    Usage  Request Allocated
	   Cpus                 :                 1         6
	   Disk (KB)            :        1        1 324796460
	   Gpus                 :                           1
	   Memory (MB)          :        0        1    128913
...
000 (24019.000.000) 03/24 05:06:17 Job submitted from host: <10.37.0.3:9618?addrs=10.37.0.3-9618+[--1]-9618&noUDP&sock=1289_b9aa_3>
...
001 (24019.000.000) 03/24 05:11:54 Job executing on host: <10.37.0.233:9618?addrs=10.37.0.233-9618+[--1]-9618&noUDP&sock=866_951b_3>
...
006 (24019.000.000) 03/24 05:12:03 Image size of job updated: 1729148
	0  -  MemoryUsage of job (MB)
	0  -  ResidentSetSize of job (KB)
...
005 (24019.000.000) 03/24 05:12:03 Job terminated.
	(1) Normal termination (return value 0)
		Usr 0 00:00:08, Sys 0 00:00:01  -  Run Remote Usage
		Usr 0 00:00:00, Sys 0 00:00:00  -  Run Local Usage
		Usr 0 00:00:08, Sys 0 00:00:01  -  Total Remote Usage
		Usr 0 00:00:00, Sys 0 00:00:00  -  Total Local Usage
	0  -  Run Bytes Sent By Job
	0  -  Run Bytes Received By Job
	0  -  Total Bytes Sent By Job
	0  -  Total Bytes Received By Job
	Partitionable Resources :    Usage  Request Allocated
	   Cpus                 :                 1         6
	   Disk (KB)            :        1        1 324796460
	   Gpus                 :                           1
	   Memory (MB)          :        0        1    128913
...
000 (24026.000.000) 03/24 05:25:38 Job submitted from host: <10.37.0.3:9618?addrs=10.37.0.3-9618+[--1]-9618&noUDP&sock=1289_b9aa_3>
...
001 (24026.000.000) 03/24 05:28:34 Job executing on host: <10.37.0.233:9618?addrs=10.37.0.233-9618+[--1]-9618&noUDP&sock=866_951b_3>
...
006 (24026.000.000) 03/24 05:28:42 Image size of job updated: 1743344
	1688  -  MemoryUsage of job (MB)
	1727980  -  ResidentSetSize of job (KB)
...
006 (24026.000.000) 03/24 05:28:43 Image size of job updated: 1743348
	1688  -  MemoryUsage of job (MB)
	1727984  -  ResidentSetSize of job (KB)
...
005 (24026.000.000) 03/24 05:28:43 Job terminated.
	(1) Normal termination (return value 0)
		Usr 0 00:00:08, Sys 0 00:00:01  -  Run Remote Usage
		Usr 0 00:00:00, Sys 0 00:00:00  -  Run Local Usage
		Usr 0 00:00:08, Sys 0 00:00:01  -  Total Remote Usage
		Usr 0 00:00:00, Sys 0 00:00:00  -  Total Local Usage
	0  -  Run Bytes Sent By Job
	0  -  Run Bytes Received By Job
	0  -  Total Bytes Sent By Job
	0  -  Total Bytes Received By Job
	Partitionable Resources :    Usage  Request Allocated
	   Cpus                 :                 1         6
	   Disk (KB)            :        1        1 324796460
	   Gpus                 :                           1
	   Memory (MB)          :     1688        1    128913
...
000 (24037.000.000) 03/24 05:42:49 Job submitted from host: <10.37.0.3:9618?addrs=10.37.0.3-9618+[--1]-9618&noUDP&sock=1289_b9aa_3>
...
001 (24037.000.000) 03/24 05:49:00 Job executing on host: <10.37.0.233:9618?addrs=10.37.0.233-9618+[--1]-9618&noUDP&sock=866_951b_3>
...
006 (24037.000.000) 03/24 05:49:08 Image size of job updated: 1725656
	1671  -  MemoryUsage of job (MB)
	1710292  -  ResidentSetSize of job (KB)
...
005 (24037.000.000) 03/24 05:49:09 Job terminated.
	(1) Normal termination (return value 0)
		Usr 0 00:00:08, Sys 0 00:00:01  -  Run Remote Usage
		Usr 0 00:00:00, Sys 0 00:00:00  -  Run Local Usage
		Usr 0 00:00:08, Sys 0 00:00:01  -  Total Remote Usage
		Usr 0 00:00:00, Sys 0 00:00:00  -  Total Local Usage
	0  -  Run Bytes Sent By Job
	0  -  Run Bytes Received By Job
	0  -  Total Bytes Sent By Job
	0  -  Total Bytes Received By Job
	Partitionable Resources :    Usage  Request Allocated
	   Cpus                 :                 1         6
	   Disk (KB)            :        1        1 324796460
	   Gpus                 :                           1
	   Memory (MB)          :     1671        1    128913
...
000 (24045.000.000) 03/24 05:50:21 Job submitted from host: <10.37.0.3:9618?addrs=10.37.0.3-9618+[--1]-9618&noUDP&sock=1289_b9aa_3>
...
001 (24045.000.000) 03/24 05:56:31 Job executing on host: <10.37.0.233:9618?addrs=10.37.0.233-9618+[--1]-9618&noUDP&sock=866_951b_3>
...
006 (24045.000.000) 03/24 05:56:39 Image size of job updated: 1725352
	1670  -  MemoryUsage of job (MB)
	1709988  -  ResidentSetSize of job (KB)
...
006 (24045.000.000) 03/24 05:56:40 Image size of job updated: 1743072
	1670  -  MemoryUsage of job (MB)
	1709988  -  ResidentSetSize of job (KB)
...
005 (24045.000.000) 03/24 05:56:40 Job terminated.
	(1) Normal termination (return value 0)
		Usr 0 00:00:08, Sys 0 00:00:01  -  Run Remote Usage
		Usr 0 00:00:00, Sys 0 00:00:00  -  Run Local Usage
		Usr 0 00:00:08, Sys 0 00:00:01  -  Total Remote Usage
		Usr 0 00:00:00, Sys 0 00:00:00  -  Total Local Usage
	0  -  Run Bytes Sent By Job
	0  -  Run Bytes Received By Job
	0  -  Total Bytes Sent By Job
	0  -  Total Bytes Received By Job
	Partitionable Resources :    Usage  Request Allocated
	   Cpus                 :                 1         6
	   Disk (KB)            :        1        1 324796460
	   Gpus                 :                           1
	   Memory (MB)          :     1670        1    128913
...
000 (24052.000.000) 03/24 05:58:12 Job submitted from host: <10.37.0.3:9618?addrs=10.37.0.3-9618+[--1]-9618&noUDP&sock=1289_b9aa_3>
...
001 (24052.000.000) 03/24 05:58:50 Job executing on host: <10.37.0.233:9618?addrs=10.37.0.233-9618+[--1]-9618&noUDP&sock=866_951b_3>
...
006 (24052.000.000) 03/24 05:58:56 Image size of job updated: 244180
	0  -  MemoryUsage of job (MB)
	0  -  ResidentSetSize of job (KB)
...
005 (24052.000.000) 03/24 05:58:56 Job terminated.
	(1) Normal termination (return value 1)
		Usr 0 00:00:06, Sys 0 00:00:01  -  Run Remote Usage
		Usr 0 00:00:00, Sys 0 00:00:00  -  Run Local Usage
		Usr 0 00:00:06, Sys 0 00:00:01  -  Total Remote Usage
		Usr 0 00:00:00, Sys 0 00:00:00  -  Total Local Usage
	0  -  Run Bytes Sent By Job
	0  -  Run Bytes Received By Job
	0  -  Total Bytes Sent By Job
	0  -  Total Bytes Received By Job
	Partitionable Resources :    Usage  Request Allocated
	   Cpus                 :                 1         6
	   Disk (KB)            :        1        1 324796460
	   Gpus                 :                           1
	   Memory (MB)          :        0        1    128913
...
000 (24059.000.000) 03/24 06:02:49 Job submitted from host: <10.37.0.3:9618?addrs=10.37.0.3-9618+[--1]-9618&noUDP&sock=1289_b9aa_3>
...
001 (24059.000.000) 03/24 06:07:22 Job executing on host: <10.37.0.233:9618?addrs=10.37.0.233-9618+[--1]-9618&noUDP&sock=866_951b_3>
...
006 (24059.000.000) 03/24 06:07:23 Image size of job updated: 72172
	71  -  MemoryUsage of job (MB)
	72172  -  ResidentSetSize of job (KB)
...
004 (24059.000.000) 03/24 06:07:23 Job was evicted.
	(0) Job was not checkpointed.
		Usr 0 00:00:00, Sys 0 00:00:00  -  Run Remote Usage
		Usr 0 00:00:00, Sys 0 00:00:00  -  Run Local Usage
	0  -  Run Bytes Sent By Job
	0  -  Run Bytes Received By Job
	Partitionable Resources :    Usage  Request Allocated
	   Cpus                 :                 1         6
	   Disk (KB)            :        1        1 324796460
	   Gpus                 :                           1
	   Memory (MB)          :       71        1    128913
...
009 (24059.000.000) 03/24 06:07:23 Job was aborted by the user.
	via condor_rm (by user xuezhwang2)
...
000 (24062.000.000) 03/24 06:14:13 Job submitted from host: <10.37.0.3:9618?addrs=10.37.0.3-9618+[--1]-9618&noUDP&sock=1289_b9aa_3>
...
001 (24062.000.000) 03/24 06:14:13 Job executing on host: <10.37.0.233:9618?addrs=10.37.0.233-9618+[--1]-9618&noUDP&sock=866_951b_3>
...
006 (24062.000.000) 03/24 06:14:21 Image size of job updated: 1726912
	1672  -  MemoryUsage of job (MB)
	1711548  -  ResidentSetSize of job (KB)
...
005 (24062.000.000) 03/24 06:14:24 Job terminated.
	(1) Normal termination (return value 0)
		Usr 0 00:00:11, Sys 0 00:00:02  -  Run Remote Usage
		Usr 0 00:00:00, Sys 0 00:00:00  -  Run Local Usage
		Usr 0 00:00:11, Sys 0 00:00:02  -  Total Remote Usage
		Usr 0 00:00:00, Sys 0 00:00:00  -  Total Local Usage
	0  -  Run Bytes Sent By Job
	0  -  Run Bytes Received By Job
	0  -  Total Bytes Sent By Job
	0  -  Total Bytes Received By Job
	Partitionable Resources :    Usage  Request Allocated
	   Cpus                 :                 1         6
	   Disk (KB)            :        1        1 324796460
	   Gpus                 :                           1
	   Memory (MB)          :     1672        1    128913
...
000 (24063.000.000) 03/24 06:15:09 Job submitted from host: <10.37.0.3:9618?addrs=10.37.0.3-9618+[--1]-9618&noUDP&sock=1289_b9aa_3>
...
001 (24063.000.000) 03/24 06:15:10 Job executing on host: <10.37.0.233:9618?addrs=10.37.0.233-9618+[--1]-9618&noUDP&sock=866_951b_3>
...
006 (24063.000.000) 03/24 06:15:19 Image size of job updated: 1729972
	1675  -  MemoryUsage of job (MB)
	1714608  -  ResidentSetSize of job (KB)
...
006 (24063.000.000) 03/24 06:15:21 Image size of job updated: 1761068
	1675  -  MemoryUsage of job (MB)
	1714608  -  ResidentSetSize of job (KB)
...
005 (24063.000.000) 03/24 06:15:21 Job terminated.
	(1) Normal termination (return value 0)
		Usr 0 00:00:11, Sys 0 00:00:01  -  Run Remote Usage
		Usr 0 00:00:00, Sys 0 00:00:00  -  Run Local Usage
		Usr 0 00:00:11, Sys 0 00:00:01  -  Total Remote Usage
		Usr 0 00:00:00, Sys 0 00:00:00  -  Total Local Usage
	0  -  Run Bytes Sent By Job
	0  -  Run Bytes Received By Job
	0  -  Total Bytes Sent By Job
	0  -  Total Bytes Received By Job
	Partitionable Resources :    Usage  Request Allocated
	   Cpus                 :                 1         6
	   Disk (KB)            :        1        1 324796460
	   Gpus                 :                           1
	   Memory (MB)          :     1675        1    128913
...
000 (24072.000.000) 03/24 06:27:10 Job submitted from host: <10.37.0.3:9618?addrs=10.37.0.3-9618+[--1]-9618&noUDP&sock=1289_b9aa_3>
...
001 (24072.000.000) 03/24 06:37:10 Job executing on host: <10.37.0.233:9618?addrs=10.37.0.233-9618+[--1]-9618&noUDP&sock=866_951b_3>
...
006 (24072.000.000) 03/24 06:37:18 Image size of job updated: 1725092
	1670  -  MemoryUsage of job (MB)
	1709728  -  ResidentSetSize of job (KB)
...
006 (24072.000.000) 03/24 06:37:22 Image size of job updated: 1761072
	1670  -  MemoryUsage of job (MB)
	1709728  -  ResidentSetSize of job (KB)
...
005 (24072.000.000) 03/24 06:37:22 Job terminated.
	(1) Normal termination (return value 0)
		Usr 0 00:00:11, Sys 0 00:00:01  -  Run Remote Usage
		Usr 0 00:00:00, Sys 0 00:00:00  -  Run Local Usage
		Usr 0 00:00:11, Sys 0 00:00:01  -  Total Remote Usage
		Usr 0 00:00:00, Sys 0 00:00:00  -  Total Local Usage
	0  -  Run Bytes Sent By Job
	0  -  Run Bytes Received By Job
	0  -  Total Bytes Sent By Job
	0  -  Total Bytes Received By Job
	Partitionable Resources :    Usage  Request Allocated
	   Cpus                 :                 1         6
	   Disk (KB)            :        1        1 324796460
	   Gpus                 :                           1
	   Memory (MB)          :     1670        1    128913
...
000 (24073.000.000) 03/24 06:50:22 Job submitted from host: <10.37.0.3:9618?addrs=10.37.0.3-9618+[--1]-9618&noUDP&sock=1289_b9aa_3>
...
001 (24073.000.000) 03/24 06:50:22 Job executing on host: <10.37.0.233:9618?addrs=10.37.0.233-9618+[--1]-9618&noUDP&sock=866_951b_3>
...
006 (24073.000.000) 03/24 06:50:31 Image size of job updated: 1575232
	1183  -  MemoryUsage of job (MB)
	1210672  -  ResidentSetSize of job (KB)
...
006 (24073.000.000) 03/24 06:50:38 Image size of job updated: 2266972
	1183  -  MemoryUsage of job (MB)
	1210672  -  ResidentSetSize of job (KB)
...
005 (24073.000.000) 03/24 06:50:38 Job terminated.
	(1) Normal termination (return value 0)
		Usr 0 00:00:10, Sys 0 00:00:01  -  Run Remote Usage
		Usr 0 00:00:00, Sys 0 00:00:00  -  Run Local Usage
		Usr 0 00:00:10, Sys 0 00:00:01  -  Total Remote Usage
		Usr 0 00:00:00, Sys 0 00:00:00  -  Total Local Usage
	0  -  Run Bytes Sent By Job
	0  -  Run Bytes Received By Job
	0  -  Total Bytes Sent By Job
	0  -  Total Bytes Received By Job
	Partitionable Resources :    Usage  Request Allocated
	   Cpus                 :                 1         6
	   Disk (KB)            :        1        1 324796460
	   Gpus                 :                           1
	   Memory (MB)          :     1183        1    128913
...
000 (24087.000.000) 03/24 07:24:06 Job submitted from host: <10.37.0.3:9618?addrs=10.37.0.3-9618+[--1]-9618&noUDP&sock=1289_b9aa_3>
...
001 (24087.000.000) 03/24 07:31:13 Job executing on host: <10.37.0.233:9618?addrs=10.37.0.233-9618+[--1]-9618&noUDP&sock=866_951b_3>
...
006 (24087.000.000) 03/24 07:31:21 Image size of job updated: 1735528
	1680  -  MemoryUsage of job (MB)
	1720164  -  ResidentSetSize of job (KB)
...
005 (24087.000.000) 03/24 07:31:25 Job terminated.
	(1) Normal termination (return value 0)
		Usr 0 00:00:10, Sys 0 00:00:01  -  Run Remote Usage
		Usr 0 00:00:00, Sys 0 00:00:00  -  Run Local Usage
		Usr 0 00:00:10, Sys 0 00:00:01  -  Total Remote Usage
		Usr 0 00:00:00, Sys 0 00:00:00  -  Total Local Usage
	0  -  Run Bytes Sent By Job
	0  -  Run Bytes Received By Job
	0  -  Total Bytes Sent By Job
	0  -  Total Bytes Received By Job
	Partitionable Resources :    Usage  Request Allocated
	   Cpus                 :                 1         6
	   Disk (KB)            :        1        1 324796460
	   Gpus                 :                           1
	   Memory (MB)          :     1680        1    128913
...
000 (24095.000.000) 03/24 07:37:37 Job submitted from host: <10.37.0.3:9618?addrs=10.37.0.3-9618+[--1]-9618&noUDP&sock=1289_b9aa_3>
...
001 (24095.000.000) 03/24 07:38:00 Job executing on host: <10.37.0.233:9618?addrs=10.37.0.233-9618+[--1]-9618&noUDP&sock=866_951b_3>
...
006 (24095.000.000) 03/24 07:38:03 Image size of job updated: 244512
	0  -  MemoryUsage of job (MB)
	0  -  ResidentSetSize of job (KB)
...
005 (24095.000.000) 03/24 07:38:03 Job terminated.
	(1) Normal termination (return value 1)
		Usr 0 00:00:02, Sys 0 00:00:00  -  Run Remote Usage
		Usr 0 00:00:00, Sys 0 00:00:00  -  Run Local Usage
		Usr 0 00:00:02, Sys 0 00:00:00  -  Total Remote Usage
		Usr 0 00:00:00, Sys 0 00:00:00  -  Total Local Usage
	0  -  Run Bytes Sent By Job
	0  -  Run Bytes Received By Job
	0  -  Total Bytes Sent By Job
	0  -  Total Bytes Received By Job
	Partitionable Resources :    Usage  Request Allocated
	   Cpus                 :                 1         6
	   Disk (KB)            :        1        1 324796460
	   Gpus                 :                           1
	   Memory (MB)          :        0        1    128913
...
000 (24102.000.000) 03/24 07:43:59 Job submitted from host: <10.37.0.3:9618?addrs=10.37.0.3-9618+[--1]-9618&noUDP&sock=1289_b9aa_3>
...
001 (24102.000.000) 03/24 07:53:30 Job executing on host: <10.37.0.233:9618?addrs=10.37.0.233-9618+[--1]-9618&noUDP&sock=866_951b_3>
...
006 (24102.000.000) 03/24 07:53:38 Image size of job updated: 1737972
	1683  -  MemoryUsage of job (MB)
	1722608  -  ResidentSetSize of job (KB)
...
005 (24102.000.000) 03/24 07:53:42 Job terminated.
	(1) Normal termination (return value 0)
		Usr 0 00:00:10, Sys 0 00:00:01  -  Run Remote Usage
		Usr 0 00:00:00, Sys 0 00:00:00  -  Run Local Usage
		Usr 0 00:00:10, Sys 0 00:00:01  -  Total Remote Usage
		Usr 0 00:00:00, Sys 0 00:00:00  -  Total Local Usage
	0  -  Run Bytes Sent By Job
	0  -  Run Bytes Received By Job
	0  -  Total Bytes Sent By Job
	0  -  Total Bytes Received By Job
	Partitionable Resources :    Usage  Request Allocated
	   Cpus                 :                 1         6
	   Disk (KB)            :        1        1 324796460
	   Gpus                 :                           1
	   Memory (MB)          :     1683        1    128913
...
000 (24109.000.000) 03/24 07:58:36 Job submitted from host: <10.37.0.3:9618?addrs=10.37.0.3-9618+[--1]-9618&noUDP&sock=1289_b9aa_3>
...
000 (24116.000.000) 03/24 08:07:41 Job submitted from host: <10.37.0.3:9618?addrs=10.37.0.3-9618+[--1]-9618&noUDP&sock=1289_b9aa_3>
...
009 (24116.000.000) 03/24 08:08:03 Job was aborted by the user.
	via condor_rm (by user xuezhwang2)
...
001 (24109.000.000) 03/24 08:09:29 Job executing on host: <10.37.0.239:9618?addrs=10.37.0.239-9618+[--1]-9618&noUDP&sock=870_537c_3>
...
006 (24109.000.000) 03/24 08:09:38 Image size of job updated: 1736776
	1682  -  MemoryUsage of job (MB)
	1721412  -  ResidentSetSize of job (KB)
...
006 (24109.000.000) 03/24 08:09:43 Image size of job updated: 1736788
	1682  -  MemoryUsage of job (MB)
	1721412  -  ResidentSetSize of job (KB)
...
005 (24109.000.000) 03/24 08:09:43 Job terminated.
	(1) Normal termination (return value 0)
		Usr 0 00:00:12, Sys 0 00:00:01  -  Run Remote Usage
		Usr 0 00:00:00, Sys 0 00:00:00  -  Run Local Usage
		Usr 0 00:00:12, Sys 0 00:00:01  -  Total Remote Usage
		Usr 0 00:00:00, Sys 0 00:00:00  -  Total Local Usage
	0  -  Run Bytes Sent By Job
	0  -  Run Bytes Received By Job
	0  -  Total Bytes Sent By Job
	0  -  Total Bytes Received By Job
	Partitionable Resources :    Usage  Request Allocated
	   Cpus                 :                 1         6
	   Disk (KB)            :        1        1 324769928
	   Gpus                 :                           1
	   Memory (MB)          :     1682        1    128913
...
000 (24123.000.000) 03/24 12:06:22 Job submitted from host: <10.37.0.3:9618?addrs=10.37.0.3-9618+[--1]-9618&noUDP&sock=1289_b9aa_3>
...
001 (24123.000.000) 03/24 12:15:34 Job executing on host: <10.37.0.239:9618?addrs=10.37.0.239-9618+[--1]-9618&noUDP&sock=870_537c_3>
...
006 (24123.000.000) 03/24 12:15:43 Image size of job updated: 1736060
	1681  -  MemoryUsage of job (MB)
	1720696  -  ResidentSetSize of job (KB)
...
005 (24123.000.000) 03/24 12:15:46 Job terminated.
	(1) Normal termination (return value 0)
		Usr 0 00:00:10, Sys 0 00:00:01  -  Run Remote Usage
		Usr 0 00:00:00, Sys 0 00:00:00  -  Run Local Usage
		Usr 0 00:00:10, Sys 0 00:00:01  -  Total Remote Usage
		Usr 0 00:00:00, Sys 0 00:00:00  -  Total Local Usage
	0  -  Run Bytes Sent By Job
	0  -  Run Bytes Received By Job
	0  -  Total Bytes Sent By Job
	0  -  Total Bytes Received By Job
	Partitionable Resources :    Usage  Request Allocated
	   Cpus                 :                 1         6
	   Disk (KB)            :        1        1 324769928
	   Gpus                 :                           1
	   Memory (MB)          :     1681        1    128913
...
000 (31112.000.000) 03/26 00:21:53 Job submitted from host: <10.37.0.18:9618?addrs=10.37.0.18-9618+[--1]-9618&noUDP&sock=929_cb92_3>
...
001 (31112.000.000) 03/26 00:22:04 Job executing on host: <10.37.0.197:9618?addrs=10.37.0.197-9618+[--1]-9618&noUDP&sock=1059_f6e2_3>
...
006 (31112.000.000) 03/26 00:22:08 Image size of job updated: 177484
	163  -  MemoryUsage of job (MB)
	166660  -  ResidentSetSize of job (KB)
...
004 (31112.000.000) 03/26 00:22:08 Job was evicted.
	(0) Job was not checkpointed.
		Usr 0 00:00:01, Sys 0 00:00:00  -  Run Remote Usage
		Usr 0 00:00:00, Sys 0 00:00:00  -  Run Local Usage
	0  -  Run Bytes Sent By Job
	0  -  Run Bytes Received By Job
	Partitionable Resources :    Usage  Request Allocated
	   Cpus                 :                 1         3
	   Disk (KB)            :        1        1 171433596
	   Gpus                 :                           1
	   Memory (MB)          :      163        1     64319
...
009 (31112.000.000) 03/26 00:22:08 Job was aborted by the user.
	via condor_rm (by user xuezhwang2)
...
000 (31119.000.000) 03/26 00:24:02 Job submitted from host: <10.37.0.18:9618?addrs=10.37.0.18-9618+[--1]-9618&noUDP&sock=929_cb92_3>
...
001 (31119.000.000) 03/26 00:27:20 Job executing on host: <10.37.0.197:9618?addrs=10.37.0.197-9618+[--1]-9618&noUDP&sock=1059_f6e2_3>
...
006 (31119.000.000) 03/26 00:27:28 Image size of job updated: 1691656
	1635  -  MemoryUsage of job (MB)
	1674100  -  ResidentSetSize of job (KB)
...
006 (31119.000.000) 03/26 00:27:35 Image size of job updated: 10469364
	1636  -  MemoryUsage of job (MB)
	1674628  -  ResidentSetSize of job (KB)
...
005 (31119.000.000) 03/26 00:27:35 Job terminated.
	(1) Normal termination (return value 0)
		Usr 0 00:00:12, Sys 0 00:00:01  -  Run Remote Usage
		Usr 0 00:00:00, Sys 0 00:00:00  -  Run Local Usage
		Usr 0 00:00:12, Sys 0 00:00:01  -  Total Remote Usage
		Usr 0 00:00:00, Sys 0 00:00:00  -  Total Local Usage
	0  -  Run Bytes Sent By Job
	0  -  Run Bytes Received By Job
	0  -  Total Bytes Sent By Job
	0  -  Total Bytes Received By Job
	Partitionable Resources :    Usage  Request Allocated
	   Cpus                 :                 1         3
	   Disk (KB)            :        1        1 171433596
	   Gpus                 :                           1
	   Memory (MB)          :     1636        1     64319
...
000 (31129.000.000) 03/26 00:45:00 Job submitted from host: <10.37.0.18:9618?addrs=10.37.0.18-9618+[--1]-9618&noUDP&sock=929_cb92_3>
...
001 (31129.000.000) 03/26 00:46:48 Job executing on host: <10.37.0.198:9618?addrs=10.37.0.198-9618+[--1]-9618&noUDP&sock=1061_5612_3>
...
006 (31129.000.000) 03/26 00:46:56 Image size of job updated: 1727540
	1673  -  MemoryUsage of job (MB)
	1712228  -  ResidentSetSize of job (KB)
...
005 (31129.000.000) 03/26 00:46:58 Job terminated.
	(1) Normal termination (return value 0)
		Usr 0 00:00:08, Sys 0 00:00:01  -  Run Remote Usage
		Usr 0 00:00:00, Sys 0 00:00:00  -  Run Local Usage
		Usr 0 00:00:08, Sys 0 00:00:01  -  Total Remote Usage
		Usr 0 00:00:00, Sys 0 00:00:00  -  Total Local Usage
	0  -  Run Bytes Sent By Job
	0  -  Run Bytes Received By Job
	0  -  Total Bytes Sent By Job
	0  -  Total Bytes Received By Job
	Partitionable Resources :    Usage  Request Allocated
	   Cpus                 :                 1         3
	   Disk (KB)            :        1        1 171544804
	   Gpus                 :                           1
	   Memory (MB)          :     1673        1    128831
...
000 (31141.000.000) 03/26 01:13:11 Job submitted from host: <10.37.0.18:9618?addrs=10.37.0.18-9618+[--1]-9618&noUDP&sock=929_cb92_3>
...
001 (31141.000.000) 03/26 01:15:28 Job executing on host: <10.37.0.197:9618?addrs=10.37.0.197-9618+[--1]-9618&noUDP&sock=1059_f6e2_3>
...
006 (31141.000.000) 03/26 01:15:37 Image size of job updated: 1738316
	1674  -  MemoryUsage of job (MB)
	1713764  -  ResidentSetSize of job (KB)
...
006 (31141.000.000) 03/26 01:15:42 Image size of job updated: 1759752
	1674  -  MemoryUsage of job (MB)
	1713764  -  ResidentSetSize of job (KB)
...
005 (31141.000.000) 03/26 01:15:42 Job terminated.
	(1) Normal termination (return value 0)
		Usr 0 00:00:10, Sys 0 00:00:01  -  Run Remote Usage
		Usr 0 00:00:00, Sys 0 00:00:00  -  Run Local Usage
		Usr 0 00:00:10, Sys 0 00:00:01  -  Total Remote Usage
		Usr 0 00:00:00, Sys 0 00:00:00  -  Total Local Usage
	0  -  Run Bytes Sent By Job
	0  -  Run Bytes Received By Job
	0  -  Total Bytes Sent By Job
	0  -  Total Bytes Received By Job
	Partitionable Resources :    Usage  Request Allocated
	   Cpus                 :                 1         3
	   Disk (KB)            :        1        1 171433596
	   Gpus                 :                           1
	   Memory (MB)          :     1674        1     64319
...
000 (31188.000.000) 03/26 17:58:36 Job submitted from host: <10.37.0.18:9618?addrs=10.37.0.18-9618+[--1]-9618&noUDP&sock=929_cb92_3>
...
001 (31188.000.000) 03/26 18:36:15 Job executing on host: <10.37.0.197:9618?addrs=10.37.0.197-9618+[--1]-9618&noUDP&sock=1059_f6e2_3>
...
006 (31188.000.000) 03/26 18:36:24 Image size of job updated: 1746188
	1682  -  MemoryUsage of job (MB)
	1721900  -  ResidentSetSize of job (KB)
...
006 (31188.000.000) 03/26 18:36:29 Image size of job updated: 1763480
	1682  -  MemoryUsage of job (MB)
	1721900  -  ResidentSetSize of job (KB)
...
005 (31188.000.000) 03/26 18:36:29 Job terminated.
	(1) Normal termination (return value 0)
		Usr 0 00:00:10, Sys 0 00:00:01  -  Run Remote Usage
		Usr 0 00:00:00, Sys 0 00:00:00  -  Run Local Usage
		Usr 0 00:00:10, Sys 0 00:00:01  -  Total Remote Usage
		Usr 0 00:00:00, Sys 0 00:00:00  -  Total Local Usage
	0  -  Run Bytes Sent By Job
	0  -  Run Bytes Received By Job
	0  -  Total Bytes Sent By Job
	0  -  Total Bytes Received By Job
	Partitionable Resources :    Usage  Request Allocated
	   Cpus                 :                 1         3
	   Disk (KB)            :        1        1 171433596
	   Gpus                 :                           1
	   Memory (MB)          :     1682        1     64319
...
000 (31225.000.000) 03/27 01:56:51 Job submitted from host: <10.37.0.18:9618?addrs=10.37.0.18-9618+[--1]-9618&noUDP&sock=929_cb92_3>
...
001 (31225.000.000) 03/27 01:59:52 Job executing on host: <10.37.0.195:9618?addrs=10.37.0.195-9618+[--1]-9618&noUDP&sock=1059_f6e2_3>
...
006 (31225.000.000) 03/27 02:00:00 Image size of job updated: 1732376
	1677  -  MemoryUsage of job (MB)
	1717064  -  ResidentSetSize of job (KB)
...
005 (31225.000.000) 03/27 02:00:04 Job terminated.
	(1) Normal termination (return value 0)
		Usr 0 00:00:09, Sys 0 00:00:01  -  Run Remote Usage
		Usr 0 00:00:00, Sys 0 00:00:00  -  Run Local Usage
		Usr 0 00:00:09, Sys 0 00:00:01  -  Total Remote Usage
		Usr 0 00:00:00, Sys 0 00:00:00  -  Total Local Usage
	0  -  Run Bytes Sent By Job
	0  -  Run Bytes Received By Job
	0  -  Total Bytes Sent By Job
	0  -  Total Bytes Received By Job
	Partitionable Resources :    Usage  Request Allocated
	   Cpus                 :                 1         3
	   Disk (KB)            :        1        1 171434812
	   Gpus                 :                           1
	   Memory (MB)          :     1677        1     64319
...
000 (31240.000.000) 03/27 02:55:24 Job submitted from host: <10.37.0.18:9618?addrs=10.37.0.18-9618+[--1]-9618&noUDP&sock=929_cb92_3>
...
001 (31240.000.000) 03/27 02:59:26 Job executing on host: <10.37.0.197:9618?addrs=10.37.0.197-9618+[--1]-9618&noUDP&sock=1059_f6e2_3>
...
006 (31240.000.000) 03/27 02:59:35 Image size of job updated: 1738224
	1674  -  MemoryUsage of job (MB)
	1713804  -  ResidentSetSize of job (KB)
...
005 (31240.000.000) 03/27 02:59:39 Job terminated.
	(1) Normal termination (return value 0)
		Usr 0 00:00:09, Sys 0 00:00:01  -  Run Remote Usage
		Usr 0 00:00:00, Sys 0 00:00:00  -  Run Local Usage
		Usr 0 00:00:09, Sys 0 00:00:01  -  Total Remote Usage
		Usr 0 00:00:00, Sys 0 00:00:00  -  Total Local Usage
	0  -  Run Bytes Sent By Job
	0  -  Run Bytes Received By Job
	0  -  Total Bytes Sent By Job
	0  -  Total Bytes Received By Job
	Partitionable Resources :    Usage  Request Allocated
	   Cpus                 :                 1         3
	   Disk (KB)            :        1        1 171433596
	   Gpus                 :                           1
	   Memory (MB)          :     1674        1     64319
...
000 (31250.000.000) 03/27 08:31:29 Job submitted from host: <10.37.0.18:9618?addrs=10.37.0.18-9618+[--1]-9618&noUDP&sock=929_cb92_3>
...
001 (31250.000.000) 03/27 08:34:49 Job executing on host: <10.37.0.197:9618?addrs=10.37.0.197-9618+[--1]-9618&noUDP&sock=1059_f6e2_3>
...
006 (31250.000.000) 03/27 08:34:57 Image size of job updated: 1744024
	1680  -  MemoryUsage of job (MB)
	1719604  -  ResidentSetSize of job (KB)
...
006 (31250.000.000) 03/27 08:35:01 Image size of job updated: 1744096
	1680  -  MemoryUsage of job (MB)
	1719604  -  ResidentSetSize of job (KB)
...
005 (31250.000.000) 03/27 08:35:01 Job terminated.
	(1) Normal termination (return value 0)
		Usr 0 00:00:09, Sys 0 00:00:01  -  Run Remote Usage
		Usr 0 00:00:00, Sys 0 00:00:00  -  Run Local Usage
		Usr 0 00:00:09, Sys 0 00:00:01  -  Total Remote Usage
		Usr 0 00:00:00, Sys 0 00:00:00  -  Total Local Usage
	0  -  Run Bytes Sent By Job
	0  -  Run Bytes Received By Job
	0  -  Total Bytes Sent By Job
	0  -  Total Bytes Received By Job
	Partitionable Resources :    Usage  Request Allocated
	   Cpus                 :                 1         3
	   Disk (KB)            :        1        1 171433596
	   Gpus                 :                           1
	   Memory (MB)          :     1680        1     64319
...
000 (31271.000.000) 03/27 14:25:25 Job submitted from host: <10.37.0.18:9618?addrs=10.37.0.18-9618+[--1]-9618&noUDP&sock=929_cb92_3>
...
001 (31271.000.000) 03/27 14:28:39 Job executing on host: <10.37.0.197:9618?addrs=10.37.0.197-9618+[--1]-9618&noUDP&sock=1059_f6e2_3>
...
006 (31271.000.000) 03/27 14:28:48 Image size of job updated: 1737548
	1673  -  MemoryUsage of job (MB)
	1713128  -  ResidentSetSize of job (KB)
...
006 (31271.000.000) 03/27 14:28:52 Image size of job updated: 1756552
	1673  -  MemoryUsage of job (MB)
	1713128  -  ResidentSetSize of job (KB)
...
005 (31271.000.000) 03/27 14:28:52 Job terminated.
	(1) Normal termination (return value 0)
		Usr 0 00:00:09, Sys 0 00:00:01  -  Run Remote Usage
		Usr 0 00:00:00, Sys 0 00:00:00  -  Run Local Usage
		Usr 0 00:00:09, Sys 0 00:00:01  -  Total Remote Usage
		Usr 0 00:00:00, Sys 0 00:00:00  -  Total Local Usage
	0  -  Run Bytes Sent By Job
	0  -  Run Bytes Received By Job
	0  -  Total Bytes Sent By Job
	0  -  Total Bytes Received By Job
	Partitionable Resources :    Usage  Request Allocated
	   Cpus                 :                 1         3
	   Disk (KB)            :        1        1 171433596
	   Gpus                 :                           1
	   Memory (MB)          :     1673        1     64319
...
000 (31284.000.000) 03/27 14:45:23 Job submitted from host: <10.37.0.18:9618?addrs=10.37.0.18-9618+[--1]-9618&noUDP&sock=929_cb92_3>
...
001 (31284.000.000) 03/27 14:52:36 Job executing on host: <10.37.0.195:9618?addrs=10.37.0.195-9618+[--1]-9618&noUDP&sock=1059_f6e2_3>
...
006 (31284.000.000) 03/27 14:52:44 Image size of job updated: 1726356
	1671  -  MemoryUsage of job (MB)
	1711044  -  ResidentSetSize of job (KB)
...
005 (31284.000.000) 03/27 14:52:47 Job terminated.
	(1) Normal termination (return value 0)
		Usr 0 00:00:08, Sys 0 00:00:01  -  Run Remote Usage
		Usr 0 00:00:00, Sys 0 00:00:00  -  Run Local Usage
		Usr 0 00:00:08, Sys 0 00:00:01  -  Total Remote Usage
		Usr 0 00:00:00, Sys 0 00:00:00  -  Total Local Usage
	0  -  Run Bytes Sent By Job
	0  -  Run Bytes Received By Job
	0  -  Total Bytes Sent By Job
	0  -  Total Bytes Received By Job
	Partitionable Resources :    Usage  Request Allocated
	   Cpus                 :                 1         3
	   Disk (KB)            :        1        1 171434812
	   Gpus                 :                           1
	   Memory (MB)          :     1671        1     64319
...
000 (31294.000.000) 03/27 15:03:53 Job submitted from host: <10.37.0.18:9618?addrs=10.37.0.18-9618+[--1]-9618&noUDP&sock=929_cb92_3>
...
001 (31294.000.000) 03/27 15:11:27 Job executing on host: <10.37.0.195:9618?addrs=10.37.0.195-9618+[--1]-9618&noUDP&sock=1059_f6e2_3>
...
006 (31294.000.000) 03/27 15:11:35 Image size of job updated: 1644904
	1592  -  MemoryUsage of job (MB)
	1629592  -  ResidentSetSize of job (KB)
...
006 (31294.000.000) 03/27 15:11:38 Image size of job updated: 1745008
	1594  -  MemoryUsage of job (MB)
	1631968  -  ResidentSetSize of job (KB)
...
005 (31294.000.000) 03/27 15:11:38 Job terminated.
	(1) Normal termination (return value 0)
		Usr 0 00:00:08, Sys 0 00:00:01  -  Run Remote Usage
		Usr 0 00:00:00, Sys 0 00:00:00  -  Run Local Usage
		Usr 0 00:00:08, Sys 0 00:00:01  -  Total Remote Usage
		Usr 0 00:00:00, Sys 0 00:00:00  -  Total Local Usage
	0  -  Run Bytes Sent By Job
	0  -  Run Bytes Received By Job
	0  -  Total Bytes Sent By Job
	0  -  Total Bytes Received By Job
	Partitionable Resources :    Usage  Request Allocated
	   Cpus                 :                 1         3
	   Disk (KB)            :        1        1 171434812
	   Gpus                 :                           1
	   Memory (MB)          :     1594        1     64319
...
000 (31306.000.000) 03/27 15:31:54 Job submitted from host: <10.37.0.18:9618?addrs=10.37.0.18-9618+[--1]-9618&noUDP&sock=929_cb92_3>
...
001 (31306.000.000) 03/27 15:40:43 Job executing on host: <10.37.0.195:9618?addrs=10.37.0.195-9618+[--1]-9618&noUDP&sock=1059_f6e2_3>
...
006 (31306.000.000) 03/27 15:40:52 Image size of job updated: 1727552
	1673  -  MemoryUsage of job (MB)
	1712240  -  ResidentSetSize of job (KB)
...
005 (31306.000.000) 03/27 15:40:55 Job terminated.
	(1) Normal termination (return value 0)
		Usr 0 00:00:09, Sys 0 00:00:01  -  Run Remote Usage
		Usr 0 00:00:00, Sys 0 00:00:00  -  Run Local Usage
		Usr 0 00:00:09, Sys 0 00:00:01  -  Total Remote Usage
		Usr 0 00:00:00, Sys 0 00:00:00  -  Total Local Usage
	0  -  Run Bytes Sent By Job
	0  -  Run Bytes Received By Job
	0  -  Total Bytes Sent By Job
	0  -  Total Bytes Received By Job
	Partitionable Resources :    Usage  Request Allocated
	   Cpus                 :                 1         3
	   Disk (KB)            :        1        1 171434812
	   Gpus                 :                           1
	   Memory (MB)          :     1673        1     64319
...
000 (24163.000.000) 03/27 15:54:05 Job submitted from host: <10.37.0.3:9618?addrs=10.37.0.3-9618+[--1]-9618&noUDP&sock=1289_b9aa_3>
...
001 (24163.000.000) 03/27 15:55:25 Job executing on host: <10.37.0.235:9618?addrs=10.37.0.235-9618+[--1]-9618&noUDP&sock=1356_ae83_3>
...
006 (24163.000.000) 03/27 15:55:34 Image size of job updated: 1751176
	1686  -  MemoryUsage of job (MB)
	1726120  -  ResidentSetSize of job (KB)
...
006 (24163.000.000) 03/27 15:55:36 Image size of job updated: 10728744
	1686  -  MemoryUsage of job (MB)
	1726120  -  ResidentSetSize of job (KB)
...
005 (24163.000.000) 03/27 15:55:36 Job terminated.
	(1) Normal termination (return value 0)
		Usr 0 00:00:08, Sys 0 00:00:01  -  Run Remote Usage
		Usr 0 00:00:00, Sys 0 00:00:00  -  Run Local Usage
		Usr 0 00:00:08, Sys 0 00:00:01  -  Total Remote Usage
		Usr 0 00:00:00, Sys 0 00:00:00  -  Total Local Usage
	0  -  Run Bytes Sent By Job
	0  -  Run Bytes Received By Job
	0  -  Total Bytes Sent By Job
	0  -  Total Bytes Received By Job
	Partitionable Resources :    Usage  Request Allocated
	   Cpus                 :                 1         6
	   Disk (KB)            :        1        1 324747420
	   Gpus                 :                           1
	   Memory (MB)          :     1686        1    128913
...
000 (24173.000.000) 03/27 16:10:57 Job submitted from host: <10.37.0.3:9618?addrs=10.37.0.3-9618+[--1]-9618&noUDP&sock=1289_b9aa_3>
...
001 (24173.000.000) 03/27 16:12:25 Job executing on host: <10.37.0.186:9618?addrs=10.37.0.186-9618+[--1]-9618&noUDP&sock=935_e924_3>
...
006 (24173.000.000) 03/27 16:12:33 Image size of job updated: 1743540
	1688  -  MemoryUsage of job (MB)
	1728176  -  ResidentSetSize of job (KB)
...
005 (24173.000.000) 03/27 16:12:36 Job terminated.
	(1) Normal termination (return value 0)
		Usr 0 00:00:11, Sys 0 00:00:01  -  Run Remote Usage
		Usr 0 00:00:00, Sys 0 00:00:00  -  Run Local Usage
		Usr 0 00:00:11, Sys 0 00:00:01  -  Total Remote Usage
		Usr 0 00:00:00, Sys 0 00:00:00  -  Total Local Usage
	0  -  Run Bytes Sent By Job
	0  -  Run Bytes Received By Job
	0  -  Total Bytes Sent By Job
	0  -  Total Bytes Received By Job
	Partitionable Resources :    Usage  Request Allocated
	   Cpus                 :                 1        12
	   Disk (KB)            :        1        1 324805332
	   Gpus                 :                           2
	   Memory (MB)          :     1688        1    257936
...
000 (24183.000.000) 03/27 16:25:49 Job submitted from host: <10.37.0.3:9618?addrs=10.37.0.3-9618+[--1]-9618&noUDP&sock=1289_b9aa_3>
...
001 (24183.000.000) 03/27 16:27:16 Job executing on host: <10.37.0.235:9618?addrs=10.37.0.235-9618+[--1]-9618&noUDP&sock=1356_ae83_3>
...
006 (24183.000.000) 03/27 16:27:24 Image size of job updated: 1751308
	1686  -  MemoryUsage of job (MB)
	1726268  -  ResidentSetSize of job (KB)
...
005 (24183.000.000) 03/27 16:27:26 Job terminated.
	(1) Normal termination (return value 0)
		Usr 0 00:00:08, Sys 0 00:00:01  -  Run Remote Usage
		Usr 0 00:00:00, Sys 0 00:00:00  -  Run Local Usage
		Usr 0 00:00:08, Sys 0 00:00:01  -  Total Remote Usage
		Usr 0 00:00:00, Sys 0 00:00:00  -  Total Local Usage
	0  -  Run Bytes Sent By Job
	0  -  Run Bytes Received By Job
	0  -  Total Bytes Sent By Job
	0  -  Total Bytes Received By Job
	Partitionable Resources :    Usage  Request Allocated
	   Cpus                 :                 1         6
	   Disk (KB)            :        1        1 324747420
	   Gpus                 :                           1
	   Memory (MB)          :     1686        1    128913
...
000 (24193.000.000) 03/27 16:35:03 Job submitted from host: <10.37.0.3:9618?addrs=10.37.0.3-9618+[--1]-9618&noUDP&sock=1289_b9aa_3>
...
001 (24193.000.000) 03/27 16:35:31 Job executing on host: <10.37.0.235:9618?addrs=10.37.0.235-9618+[--1]-9618&noUDP&sock=1356_ae83_3>
...
006 (24193.000.000) 03/27 16:35:35 Image size of job updated: 410832
	240  -  MemoryUsage of job (MB)
	244788  -  ResidentSetSize of job (KB)
...
004 (24193.000.000) 03/27 16:35:35 Job was evicted.
	(0) Job was not checkpointed.
		Usr 0 00:00:02, Sys 0 00:00:01  -  Run Remote Usage
		Usr 0 00:00:00, Sys 0 00:00:00  -  Run Local Usage
	0  -  Run Bytes Sent By Job
	0  -  Run Bytes Received By Job
	Partitionable Resources :    Usage  Request Allocated
	   Cpus                 :                 1         6
	   Disk (KB)            :        1        1 324747420
	   Gpus                 :                           1
	   Memory (MB)          :      240        1    128913
...
009 (24193.000.000) 03/27 16:35:35 Job was aborted by the user.
	via condor_rm (by user xuezhwang2)
...
000 (24203.000.000) 03/27 16:35:55 Job submitted from host: <10.37.0.3:9618?addrs=10.37.0.3-9618+[--1]-9618&noUDP&sock=1289_b9aa_3>
...
001 (24203.000.000) 03/27 16:37:09 Job executing on host: <10.37.0.235:9618?addrs=10.37.0.235-9618+[--1]-9618&noUDP&sock=1356_ae83_3>
...
006 (24203.000.000) 03/27 16:37:17 Image size of job updated: 1747444
	1690  -  MemoryUsage of job (MB)
	1729816  -  ResidentSetSize of job (KB)
...
006 (24203.000.000) 03/27 16:37:18 Image size of job updated: 1755392
	1690  -  MemoryUsage of job (MB)
	1729816  -  ResidentSetSize of job (KB)
...
005 (24203.000.000) 03/27 16:37:18 Job terminated.
	(1) Normal termination (return value 0)
		Usr 0 00:00:08, Sys 0 00:00:01  -  Run Remote Usage
		Usr 0 00:00:00, Sys 0 00:00:00  -  Run Local Usage
		Usr 0 00:00:08, Sys 0 00:00:01  -  Total Remote Usage
		Usr 0 00:00:00, Sys 0 00:00:00  -  Total Local Usage
	0  -  Run Bytes Sent By Job
	0  -  Run Bytes Received By Job
	0  -  Total Bytes Sent By Job
	0  -  Total Bytes Received By Job
	Partitionable Resources :    Usage  Request Allocated
	   Cpus                 :                 1         6
	   Disk (KB)            :        1        1 324747420
	   Gpus                 :                           1
	   Memory (MB)          :     1690        1    128913
...
000 (24393.000.000) 03/30 17:11:38 Job submitted from host: <10.37.0.3:9618?addrs=10.37.0.3-9618+[--1]-9618&noUDP&sock=1289_b9aa_3>
...
001 (24393.000.000) 03/30 17:12:04 Job executing on host: <10.37.0.238:9618?addrs=10.37.0.238-9618+[--1]-9618&noUDP&sock=867_44b3_3>
...
006 (24393.000.000) 03/30 17:12:13 Image size of job updated: 1748792
	1693  -  MemoryUsage of job (MB)
	1733428  -  ResidentSetSize of job (KB)
...
005 (24393.000.000) 03/30 17:12:14 Job terminated.
	(1) Normal termination (return value 0)
		Usr 0 00:00:08, Sys 0 00:00:01  -  Run Remote Usage
		Usr 0 00:00:00, Sys 0 00:00:00  -  Run Local Usage
		Usr 0 00:00:08, Sys 0 00:00:01  -  Total Remote Usage
		Usr 0 00:00:00, Sys 0 00:00:00  -  Total Local Usage
	0  -  Run Bytes Sent By Job
	0  -  Run Bytes Received By Job
	0  -  Total Bytes Sent By Job
	0  -  Total Bytes Received By Job
	Partitionable Resources :    Usage  Request Allocated
	   Cpus                 :                 1         6
	   Disk (KB)            :        1        1 324820936
	   Gpus                 :                           1
	   Memory (MB)          :     1693        1    128913
...
000 (24403.000.000) 03/30 17:14:33 Job submitted from host: <10.37.0.3:9618?addrs=10.37.0.3-9618+[--1]-9618&noUDP&sock=1289_b9aa_3>
...
001 (24403.000.000) 03/30 17:15:39 Job executing on host: <10.37.0.236:9618?addrs=10.37.0.236-9618+[--1]-9618&noUDP&sock=868_f44b_3>
...
006 (24403.000.000) 03/30 17:15:48 Image size of job updated: 10715152
	0  -  MemoryUsage of job (MB)
	0  -  ResidentSetSize of job (KB)
...
005 (24403.000.000) 03/30 17:15:48 Job terminated.
	(1) Normal termination (return value 0)
		Usr 0 00:00:08, Sys 0 00:00:01  -  Run Remote Usage
		Usr 0 00:00:00, Sys 0 00:00:00  -  Run Local Usage
		Usr 0 00:00:08, Sys 0 00:00:01  -  Total Remote Usage
		Usr 0 00:00:00, Sys 0 00:00:00  -  Total Local Usage
	0  -  Run Bytes Sent By Job
	0  -  Run Bytes Received By Job
	0  -  Total Bytes Sent By Job
	0  -  Total Bytes Received By Job
	Partitionable Resources :    Usage  Request Allocated
	   Cpus                 :                 1         6
	   Disk (KB)            :        1        1 324829556
	   Gpus                 :                           1
	   Memory (MB)          :        0        1    128913
...
000 (24415.000.000) 03/30 17:25:53 Job submitted from host: <10.37.0.3:9618?addrs=10.37.0.3-9618+[--1]-9618&noUDP&sock=1289_b9aa_3>
...
001 (24415.000.000) 03/30 17:27:06 Job executing on host: <10.37.0.236:9618?addrs=10.37.0.236-9618+[--1]-9618&noUDP&sock=868_f44b_3>
...
006 (24415.000.000) 03/30 17:27:14 Image size of job updated: 1736204
	1681  -  MemoryUsage of job (MB)
	1720840  -  ResidentSetSize of job (KB)
...
005 (24415.000.000) 03/30 17:27:15 Job terminated.
	(1) Normal termination (return value 0)
		Usr 0 00:00:08, Sys 0 00:00:01  -  Run Remote Usage
		Usr 0 00:00:00, Sys 0 00:00:00  -  Run Local Usage
		Usr 0 00:00:08, Sys 0 00:00:01  -  Total Remote Usage
		Usr 0 00:00:00, Sys 0 00:00:00  -  Total Local Usage
	0  -  Run Bytes Sent By Job
	0  -  Run Bytes Received By Job
	0  -  Total Bytes Sent By Job
	0  -  Total Bytes Received By Job
	Partitionable Resources :    Usage  Request Allocated
	   Cpus                 :                 1         6
	   Disk (KB)            :        1        1 324829556
	   Gpus                 :                           1
	   Memory (MB)          :     1681        1    128913
...
000 (24427.000.000) 03/30 17:35:39 Job submitted from host: <10.37.0.3:9618?addrs=10.37.0.3-9618+[--1]-9618&noUDP&sock=1289_b9aa_3>
...
001 (24427.000.000) 03/30 17:37:00 Job executing on host: <10.37.0.239:9618?addrs=10.37.0.239-9618+[--1]-9618&noUDP&sock=870_537c_3>
...
006 (24427.000.000) 03/30 17:37:08 Image size of job updated: 1748952
	1684  -  MemoryUsage of job (MB)
	1724160  -  ResidentSetSize of job (KB)
...
006 (24427.000.000) 03/30 17:37:11 Image size of job updated: 10715004
	1684  -  MemoryUsage of job (MB)
	1724160  -  ResidentSetSize of job (KB)
...
005 (24427.000.000) 03/30 17:37:11 Job terminated.
	(1) Normal termination (return value 0)
		Usr 0 00:00:10, Sys 0 00:00:01  -  Run Remote Usage
		Usr 0 00:00:00, Sys 0 00:00:00  -  Run Local Usage
		Usr 0 00:00:10, Sys 0 00:00:01  -  Total Remote Usage
		Usr 0 00:00:00, Sys 0 00:00:00  -  Total Local Usage
	0  -  Run Bytes Sent By Job
	0  -  Run Bytes Received By Job
	0  -  Total Bytes Sent By Job
	0  -  Total Bytes Received By Job
	Partitionable Resources :    Usage  Request Allocated
	   Cpus                 :                 1         6
	   Disk (KB)            :        1        1 324769928
	   Gpus                 :                           1
	   Memory (MB)          :     1684        1    128913
...
000 (24438.000.000) 03/30 17:37:38 Job submitted from host: <10.37.0.3:9618?addrs=10.37.0.3-9618+[--1]-9618&noUDP&sock=1289_b9aa_3>
...
009 (24438.000.000) 03/30 17:38:07 Job was aborted by the user.
	via condor_rm (by user xuezhwang2)
...
000 (24452.000.000) 03/30 17:43:24 Job submitted from host: <10.37.0.3:9618?addrs=10.37.0.3-9618+[--1]-9618&noUDP&sock=1289_b9aa_3>
...
001 (24452.000.000) 03/30 17:46:06 Job executing on host: <10.37.0.186:9618?addrs=10.37.0.186-9618+[--1]-9618&noUDP&sock=935_e924_3>
...
006 (24452.000.000) 03/30 17:46:15 Image size of job updated: 1736268
	1681  -  MemoryUsage of job (MB)
	1720904  -  ResidentSetSize of job (KB)
...
005 (24452.000.000) 03/30 17:46:17 Job terminated.
	(1) Normal termination (return value 0)
		Usr 0 00:00:10, Sys 0 00:00:01  -  Run Remote Usage
		Usr 0 00:00:00, Sys 0 00:00:00  -  Run Local Usage
		Usr 0 00:00:10, Sys 0 00:00:01  -  Total Remote Usage
		Usr 0 00:00:00, Sys 0 00:00:00  -  Total Local Usage
	0  -  Run Bytes Sent By Job
	0  -  Run Bytes Received By Job
	0  -  Total Bytes Sent By Job
	0  -  Total Bytes Received By Job
	Partitionable Resources :    Usage  Request Allocated
	   Cpus                 :                 1        12
	   Disk (KB)            :        1        1 324805332
	   Gpus                 :                           2
	   Memory (MB)          :     1681        1    257936
...
000 (24462.000.000) 03/30 17:51:36 Job submitted from host: <10.37.0.3:9618?addrs=10.37.0.3-9618+[--1]-9618&noUDP&sock=1289_b9aa_3>
...
001 (24462.000.000) 03/30 17:54:12 Job executing on host: <10.37.0.186:9618?addrs=10.37.0.186-9618+[--1]-9618&noUDP&sock=935_e924_3>
...
006 (24462.000.000) 03/30 17:54:21 Image size of job updated: 1737044
	1682  -  MemoryUsage of job (MB)
	1721680  -  ResidentSetSize of job (KB)
...
005 (24462.000.000) 03/30 17:54:25 Job terminated.
	(1) Normal termination (return value 0)
		Usr 0 00:00:13, Sys 0 00:00:01  -  Run Remote Usage
		Usr 0 00:00:00, Sys 0 00:00:00  -  Run Local Usage
		Usr 0 00:00:13, Sys 0 00:00:01  -  Total Remote Usage
		Usr 0 00:00:00, Sys 0 00:00:00  -  Total Local Usage
	0  -  Run Bytes Sent By Job
	0  -  Run Bytes Received By Job
	0  -  Total Bytes Sent By Job
	0  -  Total Bytes Received By Job
	Partitionable Resources :    Usage  Request Allocated
	   Cpus                 :                 1        12
	   Disk (KB)            :        1        1 324805332
	   Gpus                 :                           2
	   Memory (MB)          :     1682        1    257936
...
000 (31433.000.000) 04/03 15:32:42 Job submitted from host: <10.37.0.18:9618?addrs=10.37.0.18-9618+[--1]-9618&noUDP&sock=929_cb92_3>
...
001 (31433.000.000) 04/03 15:35:18 Job executing on host: <10.37.0.195:9618?addrs=10.37.0.195-9618+[--1]-9618&noUDP&sock=1059_f6e2_3>
...
006 (31433.000.000) 04/03 15:35:26 Image size of job updated: 1567408
	1512  -  MemoryUsage of job (MB)
	1548004  -  ResidentSetSize of job (KB)
...
006 (31433.000.000) 04/03 15:35:31 Image size of job updated: 1567408
	1517  -  MemoryUsage of job (MB)
	1553268  -  ResidentSetSize of job (KB)
...
005 (31433.000.000) 04/03 15:35:31 Job terminated.
	(1) Normal termination (return value 0)
		Usr 0 00:00:10, Sys 0 00:00:01  -  Run Remote Usage
		Usr 0 00:00:00, Sys 0 00:00:00  -  Run Local Usage
		Usr 0 00:00:10, Sys 0 00:00:01  -  Total Remote Usage
		Usr 0 00:00:00, Sys 0 00:00:00  -  Total Local Usage
	0  -  Run Bytes Sent By Job
	0  -  Run Bytes Received By Job
	0  -  Total Bytes Sent By Job
	0  -  Total Bytes Received By Job
	Partitionable Resources :    Usage  Request Allocated
	   Cpus                 :                 1         3
	   Disk (KB)            :        1        1 171434812
	   Gpus                 :                           1
	   Memory (MB)          :     1517        1     64319
...
000 (24560.000.000) 04/03 17:38:06 Job submitted from host: <10.37.0.3:9618?addrs=10.37.0.3-9618+[--1]-9618&noUDP&sock=1289_b9aa_3>
...
009 (24560.000.000) 04/03 17:38:18 Job was aborted by the user.
	via condor_rm (by user xuezhwang2)
...
000 (24638.000.000) 04/03 21:38:04 Job submitted from host: <10.37.0.3:9618?addrs=10.37.0.3-9618+[--1]-9618&noUDP&sock=1289_b9aa_3>
...
001 (24638.000.000) 04/03 21:38:07 Job executing on host: <10.37.0.186:9618?addrs=10.37.0.186-9618+[--1]-9618&noUDP&sock=935_e924_3>
...
006 (24638.000.000) 04/03 21:38:16 Image size of job updated: 1734808
	1680  -  MemoryUsage of job (MB)
	1719444  -  ResidentSetSize of job (KB)
...
006 (24638.000.000) 04/03 21:38:20 Image size of job updated: 1734820
	1680  -  MemoryUsage of job (MB)
	1719444  -  ResidentSetSize of job (KB)
...
005 (24638.000.000) 04/03 21:38:20 Job terminated.
	(1) Normal termination (return value 0)
		Usr 0 00:00:14, Sys 0 00:00:02  -  Run Remote Usage
		Usr 0 00:00:00, Sys 0 00:00:00  -  Run Local Usage
		Usr 0 00:00:14, Sys 0 00:00:02  -  Total Remote Usage
		Usr 0 00:00:00, Sys 0 00:00:00  -  Total Local Usage
	0  -  Run Bytes Sent By Job
	0  -  Run Bytes Received By Job
	0  -  Total Bytes Sent By Job
	0  -  Total Bytes Received By Job
	Partitionable Resources :    Usage  Request Allocated
	   Cpus                 :                 1        12
	   Disk (KB)            :        1        1 324805332
	   Gpus                 :                           2
	   Memory (MB)          :     1680        1    257936
...
000 (24797.000.000) 04/04 16:58:50 Job submitted from host: <10.37.0.3:9618?addrs=10.37.0.3-9618+[--1]-9618&noUDP&sock=1289_b9aa_3>
...
001 (24797.000.000) 04/04 17:01:05 Job executing on host: <10.37.0.236:9618?addrs=10.37.0.236-9618+[--1]-9618&noUDP&sock=868_f44b_3>
...
006 (24797.000.000) 04/04 17:01:13 Image size of job updated: 1744544
	1680  -  MemoryUsage of job (MB)
	1719836  -  ResidentSetSize of job (KB)
...
006 (24797.000.000) 04/04 17:01:18 Image size of job updated: 1744556
	1680  -  MemoryUsage of job (MB)
	1719836  -  ResidentSetSize of job (KB)
...
005 (24797.000.000) 04/04 17:01:18 Job terminated.
	(1) Normal termination (return value 0)
		Usr 0 00:00:10, Sys 0 00:00:01  -  Run Remote Usage
		Usr 0 00:00:00, Sys 0 00:00:00  -  Run Local Usage
		Usr 0 00:00:10, Sys 0 00:00:01  -  Total Remote Usage
		Usr 0 00:00:00, Sys 0 00:00:00  -  Total Local Usage
	0  -  Run Bytes Sent By Job
	0  -  Run Bytes Received By Job
	0  -  Total Bytes Sent By Job
	0  -  Total Bytes Received By Job
	Partitionable Resources :    Usage  Request Allocated
	   Cpus                 :                 1         6
	   Disk (KB)            :        1        1 324829556
	   Gpus                 :                           1
	   Memory (MB)          :     1680        1    128913
...
000 (24807.000.000) 04/04 17:05:02 Job submitted from host: <10.37.0.3:9618?addrs=10.37.0.3-9618+[--1]-9618&noUDP&sock=1289_b9aa_3>
...
001 (24807.000.000) 04/04 17:06:41 Job executing on host: <10.37.0.236:9618?addrs=10.37.0.236-9618+[--1]-9618&noUDP&sock=868_f44b_3>
...
006 (24807.000.000) 04/04 17:06:49 Image size of job updated: 1741636
	1686  -  MemoryUsage of job (MB)
	1726272  -  ResidentSetSize of job (KB)
...
006 (24807.000.000) 04/04 17:06:52 Image size of job updated: 1759036
	1686  -  MemoryUsage of job (MB)
	1726272  -  ResidentSetSize of job (KB)
...
005 (24807.000.000) 04/04 17:06:52 Job terminated.
	(1) Normal termination (return value 0)
		Usr 0 00:00:09, Sys 0 00:00:01  -  Run Remote Usage
		Usr 0 00:00:00, Sys 0 00:00:00  -  Run Local Usage
		Usr 0 00:00:09, Sys 0 00:00:01  -  Total Remote Usage
		Usr 0 00:00:00, Sys 0 00:00:00  -  Total Local Usage
	0  -  Run Bytes Sent By Job
	0  -  Run Bytes Received By Job
	0  -  Total Bytes Sent By Job
	0  -  Total Bytes Received By Job
	Partitionable Resources :    Usage  Request Allocated
	   Cpus                 :                 1         6
	   Disk (KB)            :        1        1 324829556
	   Gpus                 :                           1
	   Memory (MB)          :     1686        1    128913
...
000 (24817.000.000) 04/04 17:11:04 Job submitted from host: <10.37.0.3:9618?addrs=10.37.0.3-9618+[--1]-9618&noUDP&sock=1289_b9aa_3>
...
000 (24827.000.000) 04/04 17:11:51 Job submitted from host: <10.37.0.3:9618?addrs=10.37.0.3-9618+[--1]-9618&noUDP&sock=1289_b9aa_3>
...
009 (24827.000.000) 04/04 17:12:04 Job was aborted by the user.
	via condor_rm (by user xuezhwang2)
...
001 (24817.000.000) 04/04 17:12:15 Job executing on host: <10.37.0.236:9618?addrs=10.37.0.236-9618+[--1]-9618&noUDP&sock=868_f44b_3>
...
006 (24817.000.000) 04/04 17:12:23 Image size of job updated: 1737684
	1682  -  MemoryUsage of job (MB)
	1722320  -  ResidentSetSize of job (KB)
...
005 (24817.000.000) 04/04 17:12:25 Job terminated.
	(1) Normal termination (return value 0)
		Usr 0 00:00:08, Sys 0 00:00:01  -  Run Remote Usage
		Usr 0 00:00:00, Sys 0 00:00:00  -  Run Local Usage
		Usr 0 00:00:08, Sys 0 00:00:01  -  Total Remote Usage
		Usr 0 00:00:00, Sys 0 00:00:00  -  Total Local Usage
	0  -  Run Bytes Sent By Job
	0  -  Run Bytes Received By Job
	0  -  Total Bytes Sent By Job
	0  -  Total Bytes Received By Job
	Partitionable Resources :    Usage  Request Allocated
	   Cpus                 :                 1         6
	   Disk (KB)            :        1        1 324829556
	   Gpus                 :                           1
	   Memory (MB)          :     1682        1    128913
...
