000 (30688.000.000) 03/17 05:52:05 Job submitted from host: <10.37.0.18:9618?addrs=10.37.0.18-9618+[--1]-9618&noUDP&sock=929_cb92_3>
...
001 (30688.000.000) 03/17 05:52:30 Job executing on host: <10.37.0.194:9618?addrs=10.37.0.194-9618+[--1]-9618&noUDP&sock=1059_f6e2_3>
...
006 (30688.000.000) 03/17 05:52:39 Image size of job updated: 1704008
	1650  -  MemoryUsage of job (MB)
	1688696  -  ResidentSetSize of job (KB)
...
006 (30688.000.000) 03/17 05:53:43 Image size of job updated: 1921552
	1650  -  MemoryUsage of job (MB)
	1688696  -  ResidentSetSize of job (KB)
...
005 (30688.000.000) 03/17 05:53:43 Job terminated.
	(1) Normal termination (return value 0)
		Usr 0 00:01:05, Sys 0 00:00:03  -  Run Remote Usage
		Usr 0 00:00:00, Sys 0 00:00:00  -  Run Local Usage
		Usr 0 00:01:05, Sys 0 00:00:03  -  Total Remote Usage
		Usr 0 00:00:00, Sys 0 00:00:00  -  Total Local Usage
	0  -  Run Bytes Sent By Job
	0  -  Run Bytes Received By Job
	0  -  Total Bytes Sent By Job
	0  -  Total Bytes Received By Job
	Partitionable Resources :    Usage  Request Allocated
	   Cpus                 :                 1         3
	   Disk (KB)            :        1        1 171437392
	   Gpus                 :                           1
	   Memory (MB)          :     1650        1     64319
...
000 (30695.000.000) 03/17 05:59:00 Job submitted from host: <10.37.0.18:9618?addrs=10.37.0.18-9618+[--1]-9618&noUDP&sock=929_cb92_3>
...
001 (30695.000.000) 03/17 05:59:25 Job executing on host: <10.37.0.194:9618?addrs=10.37.0.194-9618+[--1]-9618&noUDP&sock=1059_f6e2_3>
...
006 (30695.000.000) 03/17 05:59:33 Image size of job updated: 1700304
	1646  -  MemoryUsage of job (MB)
	1685124  -  ResidentSetSize of job (KB)
...
006 (30695.000.000) 03/17 06:00:13 Image size of job updated: 1772836
	1646  -  MemoryUsage of job (MB)
	1685124  -  ResidentSetSize of job (KB)
...
005 (30695.000.000) 03/17 06:00:13 Job terminated.
	(1) Normal termination (return value 0)
		Usr 0 00:00:43, Sys 0 00:00:01  -  Run Remote Usage
		Usr 0 00:00:00, Sys 0 00:00:00  -  Run Local Usage
		Usr 0 00:00:43, Sys 0 00:00:01  -  Total Remote Usage
		Usr 0 00:00:00, Sys 0 00:00:00  -  Total Local Usage
	0  -  Run Bytes Sent By Job
	0  -  Run Bytes Received By Job
	0  -  Total Bytes Sent By Job
	0  -  Total Bytes Received By Job
	Partitionable Resources :    Usage  Request Allocated
	   Cpus                 :                 1         3
	   Disk (KB)            :        1        1 171437392
	   Gpus                 :                           1
	   Memory (MB)          :     1646        1     64319
...
000 (30702.000.000) 03/17 06:06:05 Job submitted from host: <10.37.0.18:9618?addrs=10.37.0.18-9618+[--1]-9618&noUDP&sock=929_cb92_3>
...
001 (30702.000.000) 03/17 06:06:26 Job executing on host: <10.37.0.194:9618?addrs=10.37.0.194-9618+[--1]-9618&noUDP&sock=1059_f6e2_3>
...
006 (30702.000.000) 03/17 06:06:34 Image size of job updated: 585360
	384  -  MemoryUsage of job (MB)
	392376  -  ResidentSetSize of job (KB)
...
006 (30702.000.000) 03/17 06:07:28 Image size of job updated: 2288716
	385  -  MemoryUsage of job (MB)
	393300  -  ResidentSetSize of job (KB)
...
005 (30702.000.000) 03/17 06:07:28 Job terminated.
	(1) Normal termination (return value 0)
		Usr 0 00:00:52, Sys 0 00:00:02  -  Run Remote Usage
		Usr 0 00:00:00, Sys 0 00:00:00  -  Run Local Usage
		Usr 0 00:00:52, Sys 0 00:00:02  -  Total Remote Usage
		Usr 0 00:00:00, Sys 0 00:00:00  -  Total Local Usage
	0  -  Run Bytes Sent By Job
	0  -  Run Bytes Received By Job
	0  -  Total Bytes Sent By Job
	0  -  Total Bytes Received By Job
	Partitionable Resources :    Usage  Request Allocated
	   Cpus                 :                 1         3
	   Disk (KB)            :        1        1 171437392
	   Gpus                 :                           1
	   Memory (MB)          :      385        1     64319
...
000 (30709.000.000) 03/17 06:10:26 Job submitted from host: <10.37.0.18:9618?addrs=10.37.0.18-9618+[--1]-9618&noUDP&sock=929_cb92_3>
...
001 (30709.000.000) 03/17 06:10:50 Job executing on host: <10.37.0.194:9618?addrs=10.37.0.194-9618+[--1]-9618&noUDP&sock=1059_f6e2_3>
...
006 (30709.000.000) 03/17 06:11:00 Image size of job updated: 1700588
	1646  -  MemoryUsage of job (MB)
	1685408  -  ResidentSetSize of job (KB)
...
006 (30709.000.000) 03/17 06:12:09 Image size of job updated: 1921236
	1646  -  MemoryUsage of job (MB)
	1685408  -  ResidentSetSize of job (KB)
...
005 (30709.000.000) 03/17 06:12:09 Job terminated.
	(1) Normal termination (return value 0)
		Usr 0 00:01:11, Sys 0 00:00:03  -  Run Remote Usage
		Usr 0 00:00:00, Sys 0 00:00:00  -  Run Local Usage
		Usr 0 00:01:11, Sys 0 00:00:03  -  Total Remote Usage
		Usr 0 00:00:00, Sys 0 00:00:00  -  Total Local Usage
	0  -  Run Bytes Sent By Job
	0  -  Run Bytes Received By Job
	0  -  Total Bytes Sent By Job
	0  -  Total Bytes Received By Job
	Partitionable Resources :    Usage  Request Allocated
	   Cpus                 :                 1         3
	   Disk (KB)            :        1        1 171437392
	   Gpus                 :                           1
	   Memory (MB)          :     1646        1     64319
...
000 (30716.000.000) 03/17 06:17:04 Job submitted from host: <10.37.0.18:9618?addrs=10.37.0.18-9618+[--1]-9618&noUDP&sock=929_cb92_3>
...
001 (30716.000.000) 03/17 06:17:05 Job executing on host: <10.37.0.194:9618?addrs=10.37.0.194-9618+[--1]-9618&noUDP&sock=1059_f6e2_3>
...
006 (30716.000.000) 03/17 06:17:14 Image size of job updated: 1700704
	1646  -  MemoryUsage of job (MB)
	1685392  -  ResidentSetSize of job (KB)
...
006 (30716.000.000) 03/17 06:18:41 Image size of job updated: 1881248
	1646  -  MemoryUsage of job (MB)
	1685392  -  ResidentSetSize of job (KB)
...
005 (30716.000.000) 03/17 06:18:41 Job terminated.
	(1) Normal termination (return value 0)
		Usr 0 00:01:27, Sys 0 00:00:04  -  Run Remote Usage
		Usr 0 00:00:00, Sys 0 00:00:00  -  Run Local Usage
		Usr 0 00:01:27, Sys 0 00:00:04  -  Total Remote Usage
		Usr 0 00:00:00, Sys 0 00:00:00  -  Total Local Usage
	0  -  Run Bytes Sent By Job
	0  -  Run Bytes Received By Job
	0  -  Total Bytes Sent By Job
	0  -  Total Bytes Received By Job
	Partitionable Resources :    Usage  Request Allocated
	   Cpus                 :                 1         3
	   Disk (KB)            :        1        1 171437392
	   Gpus                 :                           1
	   Memory (MB)          :     1646        1     64319
...
000 (30723.000.000) 03/17 06:22:19 Job submitted from host: <10.37.0.18:9618?addrs=10.37.0.18-9618+[--1]-9618&noUDP&sock=929_cb92_3>
...
001 (30723.000.000) 03/17 06:22:25 Job executing on host: <10.37.0.194:9618?addrs=10.37.0.194-9618+[--1]-9618&noUDP&sock=1059_f6e2_3>
...
006 (30723.000.000) 03/17 06:22:34 Image size of job updated: 1706960
	1652  -  MemoryUsage of job (MB)
	1691648  -  ResidentSetSize of job (KB)
...
006 (30723.000.000) 03/17 06:24:07 Image size of job updated: 2201920
	1652  -  MemoryUsage of job (MB)
	1691648  -  ResidentSetSize of job (KB)
...
005 (30723.000.000) 03/17 06:24:07 Job terminated.
	(1) Normal termination (return value 0)
		Usr 0 00:01:32, Sys 0 00:00:05  -  Run Remote Usage
		Usr 0 00:00:00, Sys 0 00:00:00  -  Run Local Usage
		Usr 0 00:01:32, Sys 0 00:00:05  -  Total Remote Usage
		Usr 0 00:00:00, Sys 0 00:00:00  -  Total Local Usage
	0  -  Run Bytes Sent By Job
	0  -  Run Bytes Received By Job
	0  -  Total Bytes Sent By Job
	0  -  Total Bytes Received By Job
	Partitionable Resources :    Usage  Request Allocated
	   Cpus                 :                 1         3
	   Disk (KB)            :        1        1 171437392
	   Gpus                 :                           1
	   Memory (MB)          :     1652        1     64319
...
000 (30876.000.000) 03/23 11:43:01 Job submitted from host: <10.37.0.18:9618?addrs=10.37.0.18-9618+[--1]-9618&noUDP&sock=929_cb92_3>
...
001 (30876.000.000) 03/23 11:44:02 Job executing on host: <10.37.0.198:9618?addrs=10.37.0.198-9618+[--1]-9618&noUDP&sock=1061_5612_3>
...
006 (30876.000.000) 03/23 11:44:12 Image size of job updated: 1709156
	1655  -  MemoryUsage of job (MB)
	1693844  -  ResidentSetSize of job (KB)
...
006 (30876.000.000) 03/23 11:44:59 Image size of job updated: 1796804
	1655  -  MemoryUsage of job (MB)
	1693844  -  ResidentSetSize of job (KB)
...
005 (30876.000.000) 03/23 11:44:59 Job terminated.
	(1) Normal termination (return value 0)
		Usr 0 00:00:51, Sys 0 00:00:02  -  Run Remote Usage
		Usr 0 00:00:00, Sys 0 00:00:00  -  Run Local Usage
		Usr 0 00:00:51, Sys 0 00:00:02  -  Total Remote Usage
		Usr 0 00:00:00, Sys 0 00:00:00  -  Total Local Usage
	0  -  Run Bytes Sent By Job
	0  -  Run Bytes Received By Job
	0  -  Total Bytes Sent By Job
	0  -  Total Bytes Received By Job
	Partitionable Resources :    Usage  Request Allocated
	   Cpus                 :                 1         3
	   Disk (KB)            :        1        1 171544804
	   Gpus                 :                           1
	   Memory (MB)          :     1655        1    128831
...
000 (30883.000.000) 03/23 11:50:04 Job submitted from host: <10.37.0.18:9618?addrs=10.37.0.18-9618+[--1]-9618&noUDP&sock=929_cb92_3>
...
001 (30883.000.000) 03/23 11:51:08 Job executing on host: <10.37.0.198:9618?addrs=10.37.0.198-9618+[--1]-9618&noUDP&sock=1061_5612_3>
...
006 (30883.000.000) 03/23 11:51:16 Image size of job updated: 1698316
	1644  -  MemoryUsage of job (MB)
	1683004  -  ResidentSetSize of job (KB)
...
006 (30883.000.000) 03/23 11:52:03 Image size of job updated: 1792564
	1644  -  MemoryUsage of job (MB)
	1683004  -  ResidentSetSize of job (KB)
...
005 (30883.000.000) 03/23 11:52:03 Job terminated.
	(1) Normal termination (return value 0)
		Usr 0 00:00:50, Sys 0 00:00:02  -  Run Remote Usage
		Usr 0 00:00:00, Sys 0 00:00:00  -  Run Local Usage
		Usr 0 00:00:50, Sys 0 00:00:02  -  Total Remote Usage
		Usr 0 00:00:00, Sys 0 00:00:00  -  Total Local Usage
	0  -  Run Bytes Sent By Job
	0  -  Run Bytes Received By Job
	0  -  Total Bytes Sent By Job
	0  -  Total Bytes Received By Job
	Partitionable Resources :    Usage  Request Allocated
	   Cpus                 :                 1         3
	   Disk (KB)            :        1        1 171544804
	   Gpus                 :                           1
	   Memory (MB)          :     1644        1    128831
...
000 (30893.000.000) 03/23 12:12:51 Job submitted from host: <10.37.0.18:9618?addrs=10.37.0.18-9618+[--1]-9618&noUDP&sock=929_cb92_3>
...
001 (30893.000.000) 03/23 12:13:12 Job executing on host: <10.37.0.193:9618?addrs=10.37.0.193-9618+[--1]-9618&noUDP&sock=1057_97b1_3>
...
006 (30893.000.000) 03/23 12:13:16 Image size of job updated: 88160
	0  -  MemoryUsage of job (MB)
	0  -  ResidentSetSize of job (KB)
...
005 (30893.000.000) 03/23 12:13:16 Job terminated.
	(1) Normal termination (return value 2)
		Usr 0 00:00:02, Sys 0 00:00:00  -  Run Remote Usage
		Usr 0 00:00:00, Sys 0 00:00:00  -  Run Local Usage
		Usr 0 00:00:02, Sys 0 00:00:00  -  Total Remote Usage
		Usr 0 00:00:00, Sys 0 00:00:00  -  Total Local Usage
	0  -  Run Bytes Sent By Job
	0  -  Run Bytes Received By Job
	0  -  Total Bytes Sent By Job
	0  -  Total Bytes Received By Job
	Partitionable Resources :    Usage  Request Allocated
	   Cpus                 :                 1         3
	   Disk (KB)            :        1        1 171424240
	   Gpus                 :                           1
	   Memory (MB)          :        0        1     64319
...
000 (30909.000.000) 03/23 12:53:18 Job submitted from host: <10.37.0.18:9618?addrs=10.37.0.18-9618+[--1]-9618&noUDP&sock=929_cb92_3>
...
001 (30909.000.000) 03/23 14:35:40 Job executing on host: <10.37.0.193:9618?addrs=10.37.0.193-9618+[--1]-9618&noUDP&sock=1057_97b1_3>
...
006 (30909.000.000) 03/23 14:35:48 Image size of job updated: 329108
	181  -  MemoryUsage of job (MB)
	184964  -  ResidentSetSize of job (KB)
...
006 (30909.000.000) 03/23 14:36:39 Image size of job updated: 2254004
	181  -  MemoryUsage of job (MB)
	184964  -  ResidentSetSize of job (KB)
...
005 (30909.000.000) 03/23 14:36:39 Job terminated.
	(1) Normal termination (return value 0)
		Usr 0 00:00:46, Sys 0 00:00:02  -  Run Remote Usage
		Usr 0 00:00:00, Sys 0 00:00:00  -  Run Local Usage
		Usr 0 00:00:46, Sys 0 00:00:02  -  Total Remote Usage
		Usr 0 00:00:00, Sys 0 00:00:00  -  Total Local Usage
	0  -  Run Bytes Sent By Job
	0  -  Run Bytes Received By Job
	0  -  Total Bytes Sent By Job
	0  -  Total Bytes Received By Job
	Partitionable Resources :    Usage  Request Allocated
	   Cpus                 :                 1         3
	   Disk (KB)            :        1        1 171424240
	   Gpus                 :                           1
	   Memory (MB)          :      181        1     64319
...
000 (30917.000.000) 03/23 15:59:04 Job submitted from host: <10.37.0.18:9618?addrs=10.37.0.18-9618+[--1]-9618&noUDP&sock=929_cb92_3>
...
001 (30917.000.000) 03/23 15:59:04 Job executing on host: <10.37.0.195:9618?addrs=10.37.0.195-9618+[--1]-9618&noUDP&sock=1059_f6e2_3>
...
006 (30917.000.000) 03/23 15:59:13 Image size of job updated: 209120
	0  -  MemoryUsage of job (MB)
	0  -  ResidentSetSize of job (KB)
...
005 (30917.000.000) 03/23 15:59:13 Job terminated.
	(1) Normal termination (return value 2)
		Usr 0 00:00:02, Sys 0 00:00:00  -  Run Remote Usage
		Usr 0 00:00:00, Sys 0 00:00:00  -  Run Local Usage
		Usr 0 00:00:02, Sys 0 00:00:00  -  Total Remote Usage
		Usr 0 00:00:00, Sys 0 00:00:00  -  Total Local Usage
	0  -  Run Bytes Sent By Job
	0  -  Run Bytes Received By Job
	0  -  Total Bytes Sent By Job
	0  -  Total Bytes Received By Job
	Partitionable Resources :    Usage  Request Allocated
	   Cpus                 :                 1         3
	   Disk (KB)            :        2        2 171434812
	   Gpus                 :                           1
	   Memory (MB)          :        0        1     64319
...
000 (30918.000.000) 03/23 16:01:14 Job submitted from host: <10.37.0.18:9618?addrs=10.37.0.18-9618+[--1]-9618&noUDP&sock=929_cb92_3>
...
009 (30918.000.000) 03/23 16:01:19 Job was aborted by the user.
	via condor_rm (by user xuezhwang2)
...
000 (30919.000.000) 03/23 16:01:21 Job submitted from host: <10.37.0.18:9618?addrs=10.37.0.18-9618+[--1]-9618&noUDP&sock=929_cb92_3>
...
001 (30919.000.000) 03/23 16:01:24 Job executing on host: <10.37.0.195:9618?addrs=10.37.0.195-9618+[--1]-9618&noUDP&sock=1059_f6e2_3>
...
006 (30919.000.000) 03/23 16:01:29 Image size of job updated: 2
	0  -  MemoryUsage of job (MB)
	0  -  ResidentSetSize of job (KB)
...
005 (30919.000.000) 03/23 16:01:29 Job terminated.
	(1) Normal termination (return value 2)
		Usr 0 00:00:02, Sys 0 00:00:00  -  Run Remote Usage
		Usr 0 00:00:00, Sys 0 00:00:00  -  Run Local Usage
		Usr 0 00:00:02, Sys 0 00:00:00  -  Total Remote Usage
		Usr 0 00:00:00, Sys 0 00:00:00  -  Total Local Usage
	0  -  Run Bytes Sent By Job
	0  -  Run Bytes Received By Job
	0  -  Total Bytes Sent By Job
	0  -  Total Bytes Received By Job
	Partitionable Resources :    Usage  Request Allocated
	   Cpus                 :                 1         3
	   Disk (KB)            :        2        2 171434812
	   Gpus                 :                           1
	   Memory (MB)          :        0        1     64319
...
000 (30920.000.000) 03/23 16:05:02 Job submitted from host: <10.37.0.18:9618?addrs=10.37.0.18-9618+[--1]-9618&noUDP&sock=929_cb92_3>
...
001 (30920.000.000) 03/23 16:05:02 Job executing on host: <10.37.0.195:9618?addrs=10.37.0.195-9618+[--1]-9618&noUDP&sock=1059_f6e2_3>
...
006 (30920.000.000) 03/23 16:05:07 Image size of job updated: 2
	0  -  MemoryUsage of job (MB)
	0  -  ResidentSetSize of job (KB)
...
005 (30920.000.000) 03/23 16:05:07 Job terminated.
	(1) Normal termination (return value 2)
		Usr 0 00:00:02, Sys 0 00:00:00  -  Run Remote Usage
		Usr 0 00:00:00, Sys 0 00:00:00  -  Run Local Usage
		Usr 0 00:00:02, Sys 0 00:00:00  -  Total Remote Usage
		Usr 0 00:00:00, Sys 0 00:00:00  -  Total Local Usage
	0  -  Run Bytes Sent By Job
	0  -  Run Bytes Received By Job
	0  -  Total Bytes Sent By Job
	0  -  Total Bytes Received By Job
	Partitionable Resources :    Usage  Request Allocated
	   Cpus                 :                 1         3
	   Disk (KB)            :        2        2 171434812
	   Gpus                 :                           1
	   Memory (MB)          :        0        1     64319
...
000 (30922.000.000) 03/23 16:10:53 Job submitted from host: <10.37.0.18:9618?addrs=10.37.0.18-9618+[--1]-9618&noUDP&sock=929_cb92_3>
...
001 (30922.000.000) 03/23 16:11:04 Job executing on host: <10.37.0.195:9618?addrs=10.37.0.195-9618+[--1]-9618&noUDP&sock=1059_f6e2_3>
...
006 (30922.000.000) 03/23 16:11:05 Image size of job updated: 48
	1  -  MemoryUsage of job (MB)
	48  -  ResidentSetSize of job (KB)
...
005 (30922.000.000) 03/23 16:11:05 Job terminated.
	(1) Normal termination (return value 1)
		Usr 0 00:00:00, Sys 0 00:00:00  -  Run Remote Usage
		Usr 0 00:00:00, Sys 0 00:00:00  -  Run Local Usage
		Usr 0 00:00:00, Sys 0 00:00:00  -  Total Remote Usage
		Usr 0 00:00:00, Sys 0 00:00:00  -  Total Local Usage
	0  -  Run Bytes Sent By Job
	0  -  Run Bytes Received By Job
	0  -  Total Bytes Sent By Job
	0  -  Total Bytes Received By Job
	Partitionable Resources :    Usage  Request Allocated
	   Cpus                 :                 1         3
	   Disk (KB)            :        2        2 171434812
	   Gpus                 :                           1
	   Memory (MB)          :        1        1     64319
...
000 (30923.000.000) 03/23 16:15:45 Job submitted from host: <10.37.0.18:9618?addrs=10.37.0.18-9618+[--1]-9618&noUDP&sock=929_cb92_3>
...
001 (30923.000.000) 03/23 16:15:45 Job executing on host: <10.37.0.195:9618?addrs=10.37.0.195-9618+[--1]-9618&noUDP&sock=1059_f6e2_3>
...
006 (30923.000.000) 03/23 16:15:46 Image size of job updated: 248
	1  -  MemoryUsage of job (MB)
	248  -  ResidentSetSize of job (KB)
...
005 (30923.000.000) 03/23 16:15:46 Job terminated.
	(1) Normal termination (return value 1)
		Usr 0 00:00:00, Sys 0 00:00:00  -  Run Remote Usage
		Usr 0 00:00:00, Sys 0 00:00:00  -  Run Local Usage
		Usr 0 00:00:00, Sys 0 00:00:00  -  Total Remote Usage
		Usr 0 00:00:00, Sys 0 00:00:00  -  Total Local Usage
	0  -  Run Bytes Sent By Job
	0  -  Run Bytes Received By Job
	0  -  Total Bytes Sent By Job
	0  -  Total Bytes Received By Job
	Partitionable Resources :    Usage  Request Allocated
	   Cpus                 :                 1         3
	   Disk (KB)            :        2        2 171434812
	   Gpus                 :                           1
	   Memory (MB)          :        1        1     64319
...
000 (30931.000.000) 03/23 16:37:09 Job submitted from host: <10.37.0.18:9618?addrs=10.37.0.18-9618+[--1]-9618&noUDP&sock=929_cb92_3>
...
001 (30931.000.000) 03/23 16:37:09 Job executing on host: <10.37.0.198:9618?addrs=10.37.0.198-9618+[--1]-9618&noUDP&sock=1061_5612_3>
...
006 (30931.000.000) 03/23 16:37:18 Image size of job updated: 375468
	224  -  MemoryUsage of job (MB)
	228816  -  ResidentSetSize of job (KB)
...
006 (30931.000.000) 03/23 16:38:06 Image size of job updated: 2279724
	224  -  MemoryUsage of job (MB)
	228816  -  ResidentSetSize of job (KB)
...
005 (30931.000.000) 03/23 16:38:06 Job terminated.
	(1) Normal termination (return value 0)
		Usr 0 00:00:42, Sys 0 00:00:02  -  Run Remote Usage
		Usr 0 00:00:00, Sys 0 00:00:00  -  Run Local Usage
		Usr 0 00:00:42, Sys 0 00:00:02  -  Total Remote Usage
		Usr 0 00:00:00, Sys 0 00:00:00  -  Total Local Usage
	0  -  Run Bytes Sent By Job
	0  -  Run Bytes Received By Job
	0  -  Total Bytes Sent By Job
	0  -  Total Bytes Received By Job
	Partitionable Resources :    Usage  Request Allocated
	   Cpus                 :                 1         3
	   Disk (KB)            :        2        2 171544804
	   Gpus                 :                           1
	   Memory (MB)          :      224        1    128831
...
000 (30934.000.000) 03/23 16:44:03 Job submitted from host: <10.37.0.18:9618?addrs=10.37.0.18-9618+[--1]-9618&noUDP&sock=929_cb92_3>
...
001 (30934.000.000) 03/23 16:46:48 Job executing on host: <10.37.0.198:9618?addrs=10.37.0.198-9618+[--1]-9618&noUDP&sock=1061_5612_3>
...
006 (30934.000.000) 03/23 16:46:57 Image size of job updated: 1706732
	1652  -  MemoryUsage of job (MB)
	1691420  -  ResidentSetSize of job (KB)
...
006 (30934.000.000) 03/23 16:47:49 Image size of job updated: 1800972
	1652  -  MemoryUsage of job (MB)
	1691420  -  ResidentSetSize of job (KB)
...
005 (30934.000.000) 03/23 16:47:49 Job terminated.
	(1) Normal termination (return value 0)
		Usr 0 00:00:56, Sys 0 00:00:02  -  Run Remote Usage
		Usr 0 00:00:00, Sys 0 00:00:00  -  Run Local Usage
		Usr 0 00:00:56, Sys 0 00:00:02  -  Total Remote Usage
		Usr 0 00:00:00, Sys 0 00:00:00  -  Total Local Usage
	0  -  Run Bytes Sent By Job
	0  -  Run Bytes Received By Job
	0  -  Total Bytes Sent By Job
	0  -  Total Bytes Received By Job
	Partitionable Resources :    Usage  Request Allocated
	   Cpus                 :                 1         3
	   Disk (KB)            :        2        2 171544804
	   Gpus                 :                           1
	   Memory (MB)          :     1652        1    128831
...
000 (30943.000.000) 03/23 17:50:58 Job submitted from host: <10.37.0.18:9618?addrs=10.37.0.18-9618+[--1]-9618&noUDP&sock=929_cb92_3>
...
001 (30943.000.000) 03/23 18:00:20 Job executing on host: <10.37.0.193:9618?addrs=10.37.0.193-9618+[--1]-9618&noUDP&sock=1057_97b1_3>
...
006 (30943.000.000) 03/23 18:00:29 Image size of job updated: 338040
	188  -  MemoryUsage of job (MB)
	191916  -  ResidentSetSize of job (KB)
...
005 (30943.000.000) 03/23 18:00:30 Job terminated.
	(1) Normal termination (return value 2)
		Usr 0 00:00:02, Sys 0 00:00:00  -  Run Remote Usage
		Usr 0 00:00:00, Sys 0 00:00:00  -  Run Local Usage
		Usr 0 00:00:02, Sys 0 00:00:00  -  Total Remote Usage
		Usr 0 00:00:00, Sys 0 00:00:00  -  Total Local Usage
	0  -  Run Bytes Sent By Job
	0  -  Run Bytes Received By Job
	0  -  Total Bytes Sent By Job
	0  -  Total Bytes Received By Job
	Partitionable Resources :    Usage  Request Allocated
	   Cpus                 :                 1         3
	   Disk (KB)            :        2        2 171424240
	   Gpus                 :                           1
	   Memory (MB)          :      188        1     64319
...
000 (30945.000.000) 03/23 18:12:15 Job submitted from host: <10.37.0.18:9618?addrs=10.37.0.18-9618+[--1]-9618&noUDP&sock=929_cb92_3>
...
001 (30945.000.000) 03/23 18:53:15 Job executing on host: <10.37.0.193:9618?addrs=10.37.0.193-9618+[--1]-9618&noUDP&sock=1057_97b1_3>
...
007 (30945.000.000) 03/23 18:53:15 Shadow exception!
	Error from v100b1.cs.cityu.edu.hk: Failed to execute '/home/bsft19/xuezhwang2/shaw/ALG-main/examples/run_baseline_random.sh': (errno=13: 'Permission denied')
	0  -  Run Bytes Sent By Job
	0  -  Run Bytes Received By Job
...
012 (30945.000.000) 03/23 18:53:15 Job was held.
	Error from v100b1.cs.cityu.edu.hk: Failed to execute '/home/bsft19/xuezhwang2/shaw/ALG-main/examples/run_baseline_random.sh': (errno=13: 'Permission denied')
	Code 6 Subcode 13
...
009 (30945.000.000) 03/23 18:54:48 Job was aborted by the user.
	via condor_rm (by user xuezhwang2)
...
000 (30948.000.000) 03/23 18:55:04 Job submitted from host: <10.37.0.18:9618?addrs=10.37.0.18-9618+[--1]-9618&noUDP&sock=929_cb92_3>
...
001 (30948.000.000) 03/23 18:55:56 Job executing on host: <10.37.0.193:9618?addrs=10.37.0.193-9618+[--1]-9618&noUDP&sock=1057_97b1_3>
...
006 (30948.000.000) 03/23 18:56:04 Image size of job updated: 379628
	227  -  MemoryUsage of job (MB)
	232184  -  ResidentSetSize of job (KB)
...
006 (30948.000.000) 03/23 18:56:11 Image size of job updated: 10280320
	229  -  MemoryUsage of job (MB)
	233636  -  ResidentSetSize of job (KB)
...
005 (30948.000.000) 03/23 18:56:11 Job terminated.
	(1) Normal termination (return value 1)
		Usr 0 00:00:05, Sys 0 00:00:02  -  Run Remote Usage
		Usr 0 00:00:00, Sys 0 00:00:00  -  Run Local Usage
		Usr 0 00:00:05, Sys 0 00:00:02  -  Total Remote Usage
		Usr 0 00:00:00, Sys 0 00:00:00  -  Total Local Usage
	0  -  Run Bytes Sent By Job
	0  -  Run Bytes Received By Job
	0  -  Total Bytes Sent By Job
	0  -  Total Bytes Received By Job
	Partitionable Resources :    Usage  Request Allocated
	   Cpus                 :                 1         3
	   Disk (KB)            :        2        2 171424240
	   Gpus                 :                           1
	   Memory (MB)          :      229        1     64319
...
000 (30951.000.000) 03/23 19:16:03 Job submitted from host: <10.37.0.18:9618?addrs=10.37.0.18-9618+[--1]-9618&noUDP&sock=929_cb92_3>
...
001 (30951.000.000) 03/23 19:16:30 Job executing on host: <10.37.0.193:9618?addrs=10.37.0.193-9618+[--1]-9618&noUDP&sock=1057_97b1_3>
...
006 (30951.000.000) 03/23 19:16:37 Image size of job updated: 1130612
	0  -  MemoryUsage of job (MB)
	0  -  ResidentSetSize of job (KB)
...
005 (30951.000.000) 03/23 19:16:37 Job terminated.
	(1) Normal termination (return value 1)
		Usr 0 00:00:05, Sys 0 00:00:01  -  Run Remote Usage
		Usr 0 00:00:00, Sys 0 00:00:00  -  Run Local Usage
		Usr 0 00:00:05, Sys 0 00:00:01  -  Total Remote Usage
		Usr 0 00:00:00, Sys 0 00:00:00  -  Total Local Usage
	0  -  Run Bytes Sent By Job
	0  -  Run Bytes Received By Job
	0  -  Total Bytes Sent By Job
	0  -  Total Bytes Received By Job
	Partitionable Resources :    Usage  Request Allocated
	   Cpus                 :                 1         3
	   Disk (KB)            :        2        2 171424240
	   Gpus                 :                           1
	   Memory (MB)          :        0        1     64319
...
000 (30953.000.000) 03/23 19:19:49 Job submitted from host: <10.37.0.18:9618?addrs=10.37.0.18-9618+[--1]-9618&noUDP&sock=929_cb92_3>
...
001 (30953.000.000) 03/23 19:19:54 Job executing on host: <10.37.0.193:9618?addrs=10.37.0.193-9618+[--1]-9618&noUDP&sock=1057_97b1_3>
...
006 (30953.000.000) 03/23 19:20:01 Image size of job updated: 122860
	0  -  MemoryUsage of job (MB)
	0  -  ResidentSetSize of job (KB)
...
005 (30953.000.000) 03/23 19:20:01 Job terminated.
	(1) Normal termination (return value 1)
		Usr 0 00:00:05, Sys 0 00:00:01  -  Run Remote Usage
		Usr 0 00:00:00, Sys 0 00:00:00  -  Run Local Usage
		Usr 0 00:00:05, Sys 0 00:00:01  -  Total Remote Usage
		Usr 0 00:00:00, Sys 0 00:00:00  -  Total Local Usage
	0  -  Run Bytes Sent By Job
	0  -  Run Bytes Received By Job
	0  -  Total Bytes Sent By Job
	0  -  Total Bytes Received By Job
	Partitionable Resources :    Usage  Request Allocated
	   Cpus                 :                 1         3
	   Disk (KB)            :        2        2 171424240
	   Gpus                 :                           1
	   Memory (MB)          :        0        1     64319
...
000 (30954.000.000) 03/23 19:20:43 Job submitted from host: <10.37.0.18:9618?addrs=10.37.0.18-9618+[--1]-9618&noUDP&sock=929_cb92_3>
...
001 (30954.000.000) 03/23 19:20:44 Job executing on host: <10.37.0.193:9618?addrs=10.37.0.193-9618+[--1]-9618&noUDP&sock=1057_97b1_3>
...
006 (30954.000.000) 03/23 19:20:52 Image size of job updated: 1699200
	1644  -  MemoryUsage of job (MB)
	1682832  -  ResidentSetSize of job (KB)
...
005 (30954.000.000) 03/23 19:20:55 Job terminated.
	(1) Normal termination (return value 1)
		Usr 0 00:00:09, Sys 0 00:00:01  -  Run Remote Usage
		Usr 0 00:00:00, Sys 0 00:00:00  -  Run Local Usage
		Usr 0 00:00:09, Sys 0 00:00:01  -  Total Remote Usage
		Usr 0 00:00:00, Sys 0 00:00:00  -  Total Local Usage
	0  -  Run Bytes Sent By Job
	0  -  Run Bytes Received By Job
	0  -  Total Bytes Sent By Job
	0  -  Total Bytes Received By Job
	Partitionable Resources :    Usage  Request Allocated
	   Cpus                 :                 1         3
	   Disk (KB)            :        2        2 171424240
	   Gpus                 :                           1
	   Memory (MB)          :     1644        1     64319
...
000 (30957.000.000) 03/23 19:22:21 Job submitted from host: <10.37.0.18:9618?addrs=10.37.0.18-9618+[--1]-9618&noUDP&sock=929_cb92_3>
...
001 (30957.000.000) 03/23 19:22:33 Job executing on host: <10.37.0.193:9618?addrs=10.37.0.193-9618+[--1]-9618&noUDP&sock=1057_97b1_3>
...
006 (30957.000.000) 03/23 19:22:42 Image size of job updated: 1708120
	1654  -  MemoryUsage of job (MB)
	1692808  -  ResidentSetSize of job (KB)
...
005 (30957.000.000) 03/23 19:22:44 Job terminated.
	(1) Normal termination (return value 1)
		Usr 0 00:00:09, Sys 0 00:00:01  -  Run Remote Usage
		Usr 0 00:00:00, Sys 0 00:00:00  -  Run Local Usage
		Usr 0 00:00:09, Sys 0 00:00:01  -  Total Remote Usage
		Usr 0 00:00:00, Sys 0 00:00:00  -  Total Local Usage
	0  -  Run Bytes Sent By Job
	0  -  Run Bytes Received By Job
	0  -  Total Bytes Sent By Job
	0  -  Total Bytes Received By Job
	Partitionable Resources :    Usage  Request Allocated
	   Cpus                 :                 1         3
	   Disk (KB)            :        2        2 171424240
	   Gpus                 :                           1
	   Memory (MB)          :     1654        1     64319
...
000 (30958.000.000) 03/23 19:25:47 Job submitted from host: <10.37.0.18:9618?addrs=10.37.0.18-9618+[--1]-9618&noUDP&sock=929_cb92_3>
...
001 (30958.000.000) 03/23 19:25:47 Job executing on host: <10.37.0.193:9618?addrs=10.37.0.193-9618+[--1]-9618&noUDP&sock=1057_97b1_3>
...
006 (30958.000.000) 03/23 19:25:55 Image size of job updated: 1704604
	1650  -  MemoryUsage of job (MB)
	1689292  -  ResidentSetSize of job (KB)
...
005 (30958.000.000) 03/23 19:25:58 Job terminated.
	(1) Normal termination (return value 1)
		Usr 0 00:00:08, Sys 0 00:00:01  -  Run Remote Usage
		Usr 0 00:00:00, Sys 0 00:00:00  -  Run Local Usage
		Usr 0 00:00:08, Sys 0 00:00:01  -  Total Remote Usage
		Usr 0 00:00:00, Sys 0 00:00:00  -  Total Local Usage
	0  -  Run Bytes Sent By Job
	0  -  Run Bytes Received By Job
	0  -  Total Bytes Sent By Job
	0  -  Total Bytes Received By Job
	Partitionable Resources :    Usage  Request Allocated
	   Cpus                 :                 1         3
	   Disk (KB)            :        2        2 171424240
	   Gpus                 :                           1
	   Memory (MB)          :     1650        1     64319
...
000 (30975.000.000) 03/23 21:39:58 Job submitted from host: <10.37.0.18:9618?addrs=10.37.0.18-9618+[--1]-9618&noUDP&sock=929_cb92_3>
...
009 (30975.000.000) 03/23 22:13:43 Job was aborted by the user.
	via condor_rm (by user xuezhwang2)
...
000 (30982.000.000) 03/23 22:14:21 Job submitted from host: <10.37.0.18:9618?addrs=10.37.0.18-9618+[--1]-9618&noUDP&sock=929_cb92_3>
...
001 (30982.000.000) 03/23 22:54:16 Job executing on host: <10.37.0.195:9618?addrs=10.37.0.195-9618+[--1]-9618&noUDP&sock=1059_f6e2_3>
...
006 (30982.000.000) 03/23 22:54:24 Image size of job updated: 2834332
	0  -  MemoryUsage of job (MB)
	0  -  ResidentSetSize of job (KB)
...
005 (30982.000.000) 03/23 22:54:24 Job terminated.
	(1) Normal termination (return value 1)
		Usr 0 00:00:05, Sys 0 00:00:01  -  Run Remote Usage
		Usr 0 00:00:00, Sys 0 00:00:00  -  Run Local Usage
		Usr 0 00:00:05, Sys 0 00:00:01  -  Total Remote Usage
		Usr 0 00:00:00, Sys 0 00:00:00  -  Total Local Usage
	0  -  Run Bytes Sent By Job
	0  -  Run Bytes Received By Job
	0  -  Total Bytes Sent By Job
	0  -  Total Bytes Received By Job
	Partitionable Resources :    Usage  Request Allocated
	   Cpus                 :                 1         3
	   Disk (KB)            :        2        2 171434812
	   Gpus                 :                           1
	   Memory (MB)          :        0        1     64319
...
000 (30997.000.000) 03/24 02:01:15 Job submitted from host: <10.37.0.18:9618?addrs=10.37.0.18-9618+[--1]-9618&noUDP&sock=929_cb92_3>
...
009 (30997.000.000) 03/24 03:05:00 Job was aborted by the user.
	via condor_rm (by user xuezhwang2)
...
000 (23980.000.000) 03/24 03:05:38 Job submitted from host: <10.37.0.3:9618?addrs=10.37.0.3-9618+[--1]-9618&noUDP&sock=1289_b9aa_3>
...
001 (23980.000.000) 03/24 03:07:25 Job executing on host: <10.37.0.233:9618?addrs=10.37.0.233-9618+[--1]-9618&noUDP&sock=866_951b_3>
...
006 (23980.000.000) 03/24 03:07:35 Image size of job updated: 1725116
	1670  -  MemoryUsage of job (MB)
	1709752  -  ResidentSetSize of job (KB)
...
006 (23980.000.000) 03/24 03:08:28 Image size of job updated: 1795896
	1670  -  MemoryUsage of job (MB)
	1709752  -  ResidentSetSize of job (KB)
...
005 (23980.000.000) 03/24 03:08:28 Job terminated.
	(1) Normal termination (return value 0)
		Usr 0 00:00:58, Sys 0 00:00:02  -  Run Remote Usage
		Usr 0 00:00:00, Sys 0 00:00:00  -  Run Local Usage
		Usr 0 00:00:58, Sys 0 00:00:02  -  Total Remote Usage
		Usr 0 00:00:00, Sys 0 00:00:00  -  Total Local Usage
	0  -  Run Bytes Sent By Job
	0  -  Run Bytes Received By Job
	0  -  Total Bytes Sent By Job
	0  -  Total Bytes Received By Job
	Partitionable Resources :    Usage  Request Allocated
	   Cpus                 :                 1         6
	   Disk (KB)            :        2        2 324796460
	   Gpus                 :                           1
	   Memory (MB)          :     1670        1    128913
...
000 (23994.000.000) 03/24 04:29:52 Job submitted from host: <10.37.0.3:9618?addrs=10.37.0.3-9618+[--1]-9618&noUDP&sock=1289_b9aa_3>
...
001 (23994.000.000) 03/24 04:32:28 Job executing on host: <10.37.0.233:9618?addrs=10.37.0.233-9618+[--1]-9618&noUDP&sock=866_951b_3>
...
006 (23994.000.000) 03/24 04:32:36 Image size of job updated: 1707332
	1653  -  MemoryUsage of job (MB)
	1691968  -  ResidentSetSize of job (KB)
...
006 (23994.000.000) 03/24 04:33:35 Image size of job updated: 1804760
	1653  -  MemoryUsage of job (MB)
	1691968  -  ResidentSetSize of job (KB)
...
005 (23994.000.000) 03/24 04:33:35 Job terminated.
	(1) Normal termination (return value 0)
		Usr 0 00:01:02, Sys 0 00:00:03  -  Run Remote Usage
		Usr 0 00:00:00, Sys 0 00:00:00  -  Run Local Usage
		Usr 0 00:01:02, Sys 0 00:00:03  -  Total Remote Usage
		Usr 0 00:00:00, Sys 0 00:00:00  -  Total Local Usage
	0  -  Run Bytes Sent By Job
	0  -  Run Bytes Received By Job
	0  -  Total Bytes Sent By Job
	0  -  Total Bytes Received By Job
	Partitionable Resources :    Usage  Request Allocated
	   Cpus                 :                 1         6
	   Disk (KB)            :        2        2 324796460
	   Gpus                 :                           1
	   Memory (MB)          :     1653        1    128913
...
000 (24001.000.000) 03/24 04:38:19 Job submitted from host: <10.37.0.3:9618?addrs=10.37.0.3-9618+[--1]-9618&noUDP&sock=1289_b9aa_3>
...
001 (24001.000.000) 03/24 04:39:19 Job executing on host: <10.37.0.233:9618?addrs=10.37.0.233-9618+[--1]-9618&noUDP&sock=866_951b_3>
...
006 (24001.000.000) 03/24 04:39:28 Image size of job updated: 1725656
	1671  -  MemoryUsage of job (MB)
	1710292  -  ResidentSetSize of job (KB)
...
006 (24001.000.000) 03/24 04:40:19 Image size of job updated: 1800928
	1671  -  MemoryUsage of job (MB)
	1710292  -  ResidentSetSize of job (KB)
...
005 (24001.000.000) 03/24 04:40:19 Job terminated.
	(1) Normal termination (return value 0)
		Usr 0 00:00:56, Sys 0 00:00:03  -  Run Remote Usage
		Usr 0 00:00:00, Sys 0 00:00:00  -  Run Local Usage
		Usr 0 00:00:56, Sys 0 00:00:03  -  Total Remote Usage
		Usr 0 00:00:00, Sys 0 00:00:00  -  Total Local Usage
	0  -  Run Bytes Sent By Job
	0  -  Run Bytes Received By Job
	0  -  Total Bytes Sent By Job
	0  -  Total Bytes Received By Job
	Partitionable Resources :    Usage  Request Allocated
	   Cpus                 :                 1         6
	   Disk (KB)            :        2        2 324796460
	   Gpus                 :                           1
	   Memory (MB)          :     1671        1    128913
...
000 (24015.000.000) 03/24 05:06:17 Job submitted from host: <10.37.0.3:9618?addrs=10.37.0.3-9618+[--1]-9618&noUDP&sock=1289_b9aa_3>
...
001 (24015.000.000) 03/24 05:08:30 Job executing on host: <10.37.0.233:9618?addrs=10.37.0.233-9618+[--1]-9618&noUDP&sock=866_951b_3>
...
006 (24015.000.000) 03/24 05:08:39 Image size of job updated: 1725316
	1670  -  MemoryUsage of job (MB)
	1709952  -  ResidentSetSize of job (KB)
...
006 (24015.000.000) 03/24 05:09:27 Image size of job updated: 1800484
	1670  -  MemoryUsage of job (MB)
	1709952  -  ResidentSetSize of job (KB)
...
005 (24015.000.000) 03/24 05:09:27 Job terminated.
	(1) Normal termination (return value 0)
		Usr 0 00:00:52, Sys 0 00:00:03  -  Run Remote Usage
		Usr 0 00:00:00, Sys 0 00:00:00  -  Run Local Usage
		Usr 0 00:00:52, Sys 0 00:00:03  -  Total Remote Usage
		Usr 0 00:00:00, Sys 0 00:00:00  -  Total Local Usage
	0  -  Run Bytes Sent By Job
	0  -  Run Bytes Received By Job
	0  -  Total Bytes Sent By Job
	0  -  Total Bytes Received By Job
	Partitionable Resources :    Usage  Request Allocated
	   Cpus                 :                 1         6
	   Disk (KB)            :        2        2 324796460
	   Gpus                 :                           1
	   Memory (MB)          :     1670        1    128913
...
000 (24022.000.000) 03/24 05:25:38 Job submitted from host: <10.37.0.3:9618?addrs=10.37.0.3-9618+[--1]-9618&noUDP&sock=1289_b9aa_3>
...
001 (24022.000.000) 03/24 05:27:08 Job executing on host: <10.37.0.233:9618?addrs=10.37.0.233-9618+[--1]-9618&noUDP&sock=866_951b_3>
...
006 (24022.000.000) 03/24 05:27:16 Image size of job updated: 1717280
	1663  -  MemoryUsage of job (MB)
	1701916  -  ResidentSetSize of job (KB)
...
006 (24022.000.000) 03/24 05:28:10 Image size of job updated: 1804900
	1663  -  MemoryUsage of job (MB)
	1701916  -  ResidentSetSize of job (KB)
...
005 (24022.000.000) 03/24 05:28:10 Job terminated.
	(1) Normal termination (return value 0)
		Usr 0 00:00:57, Sys 0 00:00:02  -  Run Remote Usage
		Usr 0 00:00:00, Sys 0 00:00:00  -  Run Local Usage
		Usr 0 00:00:57, Sys 0 00:00:02  -  Total Remote Usage
		Usr 0 00:00:00, Sys 0 00:00:00  -  Total Local Usage
	0  -  Run Bytes Sent By Job
	0  -  Run Bytes Received By Job
	0  -  Total Bytes Sent By Job
	0  -  Total Bytes Received By Job
	Partitionable Resources :    Usage  Request Allocated
	   Cpus                 :                 1         6
	   Disk (KB)            :        2        2 324796460
	   Gpus                 :                           1
	   Memory (MB)          :     1663        1    128913
...
000 (24033.000.000) 03/24 05:42:49 Job submitted from host: <10.37.0.3:9618?addrs=10.37.0.3-9618+[--1]-9618&noUDP&sock=1289_b9aa_3>
...
001 (24033.000.000) 03/24 05:45:13 Job executing on host: <10.37.0.233:9618?addrs=10.37.0.233-9618+[--1]-9618&noUDP&sock=866_951b_3>
...
006 (24033.000.000) 03/24 05:45:21 Image size of job updated: 1716268
	1662  -  MemoryUsage of job (MB)
	1700904  -  ResidentSetSize of job (KB)
...
006 (24033.000.000) 03/24 05:46:22 Image size of job updated: 10698972
	1662  -  MemoryUsage of job (MB)
	1700904  -  ResidentSetSize of job (KB)
...
005 (24033.000.000) 03/24 05:46:22 Job terminated.
	(1) Normal termination (return value 0)
		Usr 0 00:01:04, Sys 0 00:00:03  -  Run Remote Usage
		Usr 0 00:00:00, Sys 0 00:00:00  -  Run Local Usage
		Usr 0 00:01:04, Sys 0 00:00:03  -  Total Remote Usage
		Usr 0 00:00:00, Sys 0 00:00:00  -  Total Local Usage
	0  -  Run Bytes Sent By Job
	0  -  Run Bytes Received By Job
	0  -  Total Bytes Sent By Job
	0  -  Total Bytes Received By Job
	Partitionable Resources :    Usage  Request Allocated
	   Cpus                 :                 1         6
	   Disk (KB)            :        2        2 324796460
	   Gpus                 :                           1
	   Memory (MB)          :     1662        1    128913
...
000 (24041.000.000) 03/24 05:50:21 Job submitted from host: <10.37.0.3:9618?addrs=10.37.0.3-9618+[--1]-9618&noUDP&sock=1289_b9aa_3>
...
001 (24041.000.000) 03/24 05:52:53 Job executing on host: <10.37.0.233:9618?addrs=10.37.0.233-9618+[--1]-9618&noUDP&sock=866_951b_3>
...
006 (24041.000.000) 03/24 05:53:02 Image size of job updated: 1707372
	1653  -  MemoryUsage of job (MB)
	1692008  -  ResidentSetSize of job (KB)
...
006 (24041.000.000) 03/24 05:53:55 Image size of job updated: 10694988
	1653  -  MemoryUsage of job (MB)
	1692008  -  ResidentSetSize of job (KB)
...
005 (24041.000.000) 03/24 05:53:55 Job terminated.
	(1) Normal termination (return value 0)
		Usr 0 00:00:58, Sys 0 00:00:03  -  Run Remote Usage
		Usr 0 00:00:00, Sys 0 00:00:00  -  Run Local Usage
		Usr 0 00:00:58, Sys 0 00:00:03  -  Total Remote Usage
		Usr 0 00:00:00, Sys 0 00:00:00  -  Total Local Usage
	0  -  Run Bytes Sent By Job
	0  -  Run Bytes Received By Job
	0  -  Total Bytes Sent By Job
	0  -  Total Bytes Received By Job
	Partitionable Resources :    Usage  Request Allocated
	   Cpus                 :                 1         6
	   Disk (KB)            :        2        2 324796460
	   Gpus                 :                           1
	   Memory (MB)          :     1653        1    128913
...
000 (24048.000.000) 03/24 05:58:12 Job submitted from host: <10.37.0.3:9618?addrs=10.37.0.3-9618+[--1]-9618&noUDP&sock=1289_b9aa_3>
...
001 (24048.000.000) 03/24 05:58:25 Job executing on host: <10.37.0.233:9618?addrs=10.37.0.233-9618+[--1]-9618&noUDP&sock=866_951b_3>
...
006 (24048.000.000) 03/24 05:58:31 Image size of job updated: 2776564
	0  -  MemoryUsage of job (MB)
	0  -  ResidentSetSize of job (KB)
...
005 (24048.000.000) 03/24 05:58:31 Job terminated.
	(1) Normal termination (return value 1)
		Usr 0 00:00:05, Sys 0 00:00:01  -  Run Remote Usage
		Usr 0 00:00:00, Sys 0 00:00:00  -  Run Local Usage
		Usr 0 00:00:05, Sys 0 00:00:01  -  Total Remote Usage
		Usr 0 00:00:00, Sys 0 00:00:00  -  Total Local Usage
	0  -  Run Bytes Sent By Job
	0  -  Run Bytes Received By Job
	0  -  Total Bytes Sent By Job
	0  -  Total Bytes Received By Job
	Partitionable Resources :    Usage  Request Allocated
	   Cpus                 :                 1         6
	   Disk (KB)            :        2        2 324796460
	   Gpus                 :                           1
	   Memory (MB)          :        0        1    128913
...
000 (24055.000.000) 03/24 06:02:49 Job submitted from host: <10.37.0.3:9618?addrs=10.37.0.3-9618+[--1]-9618&noUDP&sock=1289_b9aa_3>
...
001 (24055.000.000) 03/24 06:06:47 Job executing on host: <10.37.0.233:9618?addrs=10.37.0.233-9618+[--1]-9618&noUDP&sock=866_951b_3>
...
006 (24055.000.000) 03/24 06:06:55 Image size of job updated: 1706624
	1652  -  MemoryUsage of job (MB)
	1691260  -  ResidentSetSize of job (KB)
...
006 (24055.000.000) 03/24 06:07:17 Image size of job updated: 1833900
	1776  -  MemoryUsage of job (MB)
	1818536  -  ResidentSetSize of job (KB)
...
004 (24055.000.000) 03/24 06:07:17 Job was evicted.
	(0) Job was not checkpointed.
		Usr 0 00:00:28, Sys 0 00:00:02  -  Run Remote Usage
		Usr 0 00:00:00, Sys 0 00:00:00  -  Run Local Usage
	0  -  Run Bytes Sent By Job
	0  -  Run Bytes Received By Job
	Partitionable Resources :    Usage  Request Allocated
	   Cpus                 :                 1         6
	   Disk (KB)            :        2        2 324796460
	   Gpus                 :                           1
	   Memory (MB)          :     1776        1    128913
...
009 (24055.000.000) 03/24 06:07:17 Job was aborted by the user.
	via condor_rm (by user xuezhwang2)
...
000 (24060.000.000) 03/24 06:08:31 Job submitted from host: <10.37.0.3:9618?addrs=10.37.0.3-9618+[--1]-9618&noUDP&sock=1289_b9aa_3>
...
001 (24060.000.000) 03/24 06:08:31 Job executing on host: <10.37.0.233:9618?addrs=10.37.0.233-9618+[--1]-9618&noUDP&sock=866_951b_3>
...
006 (24060.000.000) 03/24 06:08:39 Image size of job updated: 1709912
	1655  -  MemoryUsage of job (MB)
	1694548  -  ResidentSetSize of job (KB)
...
006 (24060.000.000) 03/24 06:10:19 Image size of job updated: 2147740
	1655  -  MemoryUsage of job (MB)
	1694548  -  ResidentSetSize of job (KB)
...
005 (24060.000.000) 03/24 06:10:19 Job terminated.
	(1) Normal termination (return value 0)
		Usr 0 00:01:41, Sys 0 00:00:05  -  Run Remote Usage
		Usr 0 00:00:00, Sys 0 00:00:00  -  Run Local Usage
		Usr 0 00:01:41, Sys 0 00:00:05  -  Total Remote Usage
		Usr 0 00:00:00, Sys 0 00:00:00  -  Total Local Usage
	0  -  Run Bytes Sent By Job
	0  -  Run Bytes Received By Job
	0  -  Total Bytes Sent By Job
	0  -  Total Bytes Received By Job
	Partitionable Resources :    Usage  Request Allocated
	   Cpus                 :                 1         6
	   Disk (KB)            :        2        2 324796460
	   Gpus                 :                           1
	   Memory (MB)          :     1655        1    128913
...
000 (24061.000.000) 03/24 06:13:49 Job submitted from host: <10.37.0.3:9618?addrs=10.37.0.3-9618+[--1]-9618&noUDP&sock=1289_b9aa_3>
...
001 (24061.000.000) 03/24 06:13:51 Job executing on host: <10.37.0.233:9618?addrs=10.37.0.233-9618+[--1]-9618&noUDP&sock=866_951b_3>
...
006 (24061.000.000) 03/24 06:14:00 Image size of job updated: 1742396
	1687  -  MemoryUsage of job (MB)
	1727032  -  ResidentSetSize of job (KB)
...
006 (24061.000.000) 03/24 06:14:06 Image size of job updated: 1766144
	1710  -  MemoryUsage of job (MB)
	1750780  -  ResidentSetSize of job (KB)
...
004 (24061.000.000) 03/24 06:14:06 Job was evicted.
	(0) Job was not checkpointed.
		Usr 0 00:00:13, Sys 0 00:00:01  -  Run Remote Usage
		Usr 0 00:00:00, Sys 0 00:00:00  -  Run Local Usage
	0  -  Run Bytes Sent By Job
	0  -  Run Bytes Received By Job
	Partitionable Resources :    Usage  Request Allocated
	   Cpus                 :                 1         6
	   Disk (KB)            :        2        2 324796460
	   Gpus                 :                           1
	   Memory (MB)          :     1710        1    128913
...
009 (24061.000.000) 03/24 06:14:06 Job was aborted by the user.
	via condor_rm (by user xuezhwang2)
...
000 (24064.000.000) 03/24 06:15:50 Job submitted from host: <10.37.0.3:9618?addrs=10.37.0.3-9618+[--1]-9618&noUDP&sock=1289_b9aa_3>
...
001 (24064.000.000) 03/24 06:15:50 Job executing on host: <10.37.0.233:9618?addrs=10.37.0.233-9618+[--1]-9618&noUDP&sock=866_951b_3>
...
006 (24064.000.000) 03/24 06:15:59 Image size of job updated: 1743108
	1688  -  MemoryUsage of job (MB)
	1727744  -  ResidentSetSize of job (KB)
...
006 (24064.000.000) 03/24 06:17:33 Image size of job updated: 2169632
	1688  -  MemoryUsage of job (MB)
	1727744  -  ResidentSetSize of job (KB)
...
005 (24064.000.000) 03/24 06:17:33 Job terminated.
	(1) Normal termination (return value 0)
		Usr 0 00:01:36, Sys 0 00:00:05  -  Run Remote Usage
		Usr 0 00:00:00, Sys 0 00:00:00  -  Run Local Usage
		Usr 0 00:01:36, Sys 0 00:00:05  -  Total Remote Usage
		Usr 0 00:00:00, Sys 0 00:00:00  -  Total Local Usage
	0  -  Run Bytes Sent By Job
	0  -  Run Bytes Received By Job
	0  -  Total Bytes Sent By Job
	0  -  Total Bytes Received By Job
	Partitionable Resources :    Usage  Request Allocated
	   Cpus                 :                 1         6
	   Disk (KB)            :        2        2 324796460
	   Gpus                 :                           1
	   Memory (MB)          :     1688        1    128913
...
000 (24065.000.000) 03/24 06:18:47 Job submitted from host: <10.37.0.3:9618?addrs=10.37.0.3-9618+[--1]-9618&noUDP&sock=1289_b9aa_3>
...
001 (24065.000.000) 03/24 06:18:47 Job executing on host: <10.37.0.233:9618?addrs=10.37.0.233-9618+[--1]-9618&noUDP&sock=866_951b_3>
...
006 (24065.000.000) 03/24 06:18:55 Image size of job updated: 1717528
	1663  -  MemoryUsage of job (MB)
	1702164  -  ResidentSetSize of job (KB)
...
006 (24065.000.000) 03/24 06:20:36 Image size of job updated: 2147528
	1663  -  MemoryUsage of job (MB)
	1702164  -  ResidentSetSize of job (KB)
...
005 (24065.000.000) 03/24 06:20:36 Job terminated.
	(1) Normal termination (return value 0)
		Usr 0 00:01:42, Sys 0 00:00:05  -  Run Remote Usage
		Usr 0 00:00:00, Sys 0 00:00:00  -  Run Local Usage
		Usr 0 00:01:42, Sys 0 00:00:05  -  Total Remote Usage
		Usr 0 00:00:00, Sys 0 00:00:00  -  Total Local Usage
	0  -  Run Bytes Sent By Job
	0  -  Run Bytes Received By Job
	0  -  Total Bytes Sent By Job
	0  -  Total Bytes Received By Job
	Partitionable Resources :    Usage  Request Allocated
	   Cpus                 :                 1         6
	   Disk (KB)            :        2        2 324796460
	   Gpus                 :                           1
	   Memory (MB)          :     1663        1    128913
...
000 (24068.000.000) 03/24 06:27:10 Job submitted from host: <10.37.0.3:9618?addrs=10.37.0.3-9618+[--1]-9618&noUDP&sock=1289_b9aa_3>
...
001 (24068.000.000) 03/24 06:31:13 Job executing on host: <10.37.0.233:9618?addrs=10.37.0.233-9618+[--1]-9618&noUDP&sock=866_951b_3>
...
006 (24068.000.000) 03/24 06:31:22 Image size of job updated: 1722984
	1668  -  MemoryUsage of job (MB)
	1707620  -  ResidentSetSize of job (KB)
...
006 (24068.000.000) 03/24 06:32:49 Image size of job updated: 2169720
	1668  -  MemoryUsage of job (MB)
	1707664  -  ResidentSetSize of job (KB)
...
005 (24068.000.000) 03/24 06:32:49 Job terminated.
	(1) Normal termination (return value 0)
		Usr 0 00:01:29, Sys 0 00:00:05  -  Run Remote Usage
		Usr 0 00:00:00, Sys 0 00:00:00  -  Run Local Usage
		Usr 0 00:01:29, Sys 0 00:00:05  -  Total Remote Usage
		Usr 0 00:00:00, Sys 0 00:00:00  -  Total Local Usage
	0  -  Run Bytes Sent By Job
	0  -  Run Bytes Received By Job
	0  -  Total Bytes Sent By Job
	0  -  Total Bytes Received By Job
	Partitionable Resources :    Usage  Request Allocated
	   Cpus                 :                 1         6
	   Disk (KB)            :        2        2 324796460
	   Gpus                 :                           1
	   Memory (MB)          :     1668        1    128913
...
000 (24083.000.000) 03/24 07:24:06 Job submitted from host: <10.37.0.3:9618?addrs=10.37.0.3-9618+[--1]-9618&noUDP&sock=1289_b9aa_3>
...
001 (24083.000.000) 03/24 07:27:42 Job executing on host: <10.37.0.233:9618?addrs=10.37.0.233-9618+[--1]-9618&noUDP&sock=866_951b_3>
...
006 (24083.000.000) 03/24 07:27:51 Image size of job updated: 1744220
	1689  -  MemoryUsage of job (MB)
	1728856  -  ResidentSetSize of job (KB)
...
006 (24083.000.000) 03/24 07:29:13 Image size of job updated: 2181664
	1689  -  MemoryUsage of job (MB)
	1728896  -  ResidentSetSize of job (KB)
...
005 (24083.000.000) 03/24 07:29:13 Job terminated.
	(1) Normal termination (return value 0)
		Usr 0 00:01:23, Sys 0 00:00:05  -  Run Remote Usage
		Usr 0 00:00:00, Sys 0 00:00:00  -  Run Local Usage
		Usr 0 00:01:23, Sys 0 00:00:05  -  Total Remote Usage
		Usr 0 00:00:00, Sys 0 00:00:00  -  Total Local Usage
	0  -  Run Bytes Sent By Job
	0  -  Run Bytes Received By Job
	0  -  Total Bytes Sent By Job
	0  -  Total Bytes Received By Job
	Partitionable Resources :    Usage  Request Allocated
	   Cpus                 :                 1         6
	   Disk (KB)            :        2        2 324796460
	   Gpus                 :                           1
	   Memory (MB)          :     1689        1    128913
...
000 (24091.000.000) 03/24 07:37:37 Job submitted from host: <10.37.0.3:9618?addrs=10.37.0.3-9618+[--1]-9618&noUDP&sock=1289_b9aa_3>
...
001 (24091.000.000) 03/24 07:37:45 Job executing on host: <10.37.0.233:9618?addrs=10.37.0.233-9618+[--1]-9618&noUDP&sock=866_951b_3>
...
006 (24091.000.000) 03/24 07:37:49 Image size of job updated: 2867988
	0  -  MemoryUsage of job (MB)
	0  -  ResidentSetSize of job (KB)
...
005 (24091.000.000) 03/24 07:37:49 Job terminated.
	(1) Normal termination (return value 1)
		Usr 0 00:00:02, Sys 0 00:00:00  -  Run Remote Usage
		Usr 0 00:00:00, Sys 0 00:00:00  -  Run Local Usage
		Usr 0 00:00:02, Sys 0 00:00:00  -  Total Remote Usage
		Usr 0 00:00:00, Sys 0 00:00:00  -  Total Local Usage
	0  -  Run Bytes Sent By Job
	0  -  Run Bytes Received By Job
	0  -  Total Bytes Sent By Job
	0  -  Total Bytes Received By Job
	Partitionable Resources :    Usage  Request Allocated
	   Cpus                 :                 1         6
	   Disk (KB)            :        2        2 324796460
	   Gpus                 :                           1
	   Memory (MB)          :        0        1    128913
...
000 (24098.000.000) 03/24 07:43:59 Job submitted from host: <10.37.0.3:9618?addrs=10.37.0.3-9618+[--1]-9618&noUDP&sock=1289_b9aa_3>
...
001 (24098.000.000) 03/24 07:47:55 Job executing on host: <10.37.0.233:9618?addrs=10.37.0.233-9618+[--1]-9618&noUDP&sock=866_951b_3>
...
006 (24098.000.000) 03/24 07:48:03 Image size of job updated: 1721436
	1667  -  MemoryUsage of job (MB)
	1706072  -  ResidentSetSize of job (KB)
...
006 (24098.000.000) 03/24 07:49:29 Image size of job updated: 2179052
	1667  -  MemoryUsage of job (MB)
	1706072  -  ResidentSetSize of job (KB)
...
005 (24098.000.000) 03/24 07:49:29 Job terminated.
	(1) Normal termination (return value 0)
		Usr 0 00:01:26, Sys 0 00:00:05  -  Run Remote Usage
		Usr 0 00:00:00, Sys 0 00:00:00  -  Run Local Usage
		Usr 0 00:01:26, Sys 0 00:00:05  -  Total Remote Usage
		Usr 0 00:00:00, Sys 0 00:00:00  -  Total Local Usage
	0  -  Run Bytes Sent By Job
	0  -  Run Bytes Received By Job
	0  -  Total Bytes Sent By Job
	0  -  Total Bytes Received By Job
	Partitionable Resources :    Usage  Request Allocated
	   Cpus                 :                 1         6
	   Disk (KB)            :        2        2 324796460
	   Gpus                 :                           1
	   Memory (MB)          :     1667        1    128913
...
000 (24105.000.000) 03/24 07:58:36 Job submitted from host: <10.37.0.3:9618?addrs=10.37.0.3-9618+[--1]-9618&noUDP&sock=1289_b9aa_3>
...
001 (24105.000.000) 03/24 08:03:01 Job executing on host: <10.37.0.239:9618?addrs=10.37.0.239-9618+[--1]-9618&noUDP&sock=870_537c_3>
...
006 (24105.000.000) 03/24 08:03:10 Image size of job updated: 1716428
	1662  -  MemoryUsage of job (MB)
	1701064  -  ResidentSetSize of job (KB)
...
006 (24105.000.000) 03/24 08:04:53 Image size of job updated: 2165536
	1662  -  MemoryUsage of job (MB)
	1701064  -  ResidentSetSize of job (KB)
...
005 (24105.000.000) 03/24 08:04:53 Job terminated.
	(1) Normal termination (return value 0)
		Usr 0 00:01:44, Sys 0 00:00:06  -  Run Remote Usage
		Usr 0 00:00:00, Sys 0 00:00:00  -  Run Local Usage
		Usr 0 00:01:44, Sys 0 00:00:06  -  Total Remote Usage
		Usr 0 00:00:00, Sys 0 00:00:00  -  Total Local Usage
	0  -  Run Bytes Sent By Job
	0  -  Run Bytes Received By Job
	0  -  Total Bytes Sent By Job
	0  -  Total Bytes Received By Job
	Partitionable Resources :    Usage  Request Allocated
	   Cpus                 :                 1         6
	   Disk (KB)            :        2        2 324769928
	   Gpus                 :                           1
	   Memory (MB)          :     1662        1    128913
...
000 (24112.000.000) 03/24 08:07:41 Job submitted from host: <10.37.0.3:9618?addrs=10.37.0.3-9618+[--1]-9618&noUDP&sock=1289_b9aa_3>
...
009 (24112.000.000) 03/24 08:07:50 Job was aborted by the user.
	via condor_rm (by user xuezhwang2)
...
000 (24119.000.000) 03/24 12:06:22 Job submitted from host: <10.37.0.3:9618?addrs=10.37.0.3-9618+[--1]-9618&noUDP&sock=1289_b9aa_3>
...
001 (24119.000.000) 03/24 12:10:10 Job executing on host: <10.37.0.239:9618?addrs=10.37.0.239-9618+[--1]-9618&noUDP&sock=870_537c_3>
...
006 (24119.000.000) 03/24 12:10:18 Image size of job updated: 1718228
	1663  -  MemoryUsage of job (MB)
	1702864  -  ResidentSetSize of job (KB)
...
006 (24119.000.000) 03/24 12:11:40 Image size of job updated: 2162700
	1663  -  MemoryUsage of job (MB)
	1702864  -  ResidentSetSize of job (KB)
...
005 (24119.000.000) 03/24 12:11:40 Job terminated.
	(1) Normal termination (return value 0)
		Usr 0 00:01:23, Sys 0 00:00:05  -  Run Remote Usage
		Usr 0 00:00:00, Sys 0 00:00:00  -  Run Local Usage
		Usr 0 00:01:23, Sys 0 00:00:05  -  Total Remote Usage
		Usr 0 00:00:00, Sys 0 00:00:00  -  Total Local Usage
	0  -  Run Bytes Sent By Job
	0  -  Run Bytes Received By Job
	0  -  Total Bytes Sent By Job
	0  -  Total Bytes Received By Job
	Partitionable Resources :    Usage  Request Allocated
	   Cpus                 :                 1         6
	   Disk (KB)            :        2        2 324769928
	   Gpus                 :                           1
	   Memory (MB)          :     1663        1    128913
...
000 (31108.000.000) 03/26 00:21:53 Job submitted from host: <10.37.0.18:9618?addrs=10.37.0.18-9618+[--1]-9618&noUDP&sock=929_cb92_3>
...
001 (31108.000.000) 03/26 00:22:02 Job executing on host: <10.37.0.198:9618?addrs=10.37.0.198-9618+[--1]-9618&noUDP&sock=1061_5612_3>
...
006 (31108.000.000) 03/26 00:22:02 Image size of job updated: 2
	0  -  MemoryUsage of job (MB)
	0  -  ResidentSetSize of job (KB)
...
004 (31108.000.000) 03/26 00:22:02 Job was evicted.
	(0) Job was not checkpointed.
		Usr 0 00:00:00, Sys 0 00:00:00  -  Run Remote Usage
		Usr 0 00:00:00, Sys 0 00:00:00  -  Run Local Usage
	0  -  Run Bytes Sent By Job
	0  -  Run Bytes Received By Job
	Partitionable Resources :    Usage  Request Allocated
	   Cpus                 :                 1         3
	   Disk (KB)            :        2        2 171544804
	   Gpus                 :                           1
	   Memory (MB)          :        0        1    128831
...
009 (31108.000.000) 03/26 00:22:02 Job was aborted by the user.
	via condor_rm (by user xuezhwang2)
...
000 (31115.000.000) 03/26 00:24:02 Job submitted from host: <10.37.0.18:9618?addrs=10.37.0.18-9618+[--1]-9618&noUDP&sock=929_cb92_3>
...
001 (31115.000.000) 03/26 00:24:17 Job executing on host: <10.37.0.198:9618?addrs=10.37.0.198-9618+[--1]-9618&noUDP&sock=1061_5612_3>
...
006 (31115.000.000) 03/26 00:24:26 Image size of job updated: 1517436
	1152  -  MemoryUsage of job (MB)
	1179648  -  ResidentSetSize of job (KB)
...
006 (31115.000.000) 03/26 00:26:18 Image size of job updated: 10523904
	1153  -  MemoryUsage of job (MB)
	1180176  -  ResidentSetSize of job (KB)
...
005 (31115.000.000) 03/26 00:26:18 Job terminated.
	(1) Normal termination (return value 0)
		Usr 0 00:01:48, Sys 0 00:00:05  -  Run Remote Usage
		Usr 0 00:00:00, Sys 0 00:00:00  -  Run Local Usage
		Usr 0 00:01:48, Sys 0 00:00:05  -  Total Remote Usage
		Usr 0 00:00:00, Sys 0 00:00:00  -  Total Local Usage
	0  -  Run Bytes Sent By Job
	0  -  Run Bytes Received By Job
	0  -  Total Bytes Sent By Job
	0  -  Total Bytes Received By Job
	Partitionable Resources :    Usage  Request Allocated
	   Cpus                 :                 1         3
	   Disk (KB)            :        2        2 171544804
	   Gpus                 :                           1
	   Memory (MB)          :     1153        1    128831
...
000 (31125.000.000) 03/26 00:44:59 Job submitted from host: <10.37.0.18:9618?addrs=10.37.0.18-9618+[--1]-9618&noUDP&sock=929_cb92_3>
...
001 (31125.000.000) 03/26 00:45:19 Job executing on host: <10.37.0.198:9618?addrs=10.37.0.198-9618+[--1]-9618&noUDP&sock=1061_5612_3>
...
006 (31125.000.000) 03/26 00:45:28 Image size of job updated: 1081864
	798  -  MemoryUsage of job (MB)
	816940  -  ResidentSetSize of job (KB)
...
006 (31125.000.000) 03/26 00:46:36 Image size of job updated: 2306112
	798  -  MemoryUsage of job (MB)
	816940  -  ResidentSetSize of job (KB)
...
005 (31125.000.000) 03/26 00:46:36 Job terminated.
	(1) Normal termination (return value 0)
		Usr 0 00:01:07, Sys 0 00:00:03  -  Run Remote Usage
		Usr 0 00:00:00, Sys 0 00:00:00  -  Run Local Usage
		Usr 0 00:01:07, Sys 0 00:00:03  -  Total Remote Usage
		Usr 0 00:00:00, Sys 0 00:00:00  -  Total Local Usage
	0  -  Run Bytes Sent By Job
	0  -  Run Bytes Received By Job
	0  -  Total Bytes Sent By Job
	0  -  Total Bytes Received By Job
	Partitionable Resources :    Usage  Request Allocated
	   Cpus                 :                 1         3
	   Disk (KB)            :        2        2 171544804
	   Gpus                 :                           1
	   Memory (MB)          :      798        1    128831
...
000 (31137.000.000) 03/26 01:13:11 Job submitted from host: <10.37.0.18:9618?addrs=10.37.0.18-9618+[--1]-9618&noUDP&sock=929_cb92_3>
...
001 (31137.000.000) 03/26 01:13:31 Job executing on host: <10.37.0.198:9618?addrs=10.37.0.198-9618+[--1]-9618&noUDP&sock=1061_5612_3>
...
006 (31137.000.000) 03/26 01:13:39 Image size of job updated: 627684
	421  -  MemoryUsage of job (MB)
	430344  -  ResidentSetSize of job (KB)
...
006 (31137.000.000) 03/26 01:15:10 Image size of job updated: 2431460
	421  -  MemoryUsage of job (MB)
	430344  -  ResidentSetSize of job (KB)
...
005 (31137.000.000) 03/26 01:15:10 Job terminated.
	(1) Normal termination (return value 0)
		Usr 0 00:01:27, Sys 0 00:00:03  -  Run Remote Usage
		Usr 0 00:00:00, Sys 0 00:00:00  -  Run Local Usage
		Usr 0 00:01:27, Sys 0 00:00:03  -  Total Remote Usage
		Usr 0 00:00:00, Sys 0 00:00:00  -  Total Local Usage
	0  -  Run Bytes Sent By Job
	0  -  Run Bytes Received By Job
	0  -  Total Bytes Sent By Job
	0  -  Total Bytes Received By Job
	Partitionable Resources :    Usage  Request Allocated
	   Cpus                 :                 1         3
	   Disk (KB)            :        2        2 171544804
	   Gpus                 :                           1
	   Memory (MB)          :      421        1    128831
...
000 (31184.000.000) 03/26 17:58:36 Job submitted from host: <10.37.0.18:9618?addrs=10.37.0.18-9618+[--1]-9618&noUDP&sock=929_cb92_3>
...
001 (31184.000.000) 03/26 18:34:05 Job executing on host: <10.37.0.195:9618?addrs=10.37.0.195-9618+[--1]-9618&noUDP&sock=1059_f6e2_3>
...
006 (31184.000.000) 03/26 18:34:14 Image size of job updated: 1709120
	1655  -  MemoryUsage of job (MB)
	1693808  -  ResidentSetSize of job (KB)
...
006 (31184.000.000) 03/26 18:35:44 Image size of job updated: 1947968
	1655  -  MemoryUsage of job (MB)
	1693808  -  ResidentSetSize of job (KB)
...
005 (31184.000.000) 03/26 18:35:44 Job terminated.
	(1) Normal termination (return value 0)
		Usr 0 00:01:31, Sys 0 00:00:03  -  Run Remote Usage
		Usr 0 00:00:00, Sys 0 00:00:00  -  Run Local Usage
		Usr 0 00:01:31, Sys 0 00:00:03  -  Total Remote Usage
		Usr 0 00:00:00, Sys 0 00:00:00  -  Total Local Usage
	0  -  Run Bytes Sent By Job
	0  -  Run Bytes Received By Job
	0  -  Total Bytes Sent By Job
	0  -  Total Bytes Received By Job
	Partitionable Resources :    Usage  Request Allocated
	   Cpus                 :                 1         3
	   Disk (KB)            :        2        2 171434812
	   Gpus                 :                           1
	   Memory (MB)          :     1655        1     64319
...
000 (31221.000.000) 03/27 01:56:51 Job submitted from host: <10.37.0.18:9618?addrs=10.37.0.18-9618+[--1]-9618&noUDP&sock=929_cb92_3>
...
001 (31221.000.000) 03/27 01:58:05 Job executing on host: <10.37.0.195:9618?addrs=10.37.0.195-9618+[--1]-9618&noUDP&sock=1059_f6e2_3>
...
006 (31221.000.000) 03/27 01:58:13 Image size of job updated: 1712116
	1658  -  MemoryUsage of job (MB)
	1696804  -  ResidentSetSize of job (KB)
...
006 (31221.000.000) 03/27 01:59:06 Image size of job updated: 1801668
	1658  -  MemoryUsage of job (MB)
	1696804  -  ResidentSetSize of job (KB)
...
005 (31221.000.000) 03/27 01:59:07 Job terminated.
	(1) Normal termination (return value 0)
		Usr 0 00:00:56, Sys 0 00:00:02  -  Run Remote Usage
		Usr 0 00:00:00, Sys 0 00:00:00  -  Run Local Usage
		Usr 0 00:00:56, Sys 0 00:00:02  -  Total Remote Usage
		Usr 0 00:00:00, Sys 0 00:00:00  -  Total Local Usage
	0  -  Run Bytes Sent By Job
	0  -  Run Bytes Received By Job
	0  -  Total Bytes Sent By Job
	0  -  Total Bytes Received By Job
	Partitionable Resources :    Usage  Request Allocated
	   Cpus                 :                 1         3
	   Disk (KB)            :        2        2 171434812
	   Gpus                 :                           1
	   Memory (MB)          :     1658        1     64319
...
000 (31236.000.000) 03/27 02:55:24 Job submitted from host: <10.37.0.18:9618?addrs=10.37.0.18-9618+[--1]-9618&noUDP&sock=929_cb92_3>
...
001 (31236.000.000) 03/27 02:56:50 Job executing on host: <10.37.0.195:9618?addrs=10.37.0.195-9618+[--1]-9618&noUDP&sock=1059_f6e2_3>
...
006 (31236.000.000) 03/27 02:56:59 Image size of job updated: 1709328
	1655  -  MemoryUsage of job (MB)
	1694016  -  ResidentSetSize of job (KB)
...
006 (31236.000.000) 03/27 02:58:13 Image size of job updated: 1931304
	1655  -  MemoryUsage of job (MB)
	1694016  -  ResidentSetSize of job (KB)
...
005 (31236.000.000) 03/27 02:58:13 Job terminated.
	(1) Normal termination (return value 0)
		Usr 0 00:01:17, Sys 0 00:00:03  -  Run Remote Usage
		Usr 0 00:00:00, Sys 0 00:00:00  -  Run Local Usage
		Usr 0 00:01:17, Sys 0 00:00:03  -  Total Remote Usage
		Usr 0 00:00:00, Sys 0 00:00:00  -  Total Local Usage
	0  -  Run Bytes Sent By Job
	0  -  Run Bytes Received By Job
	0  -  Total Bytes Sent By Job
	0  -  Total Bytes Received By Job
	Partitionable Resources :    Usage  Request Allocated
	   Cpus                 :                 1         3
	   Disk (KB)            :        2        2 171434812
	   Gpus                 :                           1
	   Memory (MB)          :     1655        1     64319
...
000 (31246.000.000) 03/27 08:31:29 Job submitted from host: <10.37.0.18:9618?addrs=10.37.0.18-9618+[--1]-9618&noUDP&sock=929_cb92_3>
...
001 (31246.000.000) 03/27 08:32:51 Job executing on host: <10.37.0.195:9618?addrs=10.37.0.195-9618+[--1]-9618&noUDP&sock=1059_f6e2_3>
...
006 (31246.000.000) 03/27 08:32:59 Image size of job updated: 1708600
	1654  -  MemoryUsage of job (MB)
	1693288  -  ResidentSetSize of job (KB)
...
006 (31246.000.000) 03/27 08:33:56 Image size of job updated: 1806056
	1654  -  MemoryUsage of job (MB)
	1693288  -  ResidentSetSize of job (KB)
...
005 (31246.000.000) 03/27 08:33:56 Job terminated.
	(1) Normal termination (return value 0)
		Usr 0 00:01:00, Sys 0 00:00:02  -  Run Remote Usage
		Usr 0 00:00:00, Sys 0 00:00:00  -  Run Local Usage
		Usr 0 00:01:00, Sys 0 00:00:02  -  Total Remote Usage
		Usr 0 00:00:00, Sys 0 00:00:00  -  Total Local Usage
	0  -  Run Bytes Sent By Job
	0  -  Run Bytes Received By Job
	0  -  Total Bytes Sent By Job
	0  -  Total Bytes Received By Job
	Partitionable Resources :    Usage  Request Allocated
	   Cpus                 :                 1         3
	   Disk (KB)            :        2        2 171434812
	   Gpus                 :                           1
	   Memory (MB)          :     1654        1     64319
...
000 (31267.000.000) 03/27 14:25:25 Job submitted from host: <10.37.0.18:9618?addrs=10.37.0.18-9618+[--1]-9618&noUDP&sock=929_cb92_3>
...
001 (31267.000.000) 03/27 14:26:40 Job executing on host: <10.37.0.198:9618?addrs=10.37.0.198-9618+[--1]-9618&noUDP&sock=1061_5612_3>
...
006 (31267.000.000) 03/27 14:26:49 Image size of job updated: 1719980
	1665  -  MemoryUsage of job (MB)
	1704668  -  ResidentSetSize of job (KB)
...
006 (31267.000.000) 03/27 14:27:46 Image size of job updated: 1807904
	1665  -  MemoryUsage of job (MB)
	1704668  -  ResidentSetSize of job (KB)
...
005 (31267.000.000) 03/27 14:27:46 Job terminated.
	(1) Normal termination (return value 0)
		Usr 0 00:01:01, Sys 0 00:00:02  -  Run Remote Usage
		Usr 0 00:00:00, Sys 0 00:00:00  -  Run Local Usage
		Usr 0 00:01:01, Sys 0 00:00:02  -  Total Remote Usage
		Usr 0 00:00:00, Sys 0 00:00:00  -  Total Local Usage
	0  -  Run Bytes Sent By Job
	0  -  Run Bytes Received By Job
	0  -  Total Bytes Sent By Job
	0  -  Total Bytes Received By Job
	Partitionable Resources :    Usage  Request Allocated
	   Cpus                 :                 1         3
	   Disk (KB)            :        2        2 171544804
	   Gpus                 :                           1
	   Memory (MB)          :     1665        1    128831
...
000 (31280.000.000) 03/27 14:45:23 Job submitted from host: <10.37.0.18:9618?addrs=10.37.0.18-9618+[--1]-9618&noUDP&sock=929_cb92_3>
...
001 (31280.000.000) 03/27 14:48:24 Job executing on host: <10.37.0.195:9618?addrs=10.37.0.195-9618+[--1]-9618&noUDP&sock=1059_f6e2_3>
...
006 (31280.000.000) 03/27 14:48:32 Image size of job updated: 1717472
	1663  -  MemoryUsage of job (MB)
	1702160  -  ResidentSetSize of job (KB)
...
006 (31280.000.000) 03/27 14:49:32 Image size of job updated: 1812464
	1663  -  MemoryUsage of job (MB)
	1702160  -  ResidentSetSize of job (KB)
...
005 (31280.000.000) 03/27 14:49:32 Job terminated.
	(1) Normal termination (return value 0)
		Usr 0 00:01:02, Sys 0 00:00:02  -  Run Remote Usage
		Usr 0 00:00:00, Sys 0 00:00:00  -  Run Local Usage
		Usr 0 00:01:02, Sys 0 00:00:02  -  Total Remote Usage
		Usr 0 00:00:00, Sys 0 00:00:00  -  Total Local Usage
	0  -  Run Bytes Sent By Job
	0  -  Run Bytes Received By Job
	0  -  Total Bytes Sent By Job
	0  -  Total Bytes Received By Job
	Partitionable Resources :    Usage  Request Allocated
	   Cpus                 :                 1         3
	   Disk (KB)            :        2        2 171434812
	   Gpus                 :                           1
	   Memory (MB)          :     1663        1     64319
...
000 (31290.000.000) 03/27 15:03:53 Job submitted from host: <10.37.0.18:9618?addrs=10.37.0.18-9618+[--1]-9618&noUDP&sock=929_cb92_3>
...
001 (31290.000.000) 03/27 15:07:07 Job executing on host: <10.37.0.195:9618?addrs=10.37.0.195-9618+[--1]-9618&noUDP&sock=1059_f6e2_3>
...
006 (31290.000.000) 03/27 15:07:15 Image size of job updated: 1714832
	1660  -  MemoryUsage of job (MB)
	1699520  -  ResidentSetSize of job (KB)
...
006 (31290.000.000) 03/27 15:08:13 Image size of job updated: 1810652
	1660  -  MemoryUsage of job (MB)
	1699520  -  ResidentSetSize of job (KB)
...
005 (31290.000.000) 03/27 15:08:13 Job terminated.
	(1) Normal termination (return value 0)
		Usr 0 00:01:01, Sys 0 00:00:02  -  Run Remote Usage
		Usr 0 00:00:00, Sys 0 00:00:00  -  Run Local Usage
		Usr 0 00:01:01, Sys 0 00:00:02  -  Total Remote Usage
		Usr 0 00:00:00, Sys 0 00:00:00  -  Total Local Usage
	0  -  Run Bytes Sent By Job
	0  -  Run Bytes Received By Job
	0  -  Total Bytes Sent By Job
	0  -  Total Bytes Received By Job
	Partitionable Resources :    Usage  Request Allocated
	   Cpus                 :                 1         3
	   Disk (KB)            :        2        2 171434812
	   Gpus                 :                           1
	   Memory (MB)          :     1660        1     64319
...
000 (31302.000.000) 03/27 15:31:54 Job submitted from host: <10.37.0.18:9618?addrs=10.37.0.18-9618+[--1]-9618&noUDP&sock=929_cb92_3>
...
001 (31302.000.000) 03/27 15:36:12 Job executing on host: <10.37.0.195:9618?addrs=10.37.0.195-9618+[--1]-9618&noUDP&sock=1059_f6e2_3>
...
006 (31302.000.000) 03/27 15:36:21 Image size of job updated: 1708520
	1654  -  MemoryUsage of job (MB)
	1693208  -  ResidentSetSize of job (KB)
...
006 (31302.000.000) 03/27 15:37:28 Image size of job updated: 1816100
	1654  -  MemoryUsage of job (MB)
	1693208  -  ResidentSetSize of job (KB)
...
005 (31302.000.000) 03/27 15:37:28 Job terminated.
	(1) Normal termination (return value 0)
		Usr 0 00:01:10, Sys 0 00:00:02  -  Run Remote Usage
		Usr 0 00:00:00, Sys 0 00:00:00  -  Run Local Usage
		Usr 0 00:01:10, Sys 0 00:00:02  -  Total Remote Usage
		Usr 0 00:00:00, Sys 0 00:00:00  -  Total Local Usage
	0  -  Run Bytes Sent By Job
	0  -  Run Bytes Received By Job
	0  -  Total Bytes Sent By Job
	0  -  Total Bytes Received By Job
	Partitionable Resources :    Usage  Request Allocated
	   Cpus                 :                 1         3
	   Disk (KB)            :        2        2 171434812
	   Gpus                 :                           1
	   Memory (MB)          :     1654        1     64319
...
000 (24159.000.000) 03/27 15:54:04 Job submitted from host: <10.37.0.3:9618?addrs=10.37.0.3-9618+[--1]-9618&noUDP&sock=1289_b9aa_3>
...
001 (24159.000.000) 03/27 15:54:05 Job executing on host: <10.37.0.184:9618?addrs=10.37.0.184-9618+[--1]-9618&noUDP&sock=939_a785_3>
...
006 (24159.000.000) 03/27 15:54:14 Image size of job updated: 645568
	432  -  MemoryUsage of job (MB)
	442316  -  ResidentSetSize of job (KB)
...
006 (24159.000.000) 03/27 15:55:04 Image size of job updated: 2292960
	432  -  MemoryUsage of job (MB)
	442316  -  ResidentSetSize of job (KB)
...
005 (24159.000.000) 03/27 15:55:04 Job terminated.
	(1) Normal termination (return value 0)
		Usr 0 00:00:50, Sys 0 00:00:03  -  Run Remote Usage
		Usr 0 00:00:00, Sys 0 00:00:00  -  Run Local Usage
		Usr 0 00:00:50, Sys 0 00:00:03  -  Total Remote Usage
		Usr 0 00:00:00, Sys 0 00:00:00  -  Total Local Usage
	0  -  Run Bytes Sent By Job
	0  -  Run Bytes Received By Job
	0  -  Total Bytes Sent By Job
	0  -  Total Bytes Received By Job
	Partitionable Resources :    Usage  Request Allocated
	   Cpus                 :                 1        12
	   Disk (KB)            :        2        2 324794964
	   Gpus                 :                           2
	   Memory (MB)          :      432        1    257936
...
000 (24169.000.000) 03/27 16:10:56 Job submitted from host: <10.37.0.3:9618?addrs=10.37.0.3-9618+[--1]-9618&noUDP&sock=1289_b9aa_3>
...
001 (24169.000.000) 03/27 16:10:57 Job executing on host: <10.37.0.184:9618?addrs=10.37.0.184-9618+[--1]-9618&noUDP&sock=939_a785_3>
...
006 (24169.000.000) 03/27 16:11:05 Image size of job updated: 412392
	250  -  MemoryUsage of job (MB)
	255912  -  ResidentSetSize of job (KB)
...
006 (24169.000.000) 03/27 16:12:01 Image size of job updated: 15401128
	251  -  MemoryUsage of job (MB)
	256056  -  ResidentSetSize of job (KB)
...
005 (24169.000.000) 03/27 16:12:01 Job terminated.
	(1) Normal termination (return value 0)
		Usr 0 00:00:55, Sys 0 00:00:03  -  Run Remote Usage
		Usr 0 00:00:00, Sys 0 00:00:00  -  Run Local Usage
		Usr 0 00:00:55, Sys 0 00:00:03  -  Total Remote Usage
		Usr 0 00:00:00, Sys 0 00:00:00  -  Total Local Usage
	0  -  Run Bytes Sent By Job
	0  -  Run Bytes Received By Job
	0  -  Total Bytes Sent By Job
	0  -  Total Bytes Received By Job
	Partitionable Resources :    Usage  Request Allocated
	   Cpus                 :                 1        12
	   Disk (KB)            :        2        2 324794964
	   Gpus                 :                           2
	   Memory (MB)          :      251        1    257936
...
000 (24179.000.000) 03/27 16:25:49 Job submitted from host: <10.37.0.3:9618?addrs=10.37.0.3-9618+[--1]-9618&noUDP&sock=1289_b9aa_3>
...
001 (24179.000.000) 03/27 16:25:49 Job executing on host: <10.37.0.184:9618?addrs=10.37.0.184-9618+[--1]-9618&noUDP&sock=939_a785_3>
...
006 (24179.000.000) 03/27 16:25:58 Image size of job updated: 1016660
	737  -  MemoryUsage of job (MB)
	754380  -  ResidentSetSize of job (KB)
...
006 (24179.000.000) 03/27 16:27:03 Image size of job updated: 2317748
	739  -  MemoryUsage of job (MB)
	756712  -  ResidentSetSize of job (KB)
...
005 (24179.000.000) 03/27 16:27:03 Job terminated.
	(1) Normal termination (return value 0)
		Usr 0 00:01:06, Sys 0 00:00:04  -  Run Remote Usage
		Usr 0 00:00:00, Sys 0 00:00:00  -  Run Local Usage
		Usr 0 00:01:06, Sys 0 00:00:04  -  Total Remote Usage
		Usr 0 00:00:00, Sys 0 00:00:00  -  Total Local Usage
	0  -  Run Bytes Sent By Job
	0  -  Run Bytes Received By Job
	0  -  Total Bytes Sent By Job
	0  -  Total Bytes Received By Job
	Partitionable Resources :    Usage  Request Allocated
	   Cpus                 :                 1        12
	   Disk (KB)            :        2        2 324794964
	   Gpus                 :                           2
	   Memory (MB)          :      739        1    257936
...
000 (24189.000.000) 03/27 16:35:03 Job submitted from host: <10.37.0.3:9618?addrs=10.37.0.3-9618+[--1]-9618&noUDP&sock=1289_b9aa_3>
...
001 (24189.000.000) 03/27 16:35:03 Job executing on host: <10.37.0.184:9618?addrs=10.37.0.184-9618+[--1]-9618&noUDP&sock=939_a785_3>
...
006 (24189.000.000) 03/27 16:35:12 Image size of job updated: 1155112
	854  -  MemoryUsage of job (MB)
	873716  -  ResidentSetSize of job (KB)
...
006 (24189.000.000) 03/27 16:35:25 Image size of job updated: 2245040
	1694  -  MemoryUsage of job (MB)
	1734360  -  ResidentSetSize of job (KB)
...
004 (24189.000.000) 03/27 16:35:25 Job was evicted.
	(0) Job was not checkpointed.
		Usr 0 00:00:17, Sys 0 00:00:02  -  Run Remote Usage
		Usr 0 00:00:00, Sys 0 00:00:00  -  Run Local Usage
	0  -  Run Bytes Sent By Job
	0  -  Run Bytes Received By Job
	Partitionable Resources :    Usage  Request Allocated
	   Cpus                 :                 1        12
	   Disk (KB)            :        2        2 324794964
	   Gpus                 :                           2
	   Memory (MB)          :     1694        1    257936
...
009 (24189.000.000) 03/27 16:35:25 Job was aborted by the user.
	via condor_rm (by user xuezhwang2)
...
000 (24199.000.000) 03/27 16:35:55 Job submitted from host: <10.37.0.3:9618?addrs=10.37.0.3-9618+[--1]-9618&noUDP&sock=1289_b9aa_3>
...
001 (24199.000.000) 03/27 16:35:55 Job executing on host: <10.37.0.184:9618?addrs=10.37.0.184-9618+[--1]-9618&noUDP&sock=939_a785_3>
...
006 (24199.000.000) 03/27 16:36:04 Image size of job updated: 2229424
	1663  -  MemoryUsage of job (MB)
	1701964  -  ResidentSetSize of job (KB)
...
006 (24199.000.000) 03/27 16:36:56 Image size of job updated: 15409740
	1663  -  MemoryUsage of job (MB)
	1701964  -  ResidentSetSize of job (KB)
...
005 (24199.000.000) 03/27 16:36:56 Job terminated.
	(1) Normal termination (return value 0)
		Usr 0 00:00:58, Sys 0 00:00:03  -  Run Remote Usage
		Usr 0 00:00:00, Sys 0 00:00:00  -  Run Local Usage
		Usr 0 00:00:58, Sys 0 00:00:03  -  Total Remote Usage
		Usr 0 00:00:00, Sys 0 00:00:00  -  Total Local Usage
	0  -  Run Bytes Sent By Job
	0  -  Run Bytes Received By Job
	0  -  Total Bytes Sent By Job
	0  -  Total Bytes Received By Job
	Partitionable Resources :    Usage  Request Allocated
	   Cpus                 :                 1        12
	   Disk (KB)            :        2        2 324794964
	   Gpus                 :                           2
	   Memory (MB)          :     1663        1    257936
...
000 (24386.000.000) 03/30 16:23:01 Job submitted from host: <10.37.0.3:9618?addrs=10.37.0.3-9618+[--1]-9618&noUDP&sock=1289_b9aa_3>
...
001 (24386.000.000) 03/30 16:23:02 Job executing on host: <10.37.0.238:9618?addrs=10.37.0.238-9618+[--1]-9618&noUDP&sock=867_44b3_3>
...
006 (24386.000.000) 03/30 16:23:11 Image size of job updated: 1767664
	1341  -  MemoryUsage of job (MB)
	1372640  -  ResidentSetSize of job (KB)
...
006 (24386.000.000) 03/30 16:23:55 Image size of job updated: 2313208
	1342  -  MemoryUsage of job (MB)
	1373560  -  ResidentSetSize of job (KB)
...
005 (24386.000.000) 03/30 16:23:55 Job terminated.
	(1) Normal termination (return value 0)
		Usr 0 00:00:45, Sys 0 00:00:03  -  Run Remote Usage
		Usr 0 00:00:00, Sys 0 00:00:00  -  Run Local Usage
		Usr 0 00:00:45, Sys 0 00:00:03  -  Total Remote Usage
		Usr 0 00:00:00, Sys 0 00:00:00  -  Total Local Usage
	0  -  Run Bytes Sent By Job
	0  -  Run Bytes Received By Job
	0  -  Total Bytes Sent By Job
	0  -  Total Bytes Received By Job
	Partitionable Resources :    Usage  Request Allocated
	   Cpus                 :                 1         6
	   Disk (KB)            :        2        2 324820936
	   Gpus                 :                           1
	   Memory (MB)          :     1342        1    128913
...
000 (24389.000.000) 03/30 17:11:38 Job submitted from host: <10.37.0.3:9618?addrs=10.37.0.3-9618+[--1]-9618&noUDP&sock=1289_b9aa_3>
...
001 (24389.000.000) 03/30 17:11:38 Job executing on host: <10.37.0.186:9618?addrs=10.37.0.186-9618+[--1]-9618&noUDP&sock=935_e924_3>
...
006 (24389.000.000) 03/30 17:11:48 Image size of job updated: 638844
	428  -  MemoryUsage of job (MB)
	437988  -  ResidentSetSize of job (KB)
...
006 (24389.000.000) 03/30 17:12:45 Image size of job updated: 2317724
	428  -  MemoryUsage of job (MB)
	437988  -  ResidentSetSize of job (KB)
...
005 (24389.000.000) 03/30 17:12:45 Job terminated.
	(1) Normal termination (return value 0)
		Usr 0 00:00:57, Sys 0 00:00:03  -  Run Remote Usage
		Usr 0 00:00:00, Sys 0 00:00:00  -  Run Local Usage
		Usr 0 00:00:57, Sys 0 00:00:03  -  Total Remote Usage
		Usr 0 00:00:00, Sys 0 00:00:00  -  Total Local Usage
	0  -  Run Bytes Sent By Job
	0  -  Run Bytes Received By Job
	0  -  Total Bytes Sent By Job
	0  -  Total Bytes Received By Job
	Partitionable Resources :    Usage  Request Allocated
	   Cpus                 :                 1        12
	   Disk (KB)            :        2        2 324805332
	   Gpus                 :                           2
	   Memory (MB)          :      428        1    257936
...
000 (24399.000.000) 03/30 17:14:33 Job submitted from host: <10.37.0.3:9618?addrs=10.37.0.3-9618+[--1]-9618&noUDP&sock=1289_b9aa_3>
...
001 (24399.000.000) 03/30 17:14:33 Job executing on host: <10.37.0.186:9618?addrs=10.37.0.186-9618+[--1]-9618&noUDP&sock=935_e924_3>
...
006 (24399.000.000) 03/30 17:14:42 Image size of job updated: 1715636
	1661  -  MemoryUsage of job (MB)
	1700272  -  ResidentSetSize of job (KB)
...
005 (24399.000.000) 03/30 17:15:33 Job terminated.
	(1) Normal termination (return value 0)
		Usr 0 00:00:57, Sys 0 00:00:03  -  Run Remote Usage
		Usr 0 00:00:00, Sys 0 00:00:00  -  Run Local Usage
		Usr 0 00:00:57, Sys 0 00:00:03  -  Total Remote Usage
		Usr 0 00:00:00, Sys 0 00:00:00  -  Total Local Usage
	0  -  Run Bytes Sent By Job
	0  -  Run Bytes Received By Job
	0  -  Total Bytes Sent By Job
	0  -  Total Bytes Received By Job
	Partitionable Resources :    Usage  Request Allocated
	   Cpus                 :                 1        12
	   Disk (KB)            :        2        2 324805332
	   Gpus                 :                           2
	   Memory (MB)          :     1661        1    257936
...
000 (24411.000.000) 03/30 17:25:53 Job submitted from host: <10.37.0.3:9618?addrs=10.37.0.3-9618+[--1]-9618&noUDP&sock=1289_b9aa_3>
...
001 (24411.000.000) 03/30 17:25:53 Job executing on host: <10.37.0.186:9618?addrs=10.37.0.186-9618+[--1]-9618&noUDP&sock=935_e924_3>
...
006 (24411.000.000) 03/30 17:26:01 Image size of job updated: 315096
	166  -  MemoryUsage of job (MB)
	169216  -  ResidentSetSize of job (KB)
...
006 (24411.000.000) 03/30 17:27:02 Image size of job updated: 2317000
	166  -  MemoryUsage of job (MB)
	169296  -  ResidentSetSize of job (KB)
...
005 (24411.000.000) 03/30 17:27:02 Job terminated.
	(1) Normal termination (return value 0)
		Usr 0 00:00:57, Sys 0 00:00:03  -  Run Remote Usage
		Usr 0 00:00:00, Sys 0 00:00:00  -  Run Local Usage
		Usr 0 00:00:57, Sys 0 00:00:03  -  Total Remote Usage
		Usr 0 00:00:00, Sys 0 00:00:00  -  Total Local Usage
	0  -  Run Bytes Sent By Job
	0  -  Run Bytes Received By Job
	0  -  Total Bytes Sent By Job
	0  -  Total Bytes Received By Job
	Partitionable Resources :    Usage  Request Allocated
	   Cpus                 :                 1        12
	   Disk (KB)            :        2        2 324805332
	   Gpus                 :                           2
	   Memory (MB)          :      166        1    257936
...
