Running with seed:  4
Running ALG model
T: 19
Number of classes: 11
Total number of nodes: 2163
The number of nodes for label: 220
batch_sizes_per_class: [2 1 1 1 1 1 1 1 1 1 1 1 1 1 1 1 1 1 1]
batch_sizes: [22 11 11 11 11 11 11 11 11 11 11 11 11 11 11 11 11 11 11]
alphas: [1.0, 0.9965844930066698, 0.9863613034027223, 0.9694002659393304, 0.9458172417006346, 0.9157733266550574, 0.8794737512064891, 0.8371664782625287, 0.7891405093963936, 0.7357239106731317, 0.6772815716257411, 0.6142127126896679, 0.5469481581224269, 0.47594739303707345, 0.40169542465296953, 0.32469946920468357, 0.24548548714079924, 0.16459459028073375, 0.0825793454723324, 6.123233995736766e-17]
batch_epochs: [121 116 112 107 102  97  93  88  83  78  74  69  64  60  55  50  45  41
  36]

[STEP 1]: Upload hostg.class dataset.
| # of nodes : 2286
| # of edges : 38161.0
| # of features : (2286, 512)
| # of classes   : 11
number of nan: 0
Label distribution of the dataset:
0     778
1     506
2     433
3     127
4      92
5      64
6      50
7      50
8      29
9      21
10     13
dtype: int64
| # of maximum train set : 238
| # of all train set (including the val set): 1627
| # of val set   : 500
| # of test set  : 536
| # of labels : torch.Size([2163])
tested on a dropout graph with rate:  0.0
Number of edges after deletion:  38161.0
Size of training set:  1127
Size of validation set:  500
Size of test set:  536
xxxxxxxxxxxxxxxxxxxxxxxxxxxxxxxxxxx  Evaluation begin  xxxxxxxxxxxxxxxxxxxxxxxxxxxxxxxxxxxxxxxxxxxx
Validation loss decreased (inf --> 2.054).  Saving model ...
Validation loss decreased (2.054 --> 1.548).  Saving model ...
Validation loss decreased (1.548 --> 1.417).  Saving model ...
Validation loss decreased (1.417 --> 1.118).  Saving model ...
Validation loss decreased (1.118 --> 1.023).  Saving model ...
Validation loss decreased (1.023 --> 0.989).  Saving model ...
Validation loss decreased (0.989 --> 0.861).  Saving model ...
############################################################################
GCN Epoch 010
train_loss: 0.9591, val_loss: 0.7577, val_test: 0.8334
current val_acc: 0.7920 
current test_acc: 0.7612 
############################################################################
Validation loss decreased (0.861 --> 0.758).  Saving model ...
Validation loss decreased (0.758 --> 0.718).  Saving model ...
Validation loss decreased (0.718 --> 0.705).  Saving model ...
Validation loss decreased (0.705 --> 0.685).  Saving model ...
Validation loss decreased (0.685 --> 0.655).  Saving model ...
Validation loss decreased (0.655 --> 0.629).  Saving model ...
Validation loss decreased (0.629 --> 0.616).  Saving model ...
Validation loss decreased (0.616 --> 0.591).  Saving model ...
############################################################################
GCN Epoch 020
train_loss: 0.7231, val_loss: 0.5939, val_test: 0.6977
current val_acc: 0.8260 
current test_acc: 0.7929 
############################################################################
Validation loss decreased (0.591 --> 0.581).  Saving model ...
Validation loss decreased (0.581 --> 0.576).  Saving model ...
Validation loss decreased (0.576 --> 0.570).  Saving model ...
############################################################################
GCN Epoch 030
train_loss: 0.6820, val_loss: 0.5727, val_test: 0.6397
current val_acc: 0.8420 
current test_acc: 0.8078 
############################################################################
Validation loss decreased (0.570 --> 0.557).  Saving model ...
Validation loss decreased (0.557 --> 0.548).  Saving model ...
Validation loss decreased (0.548 --> 0.538).  Saving model ...
Validation loss decreased (0.538 --> 0.533).  Saving model ...
############################################################################
GCN Epoch 040
train_loss: 0.7084, val_loss: 0.5252, val_test: 0.6007
current val_acc: 0.8520 
current test_acc: 0.8358 
############################################################################
Validation loss decreased (0.533 --> 0.525).  Saving model ...
Validation loss decreased (0.525 --> 0.518).  Saving model ...
Validation loss decreased (0.518 --> 0.511).  Saving model ...
Validation loss decreased (0.511 --> 0.501).  Saving model ...
############################################################################
GCN Epoch 050
train_loss: 0.6228, val_loss: 0.5194, val_test: 0.6115
current val_acc: 0.8460 
current test_acc: 0.8116 
############################################################################
Validation loss decreased (0.501 --> 0.494).  Saving model ...
Validation loss decreased (0.494 --> 0.484).  Saving model ...
############################################################################
GCN Epoch 060
train_loss: 0.6278, val_loss: 0.4907, val_test: 0.5741
current val_acc: 0.8580 
current test_acc: 0.8209 
############################################################################
############################################################################
GCN Epoch 070
train_loss: 0.6127, val_loss: 0.4804, val_test: 0.5624
current val_acc: 0.8660 
current test_acc: 0.8414 
############################################################################
############################################################################
GCN Epoch 080
train_loss: 0.6312, val_loss: 0.4903, val_test: 0.5905
current val_acc: 0.8560 
current test_acc: 0.8321 
############################################################################
############################################################################
GCN Epoch 090
train_loss: 0.6428, val_loss: 0.4853, val_test: 0.5701
current val_acc: 0.8440 
current test_acc: 0.8134 
############################################################################
Validation loss decreased (0.484 --> 0.476).  Saving model ...
############################################################################
GCN Epoch 100
train_loss: 0.5982, val_loss: 0.5047, val_test: 0.5789
current val_acc: 0.8720 
current test_acc: 0.8396 
############################################################################
############################################################################
GCN Epoch 110
train_loss: 0.6570, val_loss: 0.5138, val_test: 0.5804
current val_acc: 0.8740 
current test_acc: 0.8470 
############################################################################
############################################################################
GCN Epoch 120
train_loss: 0.5860, val_loss: 0.4829, val_test: 0.5562
current val_acc: 0.8540 
current test_acc: 0.8228 
############################################################################
Validation loss decreased (0.476 --> 0.468).  Saving model ...
############################################################################
GCN Epoch 130
train_loss: 0.6270, val_loss: 0.5083, val_test: 0.5818
current val_acc: 0.8560 
current test_acc: 0.8284 
############################################################################
############################################################################
GCN Epoch 140
train_loss: 0.5881, val_loss: 0.5031, val_test: 0.6022
current val_acc: 0.8680 
current test_acc: 0.8172 
############################################################################
############################################################################
GCN Epoch 150
train_loss: 0.6260, val_loss: 0.5076, val_test: 0.5894
current val_acc: 0.8580 
current test_acc: 0.8246 
############################################################################
############################################################################
GCN Epoch 160
train_loss: 0.6318, val_loss: 0.4894, val_test: 0.5542
current val_acc: 0.8680 
current test_acc: 0.8377 
############################################################################
############################################################################
GCN Epoch 170
train_loss: 0.6426, val_loss: 0.4830, val_test: 0.5576
current val_acc: 0.8600 
current test_acc: 0.8340 
############################################################################
############################################################################
GCN Epoch 180
train_loss: 0.6062, val_loss: 0.4950, val_test: 0.5826
current val_acc: 0.8480 
current test_acc: 0.8153 
############################################################################
############################################################################
GCN Epoch 190
train_loss: 0.6258, val_loss: 0.4988, val_test: 0.5635
current val_acc: 0.8660 
current test_acc: 0.8396 
############################################################################
############################################################################
GCN Epoch 200
train_loss: 0.6321, val_loss: 0.4782, val_test: 0.5655
current val_acc: 0.8540 
current test_acc: 0.8172 
############################################################################
############################################################################
GCN Epoch 210
train_loss: 0.6057, val_loss: 0.4790, val_test: 0.5718
current val_acc: 0.8520 
current test_acc: 0.8172 
############################################################################
############################################################################
GCN Epoch 220
train_loss: 0.6197, val_loss: 0.4824, val_test: 0.5460
current val_acc: 0.8660 
current test_acc: 0.8396 
############################################################################
Early stopped at epoch:  223
Optimization Finished!
Test accuracy 0.8433
Total time elapsed: 2.0562s
Best 10 checkpoints
0.878 0.8507462686567164
0.876 0.8488805970149254
0.874 0.8432835820895522
0.872 0.8526119402985074
0.87 0.8451492537313433
0.868 0.8432835820895522
0.866 0.8395522388059702
0.864 0.833955223880597
0.862 0.833955223880597
0.86 0.8302238805970149
Confusion matrix for test set
Test accuracy of model with best validation metric: 
0.8507462686567164
xxxxxxxxxxxxxxxxxxxxxxxxxxxxxxxxxxxxxx  Evaluation end  xxxxxxxxxxxxxxxxxxxxxxxxxxxxxxxxxxxxxxxxxxx
